2023-08-29 13:56:18.384 [info] Log level: Info
2023-08-29 13:56:18.384 [info] Validating found git in: "git"
2023-08-29 13:56:18.384 [info] Using git "2.42.0" from "git"
2023-08-29 13:56:18.384 [info] > git rev-parse --show-toplevel [7ms]
2023-08-29 13:56:18.384 [info] > git rev-parse --git-dir --git-common-dir [3ms]
2023-08-29 13:56:18.384 [info] Open repository: /home/vymvn/notakeylogger
2023-08-29 13:56:18.408 [info] > git config --get commit.template [16ms]
2023-08-29 13:56:18.428 [info] > git rev-parse --show-toplevel [22ms]
2023-08-29 13:56:18.601 [info] > git for-each-ref --format=%(refname)%00%(upstream:short)%00%(objectname)%00%(upstream:track)%00%(upstream:remotename)%00%(upstream:remoteref) refs/heads/master refs/remotes/master [165ms]
2023-08-29 13:56:18.625 [info] > git status -z -uall [17ms]
2023-08-29 13:56:18.657 [info] > git config --get commit.template [3ms]
2023-08-29 13:56:18.657 [info] > git rev-parse --show-toplevel [13ms]
2023-08-29 13:56:18.727 [info] > git for-each-ref --format=%(refname)%00%(upstream:short)%00%(objectname)%00%(upstream:track)%00%(upstream:remotename)%00%(upstream:remoteref) refs/heads/master refs/remotes/master [62ms]
2023-08-29 13:56:18.735 [info] > git rev-parse --show-toplevel [9ms]
2023-08-29 13:56:18.738 [info] > git status -z -uall [4ms]
2023-08-29 13:56:18.749 [info] > git rev-parse --show-toplevel [3ms]
2023-08-29 13:56:18.756 [info] > git rev-parse --show-toplevel [1ms]
2023-08-29 13:56:18.924 [info] > git check-ignore -v -z --stdin [5ms]
2023-08-29 13:56:23.044 [info] Log level: Info
2023-08-29 13:56:23.044 [info] Validating found git in: "git"
2023-08-29 13:56:23.044 [info] Using git "2.42.0" from "git"
2023-08-29 13:56:23.047 [info] > git rev-parse --show-toplevel [9ms]
2023-08-29 13:56:23.151 [info] > git rev-parse --git-dir --git-common-dir [96ms]
2023-08-29 13:56:23.159 [info] Open repository: /home/vymvn/notakeylogger
2023-08-29 13:56:23.190 [info] > git config --get commit.template [15ms]
2023-08-29 13:56:23.193 [info] > git rev-parse --show-toplevel [5ms]
2023-08-29 13:56:23.201 [info] > git for-each-ref --format=%(refname)%00%(upstream:short)%00%(objectname)%00%(upstream:track)%00%(upstream:remotename)%00%(upstream:remoteref) refs/heads/master refs/remotes/master [1ms]
2023-08-29 13:56:23.218 [info] > git status -z -uall [11ms]
2023-08-29 13:56:23.219 [info] > git rev-parse --show-toplevel [5ms]
2023-08-29 13:56:23.234 [info] > git config --get commit.template [1ms]
2023-08-29 13:56:23.246 [info] > git rev-parse --show-toplevel [7ms]
2023-08-29 13:56:23.286 [info] > git for-each-ref --format=%(refname)%00%(upstream:short)%00%(objectname)%00%(upstream:track)%00%(upstream:remotename)%00%(upstream:remoteref) refs/heads/master refs/remotes/master [41ms]
2023-08-29 13:56:23.295 [info] > git status -z -uall [3ms]
2023-08-29 13:56:23.306 [info] > git rev-parse --show-toplevel [3ms]
2023-08-29 13:56:23.710 [info] > git check-ignore -v -z --stdin [5ms]
2023-08-29 13:56:33.065 [info] Log level: Info
2023-08-29 13:56:33.065 [info] Validating found git in: "git"
2023-08-29 13:56:33.065 [info] Using git "2.42.0" from "git"
2023-08-29 13:56:47.418 [info] > git rev-parse --show-toplevel [2ms]
2023-08-29 13:56:47.418 [info] fatal: not a git repository (or any of the parent directories): .git
2023-08-29 13:57:26.539 [info] Log level: Info
2023-08-29 13:57:26.539 [info] Validating found git in: "git"
2023-08-29 13:57:26.539 [info] Using git "2.42.0" from "git"
2023-08-29 13:57:26.544 [info] > git rev-parse --show-toplevel [7ms]
2023-08-29 13:57:26.544 [info] fatal: not a git repository (or any of the parent directories): .git
2023-08-29 13:59:26.291 [info] > git rev-parse --show-toplevel [4ms]
2023-08-29 13:59:26.291 [info] fatal: not a git repository (or any of the parent directories): .git
2023-08-29 14:02:44.231 [info] > git rev-parse --show-toplevel [3ms]
2023-08-29 14:02:44.231 [info] fatal: not a git repository (or any of the parent directories): .git
2023-08-29 14:02:54.328 [info] Log level: Info
2023-08-29 14:02:54.328 [info] Validating found git in: "git"
2023-08-29 14:02:54.328 [info] Using git "2.42.0" from "git"
