2023-09-30 18:08:37.641 [info] Log level: Info
2023-09-30 18:08:37.641 [info] Validating found git in: "git"
2023-09-30 18:08:37.641 [info] Using git "2.42.0" from "git"
2023-09-30 18:08:37.641 [info] > git rev-parse --show-toplevel [23ms]
2023-09-30 18:08:37.644 [info] > git rev-parse --git-dir --git-common-dir [185ms]
2023-09-30 18:08:37.654 [info] Open repository: /home/vymvn/dev/nfc-pi
2023-09-30 18:08:37.696 [info] > git rev-parse --show-toplevel [7ms]
2023-09-30 18:08:37.697 [info] > git config --get commit.template [17ms]
2023-09-30 18:08:37.732 [info] > git rev-parse --show-toplevel [13ms]
2023-09-30 18:08:37.743 [info] > git for-each-ref --format=%(refname)%00%(upstream:short)%00%(objectname)%00%(upstream:track)%00%(upstream:remotename)%00%(upstream:remoteref) refs/heads/main refs/remotes/main [12ms]
2023-09-30 18:08:37.758 [info] > git rev-parse --show-toplevel [16ms]
2023-09-30 18:08:37.772 [info] > git status -z -uall [18ms]
2023-09-30 18:08:37.797 [info] > git rev-parse --show-toplevel [27ms]
2023-09-30 18:08:37.810 [info] > git config --get commit.template [16ms]
2023-09-30 18:08:37.811 [info] > git rev-parse --show-toplevel [2ms]
2023-09-30 18:08:37.831 [info] > git for-each-ref --format=%(refname)%00%(upstream:short)%00%(objectname)%00%(upstream:track)%00%(upstream:remotename)%00%(upstream:remoteref) refs/heads/main refs/remotes/main [10ms]
2023-09-30 18:08:37.843 [info] > git rev-parse --show-toplevel [12ms]
2023-09-30 18:08:37.864 [info] > git status -z -uall [24ms]
2023-09-30 18:08:37.870 [info] > git rev-parse --show-toplevel [7ms]
2023-09-30 18:08:38.202 [info] > git show --textconv :main.py [14ms]
2023-09-30 18:08:38.202 [info] > git ls-files --stage -- /home/vymvn/dev/nfc-pi/main.py [3ms]
2023-09-30 18:08:38.211 [info] > git cat-file -s 4b9d054e0134c4bd5d3d4c75e963f5cd25d6e374 [2ms]
2023-09-30 18:08:38.365 [info] > git check-ignore -v -z --stdin [3ms]
