2023-09-04 16:08:47.151 [info] Added views:workbench.panel.markers.view in workbench.panel.markers
2023-09-04 16:08:47.152 [info] Added views:workbench.panel.output in workbench.panel.output
2023-09-04 16:08:47.152 [info] Added views:terminal in terminal
2023-09-04 16:08:47.152 [info] Added views:outline in workbench.view.explorer
2023-09-04 16:08:47.152 [info] Added views:workbench.scm in workbench.view.scm
2023-09-04 16:08:47.152 [info] Added views:workbench.view.search in workbench.view.search
2023-09-04 16:08:47.152 [info] Added views:timeline in workbench.view.explorer
2023-09-04 16:08:47.152 [info] Added views:workbench.explorer.fileView in workbench.view.explorer
2023-09-04 16:08:47.494 [info] Added views:workbench.debug.welcome in workbench.view.debug
2023-09-04 16:08:47.717 [info] Added views:sshHosts in workbench.view.remote
2023-09-04 16:08:47.718 [info] Added views:snyk.views.welcome,snyk.views.support in workbench.view.extension.snyk
2023-09-04 16:08:48.139 [info] Added views:workbench.panel.repl.view in workbench.panel.repl
2023-09-04 16:09:27.764 [info] Added views:workbench.panel.markers.view in workbench.panel.markers
2023-09-04 16:09:27.764 [info] Added views:workbench.panel.output in workbench.panel.output
2023-09-04 16:09:27.764 [info] Added views:terminal in terminal
2023-09-04 16:09:27.764 [info] Added views:outline in workbench.view.explorer
2023-09-04 16:09:27.764 [info] Added views:workbench.scm in workbench.view.scm
2023-09-04 16:09:27.764 [info] Added views:workbench.view.search in workbench.view.search
2023-09-04 16:09:27.764 [info] Added views:timeline in workbench.view.explorer
2023-09-04 16:09:27.764 [info] Added views:workbench.explorer.emptyView in workbench.view.explorer
2023-09-04 16:09:27.956 [info] Added views:workbench.debug.variablesView,workbench.debug.watchExpressionsView,workbench.debug.callStackView,workbench.debug.breakPointsView in workbench.view.debug
2023-09-04 16:09:28.083 [info] Added views:sshHosts in workbench.view.remote
2023-09-04 16:09:28.084 [info] Added views:snyk.views.welcome,snyk.views.support in workbench.view.extension.snyk
2023-09-04 16:09:28.325 [info] Added views:workbench.panel.repl.view in workbench.panel.repl
2023-09-04 16:09:28.327 [info] Removed views:workbench.debug.breakPointsView,workbench.debug.callStackView,workbench.debug.watchExpressionsView,workbench.debug.variablesView from workbench.view.debug
2023-09-04 16:09:28.327 [info] Added views:workbench.debug.welcome in workbench.view.debug
2023-09-04 16:09:33.982 [info] Added views:workbench.panel.markers.view in workbench.panel.markers
2023-09-04 16:09:33.982 [info] Added views:workbench.panel.output in workbench.panel.output
2023-09-04 16:09:33.982 [info] Added views:terminal in terminal
2023-09-04 16:09:33.982 [info] Added views:outline in workbench.view.explorer
2023-09-04 16:09:33.982 [info] Added views:workbench.scm in workbench.view.scm
2023-09-04 16:09:33.982 [info] Added views:workbench.view.search in workbench.view.search
2023-09-04 16:09:33.982 [info] Added views:timeline in workbench.view.explorer
2023-09-04 16:09:33.982 [info] Added views:workbench.explorer.emptyView in workbench.view.explorer
2023-09-04 16:09:34.146 [info] Added views:sshHosts in workbench.view.remote
2023-09-04 16:09:34.147 [info] Added views:snyk.views.welcome,snyk.views.support in workbench.view.extension.snyk
2023-09-04 16:09:34.289 [info] Added views:workbench.debug.welcome in workbench.view.debug
2023-09-04 16:09:34.420 [info] Added views:workbench.panel.repl.view in workbench.panel.repl
2023-09-04 16:09:45.510 [info] Added views:workbench.panel.output in workbench.panel.output
2023-09-04 16:09:45.510 [info] Added views:workbench.panel.markers.view in workbench.panel.markers
2023-09-04 16:09:45.510 [info] Added views:terminal in terminal
2023-09-04 16:09:45.510 [info] Added views:outline in workbench.view.explorer
2023-09-04 16:09:45.510 [info] Added views:workbench.scm in workbench.view.scm
2023-09-04 16:09:45.510 [info] Added views:workbench.view.search in workbench.view.search
2023-09-04 16:09:45.510 [info] Added views:timeline in workbench.view.explorer
2023-09-04 16:09:45.510 [info] Added views:workbench.explorer.fileView in workbench.view.explorer
2023-09-04 16:09:45.738 [info] Added views:sshHosts in workbench.view.remote
2023-09-04 16:09:45.739 [info] Added views:snyk.views.welcome,snyk.views.support in workbench.view.extension.snyk
2023-09-04 16:09:45.906 [info] Added views:workbench.debug.variablesView,workbench.debug.watchExpressionsView,workbench.debug.callStackView,workbench.debug.breakPointsView in workbench.view.debug
2023-09-04 16:09:45.959 [info] Added views:workbench.panel.repl.view in workbench.panel.repl
2023-09-04 16:09:45.960 [info] Removed views:workbench.debug.breakPointsView,workbench.debug.callStackView,workbench.debug.watchExpressionsView,workbench.debug.variablesView from workbench.view.debug
2023-09-04 16:09:45.961 [info] Added views:workbench.debug.welcome in workbench.view.debug
2023-09-04 16:09:52.033 [info] Added views:workbench.view.testing in workbench.view.extension.test
2023-09-04 16:10:10.215 [info] Added views:workbench.views.extensions.installed,workbench.views.extensions.popular,extensions.recommendedList in workbench.view.extensions
2023-09-04 16:10:10.226 [info] Removed views:workbench.views.extensions.popular from workbench.view.extensions
2023-09-04 16:10:12.539 [info] Removed views:extensions.recommendedList,workbench.views.extensions.installed from workbench.view.extensions
2023-09-04 16:10:12.555 [info] Added views:workbench.views.extensions.marketplace in workbench.view.extensions
2023-09-04 16:10:55.936 [info] Removed views:workbench.views.extensions.marketplace from workbench.view.extensions
2023-09-04 16:10:55.972 [info] Added views:workbench.views.extensions.installed,extensions.recommendedList in workbench.view.extensions
2023-09-04 16:11:00.076 [info] Removed views:extensions.recommendedList,workbench.views.extensions.installed from workbench.view.extensions
2023-09-04 16:11:00.123 [info] Added views:workbench.views.extensions.marketplace in workbench.view.extensions
2023-09-04 16:11:21.351 [info] Removed views:workbench.views.extensions.marketplace from workbench.view.extensions
2023-09-04 16:11:21.378 [info] Added views:workbench.views.extensions.installed,extensions.recommendedList in workbench.view.extensions
2023-09-04 16:11:25.990 [info] Removed views:extensions.recommendedList,workbench.views.extensions.installed from workbench.view.extensions
2023-09-04 16:11:26.031 [info] Added views:workbench.views.extensions.marketplace in workbench.view.extensions
2023-09-04 16:18:03.631 [info] Removed views:workbench.view.testing from workbench.view.extension.test
