2023-09-30 18:08:35.898 [info] Name: Ruff
2023-09-30 18:08:35.899 [info] Module: ruff
2023-09-30 18:08:35.899 [info] Python extension loading
2023-09-30 18:08:35.899 [info] Waiting for interpreter from python extension.
2023-09-30 18:08:35.899 [info] Python extension loaded
2023-09-30 18:08:35.899 [info] Server run command: /home/vymvn/dev/nfc-pi/venv/bin/python /home/vymvn/.vscode-oss/extensions/charliermarsh.ruff-2023.34.0-linux-x64/bundled/tool/server.py
2023-09-30 18:08:35.899 [info] Server: Start requested.
2023-09-30 18:08:37.174 [info] 2023-09-30 18:08:36,614 INFO Starting IO server

2023-09-30 18:08:37.208 [info] Workspace settings: [
    {
        "cwd": "/home/vymvn/dev/nfc-pi",
        "workspace": "file:///home/vymvn/dev/nfc-pi",
        "args": [],
        "path": [],
        "interpreter": [
            "/home/vymvn/dev/nfc-pi/venv/bin/python"
        ],
        "importStrategy": "fromEnvironment",
        "run": "onType",
        "codeAction": {
            "fixViolation": {
                "enable": true
            },
            "disableRuleComment": {
                "enable": true
            }
        },
        "enable": true,
        "organizeImports": true,
        "fixAll": true,
        "showNotifications": "off"
    }
]
2023-09-30 18:08:37.317 [info] Global settings: {
    "cwd": "/home/vymvn",
    "workspace": "/home/vymvn",
    "args": [],
    "path": [],
    "interpreter": [],
    "importStrategy": "fromEnvironment",
    "run": "onType",
    "codeAction": {
        "fixViolation": {
            "enable": true
        },
        "disableRuleComment": {
            "enable": true
        }
    },
    "enable": true,
    "organizeImports": true,
    "fixAll": true,
    "showNotifications": "off"
}
2023-09-30 18:08:37.424 [info] [Trace - 6:08:37 PM] Sending request 'textDocument/codeAction - (1)'.
2023-09-30 18:08:37.443 [info] [Trace - 6:08:37 PM] Received notification 'window/logMessage'.
2023-09-30 18:08:37.443 [info] Interpreter executable (/home/vymvn/dev/nfc-pi/venv/bin/ruff) not found
2023-09-30 18:08:37.460 [info] [Trace - 6:08:37 PM] Received notification 'window/logMessage'.
2023-09-30 18:08:37.461 [info] Using environment executable: /sbin/ruff
2023-09-30 18:08:37.462 [info] [Trace - 6:08:37 PM] Received notification 'window/logMessage'.
2023-09-30 18:08:37.462 [info] Running Ruff with: /sbin/ruff ['--force-exclude', '--no-cache', '--no-fix', '--quiet', '--format', 'json', '-', '--stdin-filename', '/home/vymvn/dev/nfc-pi/main.py']
2023-09-30 18:08:37.642 [info] [Trace - 6:08:37 PM] Received response 'textDocument/codeAction - (1)' in 218ms.
2023-09-30 18:08:37.690 [info] [Trace - 6:08:37 PM] Received notification 'textDocument/publishDiagnostics'.
2023-09-30 18:08:38.110 [info] [Trace - 6:08:38 PM] Sending request 'textDocument/codeAction - (2)'.
2023-09-30 18:08:38.114 [info] [Trace - 6:08:38 PM] Received response 'textDocument/codeAction - (2)' in 4ms.
2023-09-30 18:08:39.493 [info] [Trace - 6:08:39 PM] Sending notification 'textDocument/didChange'.
2023-09-30 18:08:39.501 [info] [Trace - 6:08:39 PM] Received notification 'window/logMessage'.
2023-09-30 18:08:39.502 [info] Interpreter executable (/home/vymvn/dev/nfc-pi/venv/bin/ruff) not found
2023-09-30 18:08:39.502 [info] [Trace - 6:08:39 PM] Received notification 'window/logMessage'.
2023-09-30 18:08:39.502 [info] Using environment executable: /sbin/ruff
2023-09-30 18:08:39.502 [info] [Trace - 6:08:39 PM] Received notification 'window/logMessage'.
2023-09-30 18:08:39.502 [info] Running Ruff with: /sbin/ruff ['--force-exclude', '--no-cache', '--no-fix', '--quiet', '--format', 'json', '-', '--stdin-filename', '/home/vymvn/dev/nfc-pi/main.py']
2023-09-30 18:08:39.520 [info] [Trace - 6:08:39 PM] Received notification 'textDocument/publishDiagnostics'.
2023-09-30 18:08:40.387 [info] [Trace - 6:08:40 PM] Sending notification 'textDocument/didChange'.
2023-09-30 18:08:40.394 [info] [Trace - 6:08:40 PM] Received notification 'window/logMessage'.
2023-09-30 18:08:40.394 [info] Interpreter executable (/home/vymvn/dev/nfc-pi/venv/bin/ruff) not found
2023-09-30 18:08:40.394 [info] [Trace - 6:08:40 PM] Received notification 'window/logMessage'.
2023-09-30 18:08:40.394 [info] Using environment executable: /sbin/ruff
2023-09-30 18:08:40.394 [info] [Trace - 6:08:40 PM] Received notification 'window/logMessage'.
2023-09-30 18:08:40.394 [info] Running Ruff with: /sbin/ruff ['--force-exclude', '--no-cache', '--no-fix', '--quiet', '--format', 'json', '-', '--stdin-filename', '/home/vymvn/dev/nfc-pi/main.py']
2023-09-30 18:08:40.400 [info] [Trace - 6:08:40 PM] Received notification 'textDocument/publishDiagnostics'.
2023-09-30 18:08:40.662 [info] [Trace - 6:08:40 PM] Sending request 'textDocument/codeAction - (3)'.
2023-09-30 18:08:40.664 [info] [Trace - 6:08:40 PM] Received response 'textDocument/codeAction - (3)' in 2ms.
2023-09-30 18:08:41.309 [info] [Trace - 6:08:41 PM] Sending request 'textDocument/codeAction - (4)'.
2023-09-30 18:08:41.312 [info] [Trace - 6:08:41 PM] Received response 'textDocument/codeAction - (4)' in 3ms.
2023-09-30 18:08:41.650 [info] [Trace - 6:08:41 PM] Sending request 'textDocument/codeAction - (5)'.
2023-09-30 18:08:41.652 [info] [Trace - 6:08:41 PM] Received response 'textDocument/codeAction - (5)' in 2ms.
2023-09-30 18:08:42.308 [info] [Trace - 6:08:42 PM] Sending request 'textDocument/hover - (6)'.
2023-09-30 18:08:42.311 [info] [Trace - 6:08:42 PM] Received response 'textDocument/hover - (6)' in 3ms.
2023-09-30 18:08:42.915 [info] [Trace - 6:08:42 PM] Sending request 'textDocument/hover - (7)'.
2023-09-30 18:08:42.917 [info] [Trace - 6:08:42 PM] Received response 'textDocument/hover - (7)' in 2ms.
2023-09-30 18:08:43.408 [info] [Trace - 6:08:43 PM] Sending request 'textDocument/codeAction - (8)'.
2023-09-30 18:08:43.410 [info] [Trace - 6:08:43 PM] Received response 'textDocument/codeAction - (8)' in 3ms.
2023-09-30 18:08:44.318 [info] [Trace - 6:08:44 PM] Sending request 'textDocument/codeAction - (9)'.
2023-09-30 18:08:44.323 [info] [Trace - 6:08:44 PM] Received response 'textDocument/codeAction - (9)' in 5ms.
2023-09-30 18:08:55.957 [info] [Trace - 6:08:55 PM] Sending request 'textDocument/hover - (10)'.
2023-09-30 18:08:55.959 [info] [Trace - 6:08:55 PM] Received response 'textDocument/hover - (10)' in 2ms.
2023-09-30 18:08:57.321 [info] [Trace - 6:08:57 PM] Sending request 'textDocument/hover - (11)'.
2023-09-30 18:08:57.323 [info] [Trace - 6:08:57 PM] Received response 'textDocument/hover - (11)' in 2ms.
2023-09-30 18:08:57.473 [info] [Trace - 6:08:57 PM] Sending request 'textDocument/codeAction - (12)'.
2023-09-30 18:08:57.478 [info] [Trace - 6:08:57 PM] Received response 'textDocument/codeAction - (12)' in 5ms.
2023-09-30 18:08:57.892 [info] [Trace - 6:08:57 PM] Sending request 'textDocument/codeAction - (13)'.
2023-09-30 18:08:57.894 [info] [Trace - 6:08:57 PM] Received response 'textDocument/codeAction - (13)' in 2ms.
2023-09-30 18:08:59.071 [info] [Trace - 6:08:59 PM] Sending request 'textDocument/hover - (14)'.
2023-09-30 18:08:59.073 [info] [Trace - 6:08:59 PM] Received response 'textDocument/hover - (14)' in 2ms.
2023-09-30 18:08:59.222 [info] [Trace - 6:08:59 PM] Sending request 'textDocument/codeAction - (15)'.
2023-09-30 18:08:59.224 [info] [Trace - 6:08:59 PM] Received response 'textDocument/codeAction - (15)' in 2ms.
2023-09-30 18:09:00.555 [info] [Trace - 6:09:00 PM] Sending request 'textDocument/codeAction - (16)'.
2023-09-30 18:09:00.557 [info] [Trace - 6:09:00 PM] Received response 'textDocument/codeAction - (16)' in 2ms.
2023-09-30 18:09:00.891 [info] [Trace - 6:09:00 PM] Sending request 'textDocument/hover - (17)'.
2023-09-30 18:09:00.893 [info] [Trace - 6:09:00 PM] Sending notification '$/cancelRequest'.
2023-09-30 18:09:00.898 [info] [Trace - 6:09:00 PM] Received response 'textDocument/hover - (17)' in 7ms.
2023-09-30 18:09:00.899 [info] 2023-09-30 18:09:00,898 WARNING Cancel notification for unknown message id "17"

2023-09-30 18:09:01.832 [info] [Trace - 6:09:01 PM] Sending request 'textDocument/codeAction - (18)'.
2023-09-30 18:09:01.834 [info] [Trace - 6:09:01 PM] Received response 'textDocument/codeAction - (18)' in 2ms.
2023-09-30 18:09:11.120 [info] [Trace - 6:09:11 PM] Sending request 'textDocument/codeAction - (19)'.
2023-09-30 18:09:11.123 [info] [Trace - 6:09:11 PM] Received response 'textDocument/codeAction - (19)' in 3ms.
2023-09-30 18:09:11.824 [info] [Trace - 6:09:11 PM] Sending notification 'textDocument/didChange'.
2023-09-30 18:09:11.829 [info] [Trace - 6:09:11 PM] Received notification 'window/logMessage'.
2023-09-30 18:09:11.829 [info] Interpreter executable (/home/vymvn/dev/nfc-pi/venv/bin/ruff) not found
2023-09-30 18:09:11.829 [info] [Trace - 6:09:11 PM] Received notification 'window/logMessage'.
2023-09-30 18:09:11.829 [info] Using environment executable: /sbin/ruff
2023-09-30 18:09:11.830 [info] [Trace - 6:09:11 PM] Received notification 'window/logMessage'.
2023-09-30 18:09:11.830 [info] Running Ruff with: /sbin/ruff ['--force-exclude', '--no-cache', '--no-fix', '--quiet', '--format', 'json', '-', '--stdin-filename', '/home/vymvn/dev/nfc-pi/main.py']
2023-09-30 18:09:11.839 [info] [Trace - 6:09:11 PM] Received notification 'textDocument/publishDiagnostics'.
2023-09-30 18:09:12.098 [info] [Trace - 6:09:12 PM] Sending request 'textDocument/codeAction - (20)'.
2023-09-30 18:09:12.102 [info] [Trace - 6:09:12 PM] Received response 'textDocument/codeAction - (20)' in 4ms.
2023-09-30 18:09:12.418 [info] [Trace - 6:09:12 PM] Sending notification 'textDocument/didChange'.
2023-09-30 18:09:12.420 [info] [Trace - 6:09:12 PM] Received notification 'window/logMessage'.
2023-09-30 18:09:12.420 [info] Interpreter executable (/home/vymvn/dev/nfc-pi/venv/bin/ruff) not found
2023-09-30 18:09:12.420 [info] [Trace - 6:09:12 PM] Received notification 'window/logMessage'.
2023-09-30 18:09:12.420 [info] Using environment executable: /sbin/ruff
2023-09-30 18:09:12.420 [info] [Trace - 6:09:12 PM] Received notification 'window/logMessage'.
2023-09-30 18:09:12.420 [info] Running Ruff with: /sbin/ruff ['--force-exclude', '--no-cache', '--no-fix', '--quiet', '--format', 'json', '-', '--stdin-filename', '/home/vymvn/dev/nfc-pi/main.py']
2023-09-30 18:09:12.424 [info] [Trace - 6:09:12 PM] Received notification 'textDocument/publishDiagnostics'.
2023-09-30 18:09:12.457 [info] [Trace - 6:09:12 PM] Sending notification 'textDocument/didChange'.
2023-09-30 18:09:12.459 [info] [Trace - 6:09:12 PM] Received notification 'window/logMessage'.
2023-09-30 18:09:12.459 [info] Interpreter executable (/home/vymvn/dev/nfc-pi/venv/bin/ruff) not found
2023-09-30 18:09:12.460 [info] [Trace - 6:09:12 PM] Received notification 'window/logMessage'.
2023-09-30 18:09:12.460 [info] Using environment executable: /sbin/ruff
2023-09-30 18:09:12.460 [info] [Trace - 6:09:12 PM] Received notification 'window/logMessage'.
2023-09-30 18:09:12.460 [info] Running Ruff with: /sbin/ruff ['--force-exclude', '--no-cache', '--no-fix', '--quiet', '--format', 'json', '-', '--stdin-filename', '/home/vymvn/dev/nfc-pi/main.py']
2023-09-30 18:09:12.464 [info] [Trace - 6:09:12 PM] Received notification 'textDocument/publishDiagnostics'.
2023-09-30 18:09:12.498 [info] [Trace - 6:09:12 PM] Sending notification 'textDocument/didChange'.
2023-09-30 18:09:12.500 [info] [Trace - 6:09:12 PM] Received notification 'window/logMessage'.
2023-09-30 18:09:12.500 [info] Interpreter executable (/home/vymvn/dev/nfc-pi/venv/bin/ruff) not found
2023-09-30 18:09:12.500 [info] [Trace - 6:09:12 PM] Received notification 'window/logMessage'.
2023-09-30 18:09:12.500 [info] Using environment executable: /sbin/ruff
2023-09-30 18:09:12.501 [info] [Trace - 6:09:12 PM] Received notification 'window/logMessage'.
2023-09-30 18:09:12.501 [info] Running Ruff with: /sbin/ruff ['--force-exclude', '--no-cache', '--no-fix', '--quiet', '--format', 'json', '-', '--stdin-filename', '/home/vymvn/dev/nfc-pi/main.py']
2023-09-30 18:09:12.504 [info] [Trace - 6:09:12 PM] Received notification 'textDocument/publishDiagnostics'.
2023-09-30 18:09:12.539 [info] [Trace - 6:09:12 PM] Sending notification 'textDocument/didChange'.
2023-09-30 18:09:12.541 [info] [Trace - 6:09:12 PM] Received notification 'window/logMessage'.
2023-09-30 18:09:12.541 [info] Interpreter executable (/home/vymvn/dev/nfc-pi/venv/bin/ruff) not found
2023-09-30 18:09:12.542 [info] [Trace - 6:09:12 PM] Received notification 'window/logMessage'.
2023-09-30 18:09:12.542 [info] Using environment executable: /sbin/ruff
2023-09-30 18:09:12.542 [info] [Trace - 6:09:12 PM] Received notification 'window/logMessage'.
2023-09-30 18:09:12.542 [info] Running Ruff with: /sbin/ruff ['--force-exclude', '--no-cache', '--no-fix', '--quiet', '--format', 'json', '-', '--stdin-filename', '/home/vymvn/dev/nfc-pi/main.py']
2023-09-30 18:09:12.546 [info] [Trace - 6:09:12 PM] Received notification 'textDocument/publishDiagnostics'.
2023-09-30 18:09:12.581 [info] [Trace - 6:09:12 PM] Sending notification 'textDocument/didChange'.
2023-09-30 18:09:12.583 [info] [Trace - 6:09:12 PM] Received notification 'window/logMessage'.
2023-09-30 18:09:12.583 [info] Interpreter executable (/home/vymvn/dev/nfc-pi/venv/bin/ruff) not found
2023-09-30 18:09:12.583 [info] [Trace - 6:09:12 PM] Received notification 'window/logMessage'.
2023-09-30 18:09:12.583 [info] Using environment executable: /sbin/ruff
2023-09-30 18:09:12.584 [info] [Trace - 6:09:12 PM] Received notification 'window/logMessage'.
2023-09-30 18:09:12.584 [info] Running Ruff with: /sbin/ruff ['--force-exclude', '--no-cache', '--no-fix', '--quiet', '--format', 'json', '-', '--stdin-filename', '/home/vymvn/dev/nfc-pi/main.py']
2023-09-30 18:09:12.588 [info] [Trace - 6:09:12 PM] Received notification 'textDocument/publishDiagnostics'.
2023-09-30 18:09:12.620 [info] [Trace - 6:09:12 PM] Sending notification 'textDocument/didChange'.
2023-09-30 18:09:12.622 [info] [Trace - 6:09:12 PM] Received notification 'window/logMessage'.
2023-09-30 18:09:12.622 [info] Interpreter executable (/home/vymvn/dev/nfc-pi/venv/bin/ruff) not found
2023-09-30 18:09:12.623 [info] [Trace - 6:09:12 PM] Received notification 'window/logMessage'.
2023-09-30 18:09:12.623 [info] Using environment executable: /sbin/ruff
2023-09-30 18:09:12.623 [info] [Trace - 6:09:12 PM] Received notification 'window/logMessage'.
2023-09-30 18:09:12.623 [info] Running Ruff with: /sbin/ruff ['--force-exclude', '--no-cache', '--no-fix', '--quiet', '--format', 'json', '-', '--stdin-filename', '/home/vymvn/dev/nfc-pi/main.py']
2023-09-30 18:09:12.628 [info] [Trace - 6:09:12 PM] Received notification 'textDocument/publishDiagnostics'.
2023-09-30 18:09:12.659 [info] [Trace - 6:09:12 PM] Sending notification 'textDocument/didChange'.
2023-09-30 18:09:12.661 [info] [Trace - 6:09:12 PM] Received notification 'window/logMessage'.
2023-09-30 18:09:12.661 [info] Interpreter executable (/home/vymvn/dev/nfc-pi/venv/bin/ruff) not found
2023-09-30 18:09:12.661 [info] [Trace - 6:09:12 PM] Received notification 'window/logMessage'.
2023-09-30 18:09:12.661 [info] Using environment executable: /sbin/ruff
2023-09-30 18:09:12.661 [info] [Trace - 6:09:12 PM] Received notification 'window/logMessage'.
2023-09-30 18:09:12.662 [info] Running Ruff with: /sbin/ruff ['--force-exclude', '--no-cache', '--no-fix', '--quiet', '--format', 'json', '-', '--stdin-filename', '/home/vymvn/dev/nfc-pi/main.py']
2023-09-30 18:09:12.665 [info] [Trace - 6:09:12 PM] Received notification 'textDocument/publishDiagnostics'.
2023-09-30 18:09:12.699 [info] [Trace - 6:09:12 PM] Sending notification 'textDocument/didChange'.
2023-09-30 18:09:12.701 [info] [Trace - 6:09:12 PM] Received notification 'window/logMessage'.
2023-09-30 18:09:12.701 [info] Interpreter executable (/home/vymvn/dev/nfc-pi/venv/bin/ruff) not found
2023-09-30 18:09:12.701 [info] [Trace - 6:09:12 PM] Received notification 'window/logMessage'.
2023-09-30 18:09:12.701 [info] Using environment executable: /sbin/ruff
2023-09-30 18:09:12.701 [info] [Trace - 6:09:12 PM] Received notification 'window/logMessage'.
2023-09-30 18:09:12.701 [info] Running Ruff with: /sbin/ruff ['--force-exclude', '--no-cache', '--no-fix', '--quiet', '--format', 'json', '-', '--stdin-filename', '/home/vymvn/dev/nfc-pi/main.py']
2023-09-30 18:09:12.706 [info] [Trace - 6:09:12 PM] Received notification 'textDocument/publishDiagnostics'.
2023-09-30 18:09:12.739 [info] [Trace - 6:09:12 PM] Sending notification 'textDocument/didChange'.
2023-09-30 18:09:12.742 [info] [Trace - 6:09:12 PM] Received notification 'window/logMessage'.
2023-09-30 18:09:12.742 [info] Interpreter executable (/home/vymvn/dev/nfc-pi/venv/bin/ruff) not found
2023-09-30 18:09:12.742 [info] [Trace - 6:09:12 PM] Received notification 'window/logMessage'.
2023-09-30 18:09:12.742 [info] Using environment executable: /sbin/ruff
2023-09-30 18:09:12.743 [info] [Trace - 6:09:12 PM] Received notification 'window/logMessage'.
2023-09-30 18:09:12.743 [info] Running Ruff with: /sbin/ruff ['--force-exclude', '--no-cache', '--no-fix', '--quiet', '--format', 'json', '-', '--stdin-filename', '/home/vymvn/dev/nfc-pi/main.py']
2023-09-30 18:09:12.747 [info] [Trace - 6:09:12 PM] Received notification 'textDocument/publishDiagnostics'.
2023-09-30 18:09:12.778 [info] [Trace - 6:09:12 PM] Sending notification 'textDocument/didChange'.
2023-09-30 18:09:12.781 [info] [Trace - 6:09:12 PM] Received notification 'window/logMessage'.
2023-09-30 18:09:12.781 [info] Interpreter executable (/home/vymvn/dev/nfc-pi/venv/bin/ruff) not found
2023-09-30 18:09:12.781 [info] [Trace - 6:09:12 PM] Received notification 'window/logMessage'.
2023-09-30 18:09:12.781 [info] Using environment executable: /sbin/ruff
2023-09-30 18:09:12.781 [info] [Trace - 6:09:12 PM] Received notification 'window/logMessage'.
2023-09-30 18:09:12.781 [info] Running Ruff with: /sbin/ruff ['--force-exclude', '--no-cache', '--no-fix', '--quiet', '--format', 'json', '-', '--stdin-filename', '/home/vymvn/dev/nfc-pi/main.py']
2023-09-30 18:09:12.786 [info] [Trace - 6:09:12 PM] Received notification 'textDocument/publishDiagnostics'.
2023-09-30 18:09:12.820 [info] [Trace - 6:09:12 PM] Sending notification 'textDocument/didChange'.
2023-09-30 18:09:12.823 [info] [Trace - 6:09:12 PM] Received notification 'window/logMessage'.
2023-09-30 18:09:12.823 [info] Interpreter executable (/home/vymvn/dev/nfc-pi/venv/bin/ruff) not found
2023-09-30 18:09:12.823 [info] [Trace - 6:09:12 PM] Received notification 'window/logMessage'.
2023-09-30 18:09:12.823 [info] Using environment executable: /sbin/ruff
2023-09-30 18:09:12.823 [info] [Trace - 6:09:12 PM] Received notification 'window/logMessage'.
2023-09-30 18:09:12.823 [info] Running Ruff with: /sbin/ruff ['--force-exclude', '--no-cache', '--no-fix', '--quiet', '--format', 'json', '-', '--stdin-filename', '/home/vymvn/dev/nfc-pi/main.py']
2023-09-30 18:09:12.828 [info] [Trace - 6:09:12 PM] Received notification 'textDocument/publishDiagnostics'.
2023-09-30 18:09:12.871 [info] [Trace - 6:09:12 PM] Sending notification 'textDocument/didChange'.
2023-09-30 18:09:12.874 [info] [Trace - 6:09:12 PM] Received notification 'window/logMessage'.
2023-09-30 18:09:12.874 [info] Interpreter executable (/home/vymvn/dev/nfc-pi/venv/bin/ruff) not found
2023-09-30 18:09:12.874 [info] [Trace - 6:09:12 PM] Received notification 'window/logMessage'.
2023-09-30 18:09:12.874 [info] Using environment executable: /sbin/ruff
2023-09-30 18:09:12.874 [info] [Trace - 6:09:12 PM] Received notification 'window/logMessage'.
2023-09-30 18:09:12.874 [info] Running Ruff with: /sbin/ruff ['--force-exclude', '--no-cache', '--no-fix', '--quiet', '--format', 'json', '-', '--stdin-filename', '/home/vymvn/dev/nfc-pi/main.py']
2023-09-30 18:09:12.879 [info] [Trace - 6:09:12 PM] Received notification 'textDocument/publishDiagnostics'.
2023-09-30 18:09:12.900 [info] [Trace - 6:09:12 PM] Sending notification 'textDocument/didChange'.
2023-09-30 18:09:12.903 [info] [Trace - 6:09:12 PM] Received notification 'window/logMessage'.
2023-09-30 18:09:12.903 [info] Interpreter executable (/home/vymvn/dev/nfc-pi/venv/bin/ruff) not found
2023-09-30 18:09:12.903 [info] [Trace - 6:09:12 PM] Received notification 'window/logMessage'.
2023-09-30 18:09:12.903 [info] Using environment executable: /sbin/ruff
2023-09-30 18:09:12.904 [info] [Trace - 6:09:12 PM] Received notification 'window/logMessage'.
2023-09-30 18:09:12.904 [info] Running Ruff with: /sbin/ruff ['--force-exclude', '--no-cache', '--no-fix', '--quiet', '--format', 'json', '-', '--stdin-filename', '/home/vymvn/dev/nfc-pi/main.py']
2023-09-30 18:09:12.910 [info] [Trace - 6:09:12 PM] Received notification 'textDocument/publishDiagnostics'.
2023-09-30 18:09:12.941 [info] [Trace - 6:09:12 PM] Sending notification 'textDocument/didChange'.
2023-09-30 18:09:12.943 [info] [Trace - 6:09:12 PM] Received notification 'window/logMessage'.
2023-09-30 18:09:12.943 [info] Interpreter executable (/home/vymvn/dev/nfc-pi/venv/bin/ruff) not found
2023-09-30 18:09:12.943 [info] [Trace - 6:09:12 PM] Received notification 'window/logMessage'.
2023-09-30 18:09:12.943 [info] Using environment executable: /sbin/ruff
2023-09-30 18:09:12.943 [info] [Trace - 6:09:12 PM] Received notification 'window/logMessage'.
2023-09-30 18:09:12.943 [info] Running Ruff with: /sbin/ruff ['--force-exclude', '--no-cache', '--no-fix', '--quiet', '--format', 'json', '-', '--stdin-filename', '/home/vymvn/dev/nfc-pi/main.py']
2023-09-30 18:09:12.947 [info] [Trace - 6:09:12 PM] Received notification 'textDocument/publishDiagnostics'.
2023-09-30 18:09:12.980 [info] [Trace - 6:09:12 PM] Sending notification 'textDocument/didChange'.
2023-09-30 18:09:12.982 [info] [Trace - 6:09:12 PM] Received notification 'window/logMessage'.
2023-09-30 18:09:12.982 [info] Interpreter executable (/home/vymvn/dev/nfc-pi/venv/bin/ruff) not found
2023-09-30 18:09:12.982 [info] [Trace - 6:09:12 PM] Received notification 'window/logMessage'.
2023-09-30 18:09:12.982 [info] Using environment executable: /sbin/ruff
2023-09-30 18:09:12.982 [info] [Trace - 6:09:12 PM] Received notification 'window/logMessage'.
2023-09-30 18:09:12.982 [info] Running Ruff with: /sbin/ruff ['--force-exclude', '--no-cache', '--no-fix', '--quiet', '--format', 'json', '-', '--stdin-filename', '/home/vymvn/dev/nfc-pi/main.py']
2023-09-30 18:09:12.987 [info] [Trace - 6:09:12 PM] Received notification 'textDocument/publishDiagnostics'.
2023-09-30 18:09:13.021 [info] [Trace - 6:09:13 PM] Sending notification 'textDocument/didChange'.
2023-09-30 18:09:13.025 [info] [Trace - 6:09:13 PM] Received notification 'window/logMessage'.
2023-09-30 18:09:13.025 [info] Interpreter executable (/home/vymvn/dev/nfc-pi/venv/bin/ruff) not found
2023-09-30 18:09:13.025 [info] [Trace - 6:09:13 PM] Received notification 'window/logMessage'.
2023-09-30 18:09:13.025 [info] Using environment executable: /sbin/ruff
2023-09-30 18:09:13.025 [info] [Trace - 6:09:13 PM] Received notification 'window/logMessage'.
2023-09-30 18:09:13.025 [info] Running Ruff with: /sbin/ruff ['--force-exclude', '--no-cache', '--no-fix', '--quiet', '--format', 'json', '-', '--stdin-filename', '/home/vymvn/dev/nfc-pi/main.py']
2023-09-30 18:09:13.029 [info] [Trace - 6:09:13 PM] Received notification 'textDocument/publishDiagnostics'.
2023-09-30 18:09:13.060 [info] [Trace - 6:09:13 PM] Sending notification 'textDocument/didChange'.
2023-09-30 18:09:13.062 [info] [Trace - 6:09:13 PM] Received notification 'window/logMessage'.
2023-09-30 18:09:13.062 [info] Interpreter executable (/home/vymvn/dev/nfc-pi/venv/bin/ruff) not found
2023-09-30 18:09:13.063 [info] [Trace - 6:09:13 PM] Received notification 'window/logMessage'.
2023-09-30 18:09:13.063 [info] Using environment executable: /sbin/ruff
2023-09-30 18:09:13.063 [info] [Trace - 6:09:13 PM] Received notification 'window/logMessage'.
2023-09-30 18:09:13.063 [info] Running Ruff with: /sbin/ruff ['--force-exclude', '--no-cache', '--no-fix', '--quiet', '--format', 'json', '-', '--stdin-filename', '/home/vymvn/dev/nfc-pi/main.py']
2023-09-30 18:09:13.067 [info] [Trace - 6:09:13 PM] Received notification 'textDocument/publishDiagnostics'.
2023-09-30 18:09:13.100 [info] [Trace - 6:09:13 PM] Sending notification 'textDocument/didChange'.
2023-09-30 18:09:13.103 [info] [Trace - 6:09:13 PM] Received notification 'window/logMessage'.
2023-09-30 18:09:13.103 [info] Interpreter executable (/home/vymvn/dev/nfc-pi/venv/bin/ruff) not found
2023-09-30 18:09:13.103 [info] [Trace - 6:09:13 PM] Received notification 'window/logMessage'.
2023-09-30 18:09:13.103 [info] Using environment executable: /sbin/ruff
2023-09-30 18:09:13.103 [info] [Trace - 6:09:13 PM] Received notification 'window/logMessage'.
2023-09-30 18:09:13.103 [info] Running Ruff with: /sbin/ruff ['--force-exclude', '--no-cache', '--no-fix', '--quiet', '--format', 'json', '-', '--stdin-filename', '/home/vymvn/dev/nfc-pi/main.py']
2023-09-30 18:09:13.108 [info] [Trace - 6:09:13 PM] Received notification 'textDocument/publishDiagnostics'.
2023-09-30 18:09:13.141 [info] [Trace - 6:09:13 PM] Sending notification 'textDocument/didChange'.
2023-09-30 18:09:13.144 [info] [Trace - 6:09:13 PM] Received notification 'window/logMessage'.
2023-09-30 18:09:13.144 [info] Interpreter executable (/home/vymvn/dev/nfc-pi/venv/bin/ruff) not found
2023-09-30 18:09:13.144 [info] [Trace - 6:09:13 PM] Received notification 'window/logMessage'.
2023-09-30 18:09:13.144 [info] Using environment executable: /sbin/ruff
2023-09-30 18:09:13.144 [info] [Trace - 6:09:13 PM] Received notification 'window/logMessage'.
2023-09-30 18:09:13.144 [info] Running Ruff with: /sbin/ruff ['--force-exclude', '--no-cache', '--no-fix', '--quiet', '--format', 'json', '-', '--stdin-filename', '/home/vymvn/dev/nfc-pi/main.py']
2023-09-30 18:09:13.147 [info] [Trace - 6:09:13 PM] Received notification 'textDocument/publishDiagnostics'.
2023-09-30 18:09:13.179 [info] [Trace - 6:09:13 PM] Sending notification 'textDocument/didChange'.
2023-09-30 18:09:13.181 [info] [Trace - 6:09:13 PM] Received notification 'window/logMessage'.
2023-09-30 18:09:13.181 [info] Interpreter executable (/home/vymvn/dev/nfc-pi/venv/bin/ruff) not found
2023-09-30 18:09:13.181 [info] [Trace - 6:09:13 PM] Received notification 'window/logMessage'.
2023-09-30 18:09:13.181 [info] Using environment executable: /sbin/ruff
2023-09-30 18:09:13.181 [info] [Trace - 6:09:13 PM] Received notification 'window/logMessage'.
2023-09-30 18:09:13.181 [info] Running Ruff with: /sbin/ruff ['--force-exclude', '--no-cache', '--no-fix', '--quiet', '--format', 'json', '-', '--stdin-filename', '/home/vymvn/dev/nfc-pi/main.py']
2023-09-30 18:09:13.185 [info] [Trace - 6:09:13 PM] Received notification 'textDocument/publishDiagnostics'.
2023-09-30 18:09:13.221 [info] [Trace - 6:09:13 PM] Sending notification 'textDocument/didChange'.
2023-09-30 18:09:13.228 [info] [Trace - 6:09:13 PM] Received notification 'window/logMessage'.
2023-09-30 18:09:13.228 [info] Interpreter executable (/home/vymvn/dev/nfc-pi/venv/bin/ruff) not found
2023-09-30 18:09:13.228 [info] [Trace - 6:09:13 PM] Received notification 'window/logMessage'.
2023-09-30 18:09:13.228 [info] Using environment executable: /sbin/ruff
2023-09-30 18:09:13.228 [info] [Trace - 6:09:13 PM] Received notification 'window/logMessage'.
2023-09-30 18:09:13.228 [info] Running Ruff with: /sbin/ruff ['--force-exclude', '--no-cache', '--no-fix', '--quiet', '--format', 'json', '-', '--stdin-filename', '/home/vymvn/dev/nfc-pi/main.py']
2023-09-30 18:09:13.232 [info] [Trace - 6:09:13 PM] Received notification 'textDocument/publishDiagnostics'.
2023-09-30 18:09:13.259 [info] [Trace - 6:09:13 PM] Sending notification 'textDocument/didChange'.
2023-09-30 18:09:13.261 [info] [Trace - 6:09:13 PM] Received notification 'window/logMessage'.
2023-09-30 18:09:13.261 [info] Interpreter executable (/home/vymvn/dev/nfc-pi/venv/bin/ruff) not found
2023-09-30 18:09:13.261 [info] [Trace - 6:09:13 PM] Received notification 'window/logMessage'.
2023-09-30 18:09:13.261 [info] Using environment executable: /sbin/ruff
2023-09-30 18:09:13.261 [info] [Trace - 6:09:13 PM] Received notification 'window/logMessage'.
2023-09-30 18:09:13.261 [info] Running Ruff with: /sbin/ruff ['--force-exclude', '--no-cache', '--no-fix', '--quiet', '--format', 'json', '-', '--stdin-filename', '/home/vymvn/dev/nfc-pi/main.py']
2023-09-30 18:09:13.267 [info] [Trace - 6:09:13 PM] Received notification 'textDocument/publishDiagnostics'.
2023-09-30 18:09:13.301 [info] [Trace - 6:09:13 PM] Sending notification 'textDocument/didChange'.
2023-09-30 18:09:13.303 [info] [Trace - 6:09:13 PM] Received notification 'window/logMessage'.
2023-09-30 18:09:13.303 [info] Interpreter executable (/home/vymvn/dev/nfc-pi/venv/bin/ruff) not found
2023-09-30 18:09:13.303 [info] [Trace - 6:09:13 PM] Received notification 'window/logMessage'.
2023-09-30 18:09:13.303 [info] Using environment executable: /sbin/ruff
2023-09-30 18:09:13.303 [info] [Trace - 6:09:13 PM] Received notification 'window/logMessage'.
2023-09-30 18:09:13.303 [info] Running Ruff with: /sbin/ruff ['--force-exclude', '--no-cache', '--no-fix', '--quiet', '--format', 'json', '-', '--stdin-filename', '/home/vymvn/dev/nfc-pi/main.py']
2023-09-30 18:09:13.309 [info] [Trace - 6:09:13 PM] Received notification 'textDocument/publishDiagnostics'.
2023-09-30 18:09:13.341 [info] [Trace - 6:09:13 PM] Sending notification 'textDocument/didChange'.
2023-09-30 18:09:13.344 [info] [Trace - 6:09:13 PM] Received notification 'window/logMessage'.
2023-09-30 18:09:13.344 [info] Interpreter executable (/home/vymvn/dev/nfc-pi/venv/bin/ruff) not found
2023-09-30 18:09:13.344 [info] [Trace - 6:09:13 PM] Received notification 'window/logMessage'.
2023-09-30 18:09:13.344 [info] Using environment executable: /sbin/ruff
2023-09-30 18:09:13.345 [info] [Trace - 6:09:13 PM] Received notification 'window/logMessage'.
2023-09-30 18:09:13.345 [info] Running Ruff with: /sbin/ruff ['--force-exclude', '--no-cache', '--no-fix', '--quiet', '--format', 'json', '-', '--stdin-filename', '/home/vymvn/dev/nfc-pi/main.py']
2023-09-30 18:09:13.350 [info] [Trace - 6:09:13 PM] Received notification 'textDocument/publishDiagnostics'.
2023-09-30 18:09:13.379 [info] [Trace - 6:09:13 PM] Sending notification 'textDocument/didChange'.
2023-09-30 18:09:13.381 [info] [Trace - 6:09:13 PM] Received notification 'window/logMessage'.
2023-09-30 18:09:13.382 [info] Interpreter executable (/home/vymvn/dev/nfc-pi/venv/bin/ruff) not found
2023-09-30 18:09:13.382 [info] [Trace - 6:09:13 PM] Received notification 'window/logMessage'.
2023-09-30 18:09:13.382 [info] Using environment executable: /sbin/ruff
2023-09-30 18:09:13.382 [info] [Trace - 6:09:13 PM] Received notification 'window/logMessage'.
2023-09-30 18:09:13.382 [info] Running Ruff with: /sbin/ruff ['--force-exclude', '--no-cache', '--no-fix', '--quiet', '--format', 'json', '-', '--stdin-filename', '/home/vymvn/dev/nfc-pi/main.py']
2023-09-30 18:09:13.386 [info] [Trace - 6:09:13 PM] Received notification 'textDocument/publishDiagnostics'.
2023-09-30 18:09:13.420 [info] [Trace - 6:09:13 PM] Sending notification 'textDocument/didChange'.
2023-09-30 18:09:13.422 [info] [Trace - 6:09:13 PM] Received notification 'window/logMessage'.
2023-09-30 18:09:13.422 [info] Interpreter executable (/home/vymvn/dev/nfc-pi/venv/bin/ruff) not found
2023-09-30 18:09:13.422 [info] [Trace - 6:09:13 PM] Received notification 'window/logMessage'.
2023-09-30 18:09:13.422 [info] Using environment executable: /sbin/ruff
2023-09-30 18:09:13.422 [info] [Trace - 6:09:13 PM] Received notification 'window/logMessage'.
2023-09-30 18:09:13.422 [info] Running Ruff with: /sbin/ruff ['--force-exclude', '--no-cache', '--no-fix', '--quiet', '--format', 'json', '-', '--stdin-filename', '/home/vymvn/dev/nfc-pi/main.py']
2023-09-30 18:09:13.426 [info] [Trace - 6:09:13 PM] Received notification 'textDocument/publishDiagnostics'.
2023-09-30 18:09:13.460 [info] [Trace - 6:09:13 PM] Sending notification 'textDocument/didChange'.
2023-09-30 18:09:13.462 [info] [Trace - 6:09:13 PM] Received notification 'window/logMessage'.
2023-09-30 18:09:13.462 [info] Interpreter executable (/home/vymvn/dev/nfc-pi/venv/bin/ruff) not found
2023-09-30 18:09:13.462 [info] [Trace - 6:09:13 PM] Received notification 'window/logMessage'.
2023-09-30 18:09:13.462 [info] Using environment executable: /sbin/ruff
2023-09-30 18:09:13.462 [info] [Trace - 6:09:13 PM] Received notification 'window/logMessage'.
2023-09-30 18:09:13.462 [info] Running Ruff with: /sbin/ruff ['--force-exclude', '--no-cache', '--no-fix', '--quiet', '--format', 'json', '-', '--stdin-filename', '/home/vymvn/dev/nfc-pi/main.py']
2023-09-30 18:09:13.468 [info] [Trace - 6:09:13 PM] Received notification 'textDocument/publishDiagnostics'.
2023-09-30 18:09:13.500 [info] [Trace - 6:09:13 PM] Sending notification 'textDocument/didChange'.
2023-09-30 18:09:13.503 [info] [Trace - 6:09:13 PM] Received notification 'window/logMessage'.
2023-09-30 18:09:13.503 [info] Interpreter executable (/home/vymvn/dev/nfc-pi/venv/bin/ruff) not found
2023-09-30 18:09:13.503 [info] [Trace - 6:09:13 PM] Received notification 'window/logMessage'.
2023-09-30 18:09:13.503 [info] Using environment executable: /sbin/ruff
2023-09-30 18:09:13.504 [info] [Trace - 6:09:13 PM] Received notification 'window/logMessage'.
2023-09-30 18:09:13.504 [info] Running Ruff with: /sbin/ruff ['--force-exclude', '--no-cache', '--no-fix', '--quiet', '--format', 'json', '-', '--stdin-filename', '/home/vymvn/dev/nfc-pi/main.py']
2023-09-30 18:09:13.511 [info] [Trace - 6:09:13 PM] Received notification 'textDocument/publishDiagnostics'.
2023-09-30 18:09:13.542 [info] [Trace - 6:09:13 PM] Sending notification 'textDocument/didChange'.
2023-09-30 18:09:13.544 [info] [Trace - 6:09:13 PM] Received notification 'window/logMessage'.
2023-09-30 18:09:13.544 [info] Interpreter executable (/home/vymvn/dev/nfc-pi/venv/bin/ruff) not found
2023-09-30 18:09:13.545 [info] [Trace - 6:09:13 PM] Received notification 'window/logMessage'.
2023-09-30 18:09:13.545 [info] Using environment executable: /sbin/ruff
2023-09-30 18:09:13.545 [info] [Trace - 6:09:13 PM] Received notification 'window/logMessage'.
2023-09-30 18:09:13.545 [info] Running Ruff with: /sbin/ruff ['--force-exclude', '--no-cache', '--no-fix', '--quiet', '--format', 'json', '-', '--stdin-filename', '/home/vymvn/dev/nfc-pi/main.py']
2023-09-30 18:09:13.551 [info] [Trace - 6:09:13 PM] Received notification 'textDocument/publishDiagnostics'.
2023-09-30 18:09:13.581 [info] [Trace - 6:09:13 PM] Sending notification 'textDocument/didChange'.
2023-09-30 18:09:13.583 [info] [Trace - 6:09:13 PM] Received notification 'window/logMessage'.
2023-09-30 18:09:13.583 [info] Interpreter executable (/home/vymvn/dev/nfc-pi/venv/bin/ruff) not found
2023-09-30 18:09:13.583 [info] [Trace - 6:09:13 PM] Received notification 'window/logMessage'.
2023-09-30 18:09:13.583 [info] Using environment executable: /sbin/ruff
2023-09-30 18:09:13.583 [info] [Trace - 6:09:13 PM] Received notification 'window/logMessage'.
2023-09-30 18:09:13.583 [info] Running Ruff with: /sbin/ruff ['--force-exclude', '--no-cache', '--no-fix', '--quiet', '--format', 'json', '-', '--stdin-filename', '/home/vymvn/dev/nfc-pi/main.py']
2023-09-30 18:09:13.592 [info] [Trace - 6:09:13 PM] Received notification 'textDocument/publishDiagnostics'.
2023-09-30 18:09:13.755 [info] [Trace - 6:09:13 PM] Sending notification 'textDocument/didChange'.
2023-09-30 18:09:13.757 [info] [Trace - 6:09:13 PM] Received notification 'window/logMessage'.
2023-09-30 18:09:13.757 [info] Interpreter executable (/home/vymvn/dev/nfc-pi/venv/bin/ruff) not found
2023-09-30 18:09:13.757 [info] [Trace - 6:09:13 PM] Received notification 'window/logMessage'.
2023-09-30 18:09:13.757 [info] Using environment executable: /sbin/ruff
2023-09-30 18:09:13.757 [info] [Trace - 6:09:13 PM] Received notification 'window/logMessage'.
2023-09-30 18:09:13.757 [info] Running Ruff with: /sbin/ruff ['--force-exclude', '--no-cache', '--no-fix', '--quiet', '--format', 'json', '-', '--stdin-filename', '/home/vymvn/dev/nfc-pi/main.py']
2023-09-30 18:09:13.764 [info] [Trace - 6:09:13 PM] Received notification 'textDocument/publishDiagnostics'.
2023-09-30 18:09:13.956 [info] [Trace - 6:09:13 PM] Sending notification 'textDocument/didChange'.
2023-09-30 18:09:13.958 [info] [Trace - 6:09:13 PM] Received notification 'window/logMessage'.
2023-09-30 18:09:13.958 [info] Interpreter executable (/home/vymvn/dev/nfc-pi/venv/bin/ruff) not found
2023-09-30 18:09:13.959 [info] [Trace - 6:09:13 PM] Received notification 'window/logMessage'.
2023-09-30 18:09:13.959 [info] Using environment executable: /sbin/ruff
2023-09-30 18:09:13.959 [info] [Trace - 6:09:13 PM] Received notification 'window/logMessage'.
2023-09-30 18:09:13.959 [info] Running Ruff with: /sbin/ruff ['--force-exclude', '--no-cache', '--no-fix', '--quiet', '--format', 'json', '-', '--stdin-filename', '/home/vymvn/dev/nfc-pi/main.py']
2023-09-30 18:09:13.968 [info] [Trace - 6:09:13 PM] Received notification 'textDocument/publishDiagnostics'.
2023-09-30 18:09:14.263 [info] [Trace - 6:09:14 PM] Sending notification 'textDocument/didChange'.
2023-09-30 18:09:14.266 [info] [Trace - 6:09:14 PM] Received notification 'window/logMessage'.
2023-09-30 18:09:14.266 [info] Interpreter executable (/home/vymvn/dev/nfc-pi/venv/bin/ruff) not found
2023-09-30 18:09:14.266 [info] [Trace - 6:09:14 PM] Received notification 'window/logMessage'.
2023-09-30 18:09:14.266 [info] Using environment executable: /sbin/ruff
2023-09-30 18:09:14.266 [info] [Trace - 6:09:14 PM] Received notification 'window/logMessage'.
2023-09-30 18:09:14.266 [info] Running Ruff with: /sbin/ruff ['--force-exclude', '--no-cache', '--no-fix', '--quiet', '--format', 'json', '-', '--stdin-filename', '/home/vymvn/dev/nfc-pi/main.py']
2023-09-30 18:09:14.276 [info] [Trace - 6:09:14 PM] Received notification 'textDocument/publishDiagnostics'.
2023-09-30 18:09:14.646 [info] [Trace - 6:09:14 PM] Sending notification 'textDocument/didChange'.
2023-09-30 18:09:14.649 [info] [Trace - 6:09:14 PM] Received notification 'window/logMessage'.
2023-09-30 18:09:14.649 [info] Interpreter executable (/home/vymvn/dev/nfc-pi/venv/bin/ruff) not found
2023-09-30 18:09:14.649 [info] [Trace - 6:09:14 PM] Received notification 'window/logMessage'.
2023-09-30 18:09:14.649 [info] Using environment executable: /sbin/ruff
2023-09-30 18:09:14.649 [info] [Trace - 6:09:14 PM] Received notification 'window/logMessage'.
2023-09-30 18:09:14.649 [info] Running Ruff with: /sbin/ruff ['--force-exclude', '--no-cache', '--no-fix', '--quiet', '--format', 'json', '-', '--stdin-filename', '/home/vymvn/dev/nfc-pi/main.py']
2023-09-30 18:09:14.657 [info] [Trace - 6:09:14 PM] Received notification 'textDocument/publishDiagnostics'.
2023-09-30 18:09:14.910 [info] [Trace - 6:09:14 PM] Sending request 'textDocument/codeAction - (21)'.
2023-09-30 18:09:14.912 [info] [Trace - 6:09:14 PM] Received response 'textDocument/codeAction - (21)' in 2ms.
2023-09-30 18:09:15.307 [info] [Trace - 6:09:15 PM] Sending request 'textDocument/codeAction - (22)'.
2023-09-30 18:09:15.309 [info] [Trace - 6:09:15 PM] Received response 'textDocument/codeAction - (22)' in 2ms.
2023-09-30 18:09:15.901 [info] [Trace - 6:09:15 PM] Sending request 'textDocument/codeAction - (23)'.
2023-09-30 18:09:15.903 [info] [Trace - 6:09:15 PM] Received response 'textDocument/codeAction - (23)' in 2ms.
2023-09-30 18:09:17.514 [info] [Trace - 6:09:17 PM] Sending request 'shutdown - (24)'.
2023-09-30 18:09:17.536 [info] [Trace - 6:09:17 PM] Received response 'shutdown - (24)' in 43ms.
2023-09-30 18:09:17.536 [info] [Trace - 6:09:17 PM] Sending notification 'exit'.
