2023-09-09 16:05:02.639 [info] Name: Ruff
2023-09-09 16:05:02.639 [info] Module: ruff
2023-09-09 16:05:02.639 [info] Python extension loading
2023-09-09 16:05:02.639 [info] Waiting for interpreter from python extension.
2023-09-09 16:05:02.639 [info] Python extension loaded
2023-09-09 16:05:02.639 [info] Server run command: /home/vymvn/dev/nfc-pi/venv/bin/python /home/vymvn/.vscode-oss/extensions/charliermarsh.ruff-2023.34.0-linux-x64/bundled/tool/server.py
2023-09-09 16:05:02.639 [info] Server: Start requested.
2023-09-09 16:05:04.415 [info] 2023-09-09 16:05:03,734 INFO Starting IO server

2023-09-09 16:05:04.437 [info] Workspace settings: [
    {
        "cwd": "/home/vymvn/dev/nfc-pi",
        "workspace": "file:///home/vymvn/dev/nfc-pi",
        "args": [],
        "path": [],
        "interpreter": [
            "/home/vymvn/dev/nfc-pi/venv/bin/python"
        ],
        "importStrategy": "fromEnvironment",
        "run": "onType",
        "codeAction": {
            "fixViolation": {
                "enable": true
            },
            "disableRuleComment": {
                "enable": true
            }
        },
        "enable": true,
        "organizeImports": true,
        "fixAll": true,
        "showNotifications": "off"
    }
]
2023-09-09 16:05:04.509 [info] Global settings: {
    "cwd": "/home/vymvn",
    "workspace": "/home/vymvn",
    "args": [],
    "path": [],
    "interpreter": [],
    "importStrategy": "fromEnvironment",
    "run": "onType",
    "codeAction": {
        "fixViolation": {
            "enable": true
        },
        "disableRuleComment": {
            "enable": true
        }
    },
    "enable": true,
    "organizeImports": true,
    "fixAll": true,
    "showNotifications": "off"
}
2023-09-09 16:05:04.550 [info] [Trace - 4:05:04 PM] Received notification 'window/logMessage'.
2023-09-09 16:05:04.550 [info] Interpreter executable (/home/vymvn/dev/nfc-pi/venv/bin/ruff) not found
2023-09-09 16:05:04.551 [info] [Trace - 4:05:04 PM] Received notification 'window/logMessage'.
2023-09-09 16:05:04.551 [info] Using environment executable: /sbin/ruff
2023-09-09 16:05:04.551 [info] [Trace - 4:05:04 PM] Received notification 'window/logMessage'.
2023-09-09 16:05:04.551 [info] Running Ruff with: /sbin/ruff ['--force-exclude', '--no-cache', '--no-fix', '--quiet', '--format', 'json', '-', '--stdin-filename', '/home/vymvn/dev/nfc-pi/main.py']
2023-09-09 16:05:04.657 [info] [Trace - 4:05:04 PM] Received notification 'textDocument/publishDiagnostics'.
2023-09-09 16:05:05.766 [info] [Trace - 4:05:05 PM] Sending notification 'textDocument/didChange'.
2023-09-09 16:05:05.775 [info] [Trace - 4:05:05 PM] Received notification 'window/logMessage'.
2023-09-09 16:05:05.775 [info] Interpreter executable (/home/vymvn/dev/nfc-pi/venv/bin/ruff) not found
2023-09-09 16:05:05.775 [info] [Trace - 4:05:05 PM] Received notification 'window/logMessage'.
2023-09-09 16:05:05.775 [info] Using environment executable: /sbin/ruff
2023-09-09 16:05:05.775 [info] [Trace - 4:05:05 PM] Received notification 'window/logMessage'.
2023-09-09 16:05:05.775 [info] Running Ruff with: /sbin/ruff ['--force-exclude', '--no-cache', '--no-fix', '--quiet', '--format', 'json', '-', '--stdin-filename', '/home/vymvn/dev/nfc-pi/main.py']
2023-09-09 16:05:05.782 [info] [Trace - 4:05:05 PM] Received notification 'textDocument/publishDiagnostics'.
2023-09-09 16:05:06.186 [info] [Trace - 4:05:06 PM] Sending notification 'textDocument/didChange'.
2023-09-09 16:05:06.190 [info] [Trace - 4:05:06 PM] Received notification 'window/logMessage'.
2023-09-09 16:05:06.190 [info] Interpreter executable (/home/vymvn/dev/nfc-pi/venv/bin/ruff) not found
2023-09-09 16:05:06.190 [info] [Trace - 4:05:06 PM] Received notification 'window/logMessage'.
2023-09-09 16:05:06.190 [info] Using environment executable: /sbin/ruff
2023-09-09 16:05:06.191 [info] [Trace - 4:05:06 PM] Received notification 'window/logMessage'.
2023-09-09 16:05:06.191 [info] Running Ruff with: /sbin/ruff ['--force-exclude', '--no-cache', '--no-fix', '--quiet', '--format', 'json', '-', '--stdin-filename', '/home/vymvn/dev/nfc-pi/main.py']
2023-09-09 16:05:06.196 [info] [Trace - 4:05:06 PM] Received notification 'textDocument/publishDiagnostics'.
2023-09-09 16:05:06.455 [info] [Trace - 4:05:06 PM] Sending request 'textDocument/codeAction - (1)'.
2023-09-09 16:05:06.467 [info] [Trace - 4:05:06 PM] Received response 'textDocument/codeAction - (1)' in 12ms.
2023-09-09 16:05:07.445 [info] [Trace - 4:05:07 PM] Sending request 'textDocument/codeAction - (2)'.
2023-09-09 16:05:07.449 [info] [Trace - 4:05:07 PM] Received response 'textDocument/codeAction - (2)' in 4ms.
2023-09-09 16:05:07.996 [info] [Trace - 4:05:07 PM] Sending notification 'textDocument/didChange'.
2023-09-09 16:05:07.999 [info] [Trace - 4:05:07 PM] Received notification 'window/logMessage'.
2023-09-09 16:05:07.999 [info] Interpreter executable (/home/vymvn/dev/nfc-pi/venv/bin/ruff) not found
2023-09-09 16:05:07.999 [info] [Trace - 4:05:07 PM] Received notification 'window/logMessage'.
2023-09-09 16:05:07.999 [info] Using environment executable: /sbin/ruff
2023-09-09 16:05:07.999 [info] [Trace - 4:05:07 PM] Received notification 'window/logMessage'.
2023-09-09 16:05:07.999 [info] Running Ruff with: /sbin/ruff ['--force-exclude', '--no-cache', '--no-fix', '--quiet', '--format', 'json', '-', '--stdin-filename', '/home/vymvn/dev/nfc-pi/main.py']
2023-09-09 16:05:08.004 [info] [Trace - 4:05:08 PM] Received notification 'textDocument/publishDiagnostics'.
2023-09-09 16:05:08.264 [info] [Trace - 4:05:08 PM] Sending request 'textDocument/codeAction - (3)'.
2023-09-09 16:05:08.266 [info] [Trace - 4:05:08 PM] Received response 'textDocument/codeAction - (3)' in 2ms.
2023-09-09 16:05:08.291 [info] [Trace - 4:05:08 PM] Sending notification 'textDocument/didChange'.
2023-09-09 16:05:08.297 [info] [Trace - 4:05:08 PM] Received notification 'window/logMessage'.
2023-09-09 16:05:08.297 [info] Interpreter executable (/home/vymvn/dev/nfc-pi/venv/bin/ruff) not found
2023-09-09 16:05:08.297 [info] [Trace - 4:05:08 PM] Received notification 'window/logMessage'.
2023-09-09 16:05:08.297 [info] Using environment executable: /sbin/ruff
2023-09-09 16:05:08.297 [info] [Trace - 4:05:08 PM] Received notification 'window/logMessage'.
2023-09-09 16:05:08.297 [info] Running Ruff with: /sbin/ruff ['--force-exclude', '--no-cache', '--no-fix', '--quiet', '--format', 'json', '-', '--stdin-filename', '/home/vymvn/dev/nfc-pi/main.py']
2023-09-09 16:05:08.308 [info] [Trace - 4:05:08 PM] Received notification 'textDocument/publishDiagnostics'.
2023-09-09 16:05:08.568 [info] [Trace - 4:05:08 PM] Sending request 'textDocument/codeAction - (4)'.
2023-09-09 16:05:08.572 [info] [Trace - 4:05:08 PM] Received response 'textDocument/codeAction - (4)' in 3ms.
2023-09-09 16:05:08.889 [info] [Trace - 4:05:08 PM] Sending notification 'textDocument/didChange'.
2023-09-09 16:05:08.891 [info] [Trace - 4:05:08 PM] Received notification 'window/logMessage'.
2023-09-09 16:05:08.891 [info] Interpreter executable (/home/vymvn/dev/nfc-pi/venv/bin/ruff) not found
2023-09-09 16:05:08.892 [info] [Trace - 4:05:08 PM] Received notification 'window/logMessage'.
2023-09-09 16:05:08.892 [info] Using environment executable: /sbin/ruff
2023-09-09 16:05:08.893 [info] [Trace - 4:05:08 PM] Received notification 'window/logMessage'.
2023-09-09 16:05:08.893 [info] Running Ruff with: /sbin/ruff ['--force-exclude', '--no-cache', '--no-fix', '--quiet', '--format', 'json', '-', '--stdin-filename', '/home/vymvn/dev/nfc-pi/main.py']
2023-09-09 16:05:08.898 [info] [Trace - 4:05:08 PM] Received notification 'textDocument/publishDiagnostics'.
2023-09-09 16:05:08.928 [info] [Trace - 4:05:08 PM] Sending notification 'textDocument/didChange'.
2023-09-09 16:05:08.933 [info] [Trace - 4:05:08 PM] Received notification 'window/logMessage'.
2023-09-09 16:05:08.933 [info] Interpreter executable (/home/vymvn/dev/nfc-pi/venv/bin/ruff) not found
2023-09-09 16:05:08.933 [info] [Trace - 4:05:08 PM] Received notification 'window/logMessage'.
2023-09-09 16:05:08.933 [info] Using environment executable: /sbin/ruff
2023-09-09 16:05:08.933 [info] [Trace - 4:05:08 PM] Received notification 'window/logMessage'.
2023-09-09 16:05:08.933 [info] Running Ruff with: /sbin/ruff ['--force-exclude', '--no-cache', '--no-fix', '--quiet', '--format', 'json', '-', '--stdin-filename', '/home/vymvn/dev/nfc-pi/main.py']
2023-09-09 16:05:08.939 [info] [Trace - 4:05:08 PM] Received notification 'textDocument/publishDiagnostics'.
2023-09-09 16:05:08.970 [info] [Trace - 4:05:08 PM] Sending notification 'textDocument/didChange'.
2023-09-09 16:05:08.973 [info] [Trace - 4:05:08 PM] Received notification 'window/logMessage'.
2023-09-09 16:05:08.973 [info] Interpreter executable (/home/vymvn/dev/nfc-pi/venv/bin/ruff) not found
2023-09-09 16:05:08.973 [info] [Trace - 4:05:08 PM] Received notification 'window/logMessage'.
2023-09-09 16:05:08.973 [info] Using environment executable: /sbin/ruff
2023-09-09 16:05:08.973 [info] [Trace - 4:05:08 PM] Received notification 'window/logMessage'.
2023-09-09 16:05:08.973 [info] Running Ruff with: /sbin/ruff ['--force-exclude', '--no-cache', '--no-fix', '--quiet', '--format', 'json', '-', '--stdin-filename', '/home/vymvn/dev/nfc-pi/main.py']
2023-09-09 16:05:08.980 [info] [Trace - 4:05:08 PM] Received notification 'textDocument/publishDiagnostics'.
2023-09-09 16:05:09.009 [info] [Trace - 4:05:09 PM] Sending notification 'textDocument/didChange'.
2023-09-09 16:05:09.011 [info] [Trace - 4:05:09 PM] Received notification 'window/logMessage'.
2023-09-09 16:05:09.011 [info] Interpreter executable (/home/vymvn/dev/nfc-pi/venv/bin/ruff) not found
2023-09-09 16:05:09.011 [info] [Trace - 4:05:09 PM] Received notification 'window/logMessage'.
2023-09-09 16:05:09.011 [info] Using environment executable: /sbin/ruff
2023-09-09 16:05:09.012 [info] [Trace - 4:05:09 PM] Received notification 'window/logMessage'.
2023-09-09 16:05:09.012 [info] Running Ruff with: /sbin/ruff ['--force-exclude', '--no-cache', '--no-fix', '--quiet', '--format', 'json', '-', '--stdin-filename', '/home/vymvn/dev/nfc-pi/main.py']
2023-09-09 16:05:09.019 [info] [Trace - 4:05:09 PM] Received notification 'textDocument/publishDiagnostics'.
2023-09-09 16:05:09.050 [info] [Trace - 4:05:09 PM] Sending notification 'textDocument/didChange'.
2023-09-09 16:05:09.053 [info] [Trace - 4:05:09 PM] Received notification 'window/logMessage'.
2023-09-09 16:05:09.053 [info] Interpreter executable (/home/vymvn/dev/nfc-pi/venv/bin/ruff) not found
2023-09-09 16:05:09.053 [info] [Trace - 4:05:09 PM] Received notification 'window/logMessage'.
2023-09-09 16:05:09.053 [info] Using environment executable: /sbin/ruff
2023-09-09 16:05:09.053 [info] [Trace - 4:05:09 PM] Received notification 'window/logMessage'.
2023-09-09 16:05:09.053 [info] Running Ruff with: /sbin/ruff ['--force-exclude', '--no-cache', '--no-fix', '--quiet', '--format', 'json', '-', '--stdin-filename', '/home/vymvn/dev/nfc-pi/main.py']
2023-09-09 16:05:09.057 [info] [Trace - 4:05:09 PM] Received notification 'textDocument/publishDiagnostics'.
2023-09-09 16:05:09.090 [info] [Trace - 4:05:09 PM] Sending notification 'textDocument/didChange'.
2023-09-09 16:05:09.093 [info] [Trace - 4:05:09 PM] Received notification 'window/logMessage'.
2023-09-09 16:05:09.093 [info] Interpreter executable (/home/vymvn/dev/nfc-pi/venv/bin/ruff) not found
2023-09-09 16:05:09.093 [info] [Trace - 4:05:09 PM] Received notification 'window/logMessage'.
2023-09-09 16:05:09.093 [info] Using environment executable: /sbin/ruff
2023-09-09 16:05:09.093 [info] [Trace - 4:05:09 PM] Received notification 'window/logMessage'.
2023-09-09 16:05:09.093 [info] Running Ruff with: /sbin/ruff ['--force-exclude', '--no-cache', '--no-fix', '--quiet', '--format', 'json', '-', '--stdin-filename', '/home/vymvn/dev/nfc-pi/main.py']
2023-09-09 16:05:09.099 [info] [Trace - 4:05:09 PM] Received notification 'textDocument/publishDiagnostics'.
2023-09-09 16:05:09.131 [info] [Trace - 4:05:09 PM] Sending notification 'textDocument/didChange'.
2023-09-09 16:05:09.134 [info] [Trace - 4:05:09 PM] Received notification 'window/logMessage'.
2023-09-09 16:05:09.134 [info] Interpreter executable (/home/vymvn/dev/nfc-pi/venv/bin/ruff) not found
2023-09-09 16:05:09.134 [info] [Trace - 4:05:09 PM] Received notification 'window/logMessage'.
2023-09-09 16:05:09.134 [info] Using environment executable: /sbin/ruff
2023-09-09 16:05:09.135 [info] [Trace - 4:05:09 PM] Received notification 'window/logMessage'.
2023-09-09 16:05:09.135 [info] Running Ruff with: /sbin/ruff ['--force-exclude', '--no-cache', '--no-fix', '--quiet', '--format', 'json', '-', '--stdin-filename', '/home/vymvn/dev/nfc-pi/main.py']
2023-09-09 16:05:09.142 [info] [Trace - 4:05:09 PM] Received notification 'textDocument/publishDiagnostics'.
2023-09-09 16:05:09.171 [info] [Trace - 4:05:09 PM] Sending notification 'textDocument/didChange'.
2023-09-09 16:05:09.174 [info] [Trace - 4:05:09 PM] Received notification 'window/logMessage'.
2023-09-09 16:05:09.174 [info] Interpreter executable (/home/vymvn/dev/nfc-pi/venv/bin/ruff) not found
2023-09-09 16:05:09.174 [info] [Trace - 4:05:09 PM] Received notification 'window/logMessage'.
2023-09-09 16:05:09.174 [info] Using environment executable: /sbin/ruff
2023-09-09 16:05:09.174 [info] [Trace - 4:05:09 PM] Received notification 'window/logMessage'.
2023-09-09 16:05:09.174 [info] Running Ruff with: /sbin/ruff ['--force-exclude', '--no-cache', '--no-fix', '--quiet', '--format', 'json', '-', '--stdin-filename', '/home/vymvn/dev/nfc-pi/main.py']
2023-09-09 16:05:09.180 [info] [Trace - 4:05:09 PM] Received notification 'textDocument/publishDiagnostics'.
2023-09-09 16:05:09.210 [info] [Trace - 4:05:09 PM] Sending notification 'textDocument/didChange'.
2023-09-09 16:05:09.213 [info] [Trace - 4:05:09 PM] Received notification 'window/logMessage'.
2023-09-09 16:05:09.213 [info] Interpreter executable (/home/vymvn/dev/nfc-pi/venv/bin/ruff) not found
2023-09-09 16:05:09.213 [info] [Trace - 4:05:09 PM] Received notification 'window/logMessage'.
2023-09-09 16:05:09.213 [info] Using environment executable: /sbin/ruff
2023-09-09 16:05:09.213 [info] [Trace - 4:05:09 PM] Received notification 'window/logMessage'.
2023-09-09 16:05:09.213 [info] Running Ruff with: /sbin/ruff ['--force-exclude', '--no-cache', '--no-fix', '--quiet', '--format', 'json', '-', '--stdin-filename', '/home/vymvn/dev/nfc-pi/main.py']
2023-09-09 16:05:09.219 [info] [Trace - 4:05:09 PM] Received notification 'textDocument/publishDiagnostics'.
2023-09-09 16:05:09.250 [info] [Trace - 4:05:09 PM] Sending notification 'textDocument/didChange'.
2023-09-09 16:05:09.253 [info] [Trace - 4:05:09 PM] Received notification 'window/logMessage'.
2023-09-09 16:05:09.253 [info] Interpreter executable (/home/vymvn/dev/nfc-pi/venv/bin/ruff) not found
2023-09-09 16:05:09.253 [info] [Trace - 4:05:09 PM] Received notification 'window/logMessage'.
2023-09-09 16:05:09.253 [info] Using environment executable: /sbin/ruff
2023-09-09 16:05:09.253 [info] [Trace - 4:05:09 PM] Received notification 'window/logMessage'.
2023-09-09 16:05:09.253 [info] Running Ruff with: /sbin/ruff ['--force-exclude', '--no-cache', '--no-fix', '--quiet', '--format', 'json', '-', '--stdin-filename', '/home/vymvn/dev/nfc-pi/main.py']
2023-09-09 16:05:09.262 [info] [Trace - 4:05:09 PM] Received notification 'textDocument/publishDiagnostics'.
2023-09-09 16:05:09.290 [info] [Trace - 4:05:09 PM] Sending notification 'textDocument/didChange'.
2023-09-09 16:05:09.295 [info] [Trace - 4:05:09 PM] Received notification 'window/logMessage'.
2023-09-09 16:05:09.295 [info] Interpreter executable (/home/vymvn/dev/nfc-pi/venv/bin/ruff) not found
2023-09-09 16:05:09.296 [info] [Trace - 4:05:09 PM] Received notification 'window/logMessage'.
2023-09-09 16:05:09.296 [info] Using environment executable: /sbin/ruff
2023-09-09 16:05:09.297 [info] [Trace - 4:05:09 PM] Received notification 'window/logMessage'.
2023-09-09 16:05:09.297 [info] Running Ruff with: /sbin/ruff ['--force-exclude', '--no-cache', '--no-fix', '--quiet', '--format', 'json', '-', '--stdin-filename', '/home/vymvn/dev/nfc-pi/main.py']
2023-09-09 16:05:09.304 [info] [Trace - 4:05:09 PM] Received notification 'textDocument/publishDiagnostics'.
2023-09-09 16:05:09.330 [info] [Trace - 4:05:09 PM] Sending notification 'textDocument/didChange'.
2023-09-09 16:05:09.332 [info] [Trace - 4:05:09 PM] Received notification 'window/logMessage'.
2023-09-09 16:05:09.332 [info] Interpreter executable (/home/vymvn/dev/nfc-pi/venv/bin/ruff) not found
2023-09-09 16:05:09.332 [info] [Trace - 4:05:09 PM] Received notification 'window/logMessage'.
2023-09-09 16:05:09.332 [info] Using environment executable: /sbin/ruff
2023-09-09 16:05:09.332 [info] [Trace - 4:05:09 PM] Received notification 'window/logMessage'.
2023-09-09 16:05:09.332 [info] Running Ruff with: /sbin/ruff ['--force-exclude', '--no-cache', '--no-fix', '--quiet', '--format', 'json', '-', '--stdin-filename', '/home/vymvn/dev/nfc-pi/main.py']
2023-09-09 16:05:09.339 [info] [Trace - 4:05:09 PM] Received notification 'textDocument/publishDiagnostics'.
2023-09-09 16:05:09.370 [info] [Trace - 4:05:09 PM] Sending notification 'textDocument/didChange'.
2023-09-09 16:05:09.374 [info] [Trace - 4:05:09 PM] Received notification 'window/logMessage'.
2023-09-09 16:05:09.374 [info] Interpreter executable (/home/vymvn/dev/nfc-pi/venv/bin/ruff) not found
2023-09-09 16:05:09.374 [info] [Trace - 4:05:09 PM] Received notification 'window/logMessage'.
2023-09-09 16:05:09.374 [info] Using environment executable: /sbin/ruff
2023-09-09 16:05:09.374 [info] [Trace - 4:05:09 PM] Received notification 'window/logMessage'.
2023-09-09 16:05:09.374 [info] Running Ruff with: /sbin/ruff ['--force-exclude', '--no-cache', '--no-fix', '--quiet', '--format', 'json', '-', '--stdin-filename', '/home/vymvn/dev/nfc-pi/main.py']
2023-09-09 16:05:09.378 [info] [Trace - 4:05:09 PM] Received notification 'textDocument/publishDiagnostics'.
2023-09-09 16:05:09.410 [info] [Trace - 4:05:09 PM] Sending notification 'textDocument/didChange'.
2023-09-09 16:05:09.414 [info] [Trace - 4:05:09 PM] Received notification 'window/logMessage'.
2023-09-09 16:05:09.414 [info] Interpreter executable (/home/vymvn/dev/nfc-pi/venv/bin/ruff) not found
2023-09-09 16:05:09.414 [info] [Trace - 4:05:09 PM] Received notification 'window/logMessage'.
2023-09-09 16:05:09.414 [info] Using environment executable: /sbin/ruff
2023-09-09 16:05:09.414 [info] [Trace - 4:05:09 PM] Received notification 'window/logMessage'.
2023-09-09 16:05:09.414 [info] Running Ruff with: /sbin/ruff ['--force-exclude', '--no-cache', '--no-fix', '--quiet', '--format', 'json', '-', '--stdin-filename', '/home/vymvn/dev/nfc-pi/main.py']
2023-09-09 16:05:09.419 [info] [Trace - 4:05:09 PM] Received notification 'textDocument/publishDiagnostics'.
2023-09-09 16:05:09.452 [info] [Trace - 4:05:09 PM] Sending notification 'textDocument/didChange'.
2023-09-09 16:05:09.456 [info] [Trace - 4:05:09 PM] Received notification 'window/logMessage'.
2023-09-09 16:05:09.456 [info] Interpreter executable (/home/vymvn/dev/nfc-pi/venv/bin/ruff) not found
2023-09-09 16:05:09.456 [info] [Trace - 4:05:09 PM] Received notification 'window/logMessage'.
2023-09-09 16:05:09.456 [info] Using environment executable: /sbin/ruff
2023-09-09 16:05:09.456 [info] [Trace - 4:05:09 PM] Received notification 'window/logMessage'.
2023-09-09 16:05:09.456 [info] Running Ruff with: /sbin/ruff ['--force-exclude', '--no-cache', '--no-fix', '--quiet', '--format', 'json', '-', '--stdin-filename', '/home/vymvn/dev/nfc-pi/main.py']
2023-09-09 16:05:09.465 [info] [Trace - 4:05:09 PM] Received notification 'textDocument/publishDiagnostics'.
2023-09-09 16:05:09.491 [info] [Trace - 4:05:09 PM] Sending notification 'textDocument/didChange'.
2023-09-09 16:05:09.494 [info] [Trace - 4:05:09 PM] Received notification 'window/logMessage'.
2023-09-09 16:05:09.494 [info] Interpreter executable (/home/vymvn/dev/nfc-pi/venv/bin/ruff) not found
2023-09-09 16:05:09.494 [info] [Trace - 4:05:09 PM] Received notification 'window/logMessage'.
2023-09-09 16:05:09.494 [info] Using environment executable: /sbin/ruff
2023-09-09 16:05:09.494 [info] [Trace - 4:05:09 PM] Received notification 'window/logMessage'.
2023-09-09 16:05:09.494 [info] Running Ruff with: /sbin/ruff ['--force-exclude', '--no-cache', '--no-fix', '--quiet', '--format', 'json', '-', '--stdin-filename', '/home/vymvn/dev/nfc-pi/main.py']
2023-09-09 16:05:09.501 [info] [Trace - 4:05:09 PM] Received notification 'textDocument/publishDiagnostics'.
2023-09-09 16:05:09.531 [info] [Trace - 4:05:09 PM] Sending notification 'textDocument/didChange'.
2023-09-09 16:05:09.533 [info] [Trace - 4:05:09 PM] Received notification 'window/logMessage'.
2023-09-09 16:05:09.533 [info] Interpreter executable (/home/vymvn/dev/nfc-pi/venv/bin/ruff) not found
2023-09-09 16:05:09.533 [info] [Trace - 4:05:09 PM] Received notification 'window/logMessage'.
2023-09-09 16:05:09.533 [info] Using environment executable: /sbin/ruff
2023-09-09 16:05:09.534 [info] [Trace - 4:05:09 PM] Received notification 'window/logMessage'.
2023-09-09 16:05:09.534 [info] Running Ruff with: /sbin/ruff ['--force-exclude', '--no-cache', '--no-fix', '--quiet', '--format', 'json', '-', '--stdin-filename', '/home/vymvn/dev/nfc-pi/main.py']
2023-09-09 16:05:09.540 [info] [Trace - 4:05:09 PM] Received notification 'textDocument/publishDiagnostics'.
2023-09-09 16:05:09.570 [info] [Trace - 4:05:09 PM] Sending notification 'textDocument/didChange'.
2023-09-09 16:05:09.574 [info] [Trace - 4:05:09 PM] Received notification 'window/logMessage'.
2023-09-09 16:05:09.574 [info] Interpreter executable (/home/vymvn/dev/nfc-pi/venv/bin/ruff) not found
2023-09-09 16:05:09.575 [info] [Trace - 4:05:09 PM] Received notification 'window/logMessage'.
2023-09-09 16:05:09.575 [info] Using environment executable: /sbin/ruff
2023-09-09 16:05:09.575 [info] [Trace - 4:05:09 PM] Received notification 'window/logMessage'.
2023-09-09 16:05:09.575 [info] Running Ruff with: /sbin/ruff ['--force-exclude', '--no-cache', '--no-fix', '--quiet', '--format', 'json', '-', '--stdin-filename', '/home/vymvn/dev/nfc-pi/main.py']
2023-09-09 16:05:09.583 [info] [Trace - 4:05:09 PM] Received notification 'textDocument/publishDiagnostics'.
2023-09-09 16:05:09.612 [info] [Trace - 4:05:09 PM] Sending notification 'textDocument/didChange'.
2023-09-09 16:05:09.617 [info] [Trace - 4:05:09 PM] Received notification 'window/logMessage'.
2023-09-09 16:05:09.617 [info] Interpreter executable (/home/vymvn/dev/nfc-pi/venv/bin/ruff) not found
2023-09-09 16:05:09.617 [info] [Trace - 4:05:09 PM] Received notification 'window/logMessage'.
2023-09-09 16:05:09.617 [info] Using environment executable: /sbin/ruff
2023-09-09 16:05:09.618 [info] [Trace - 4:05:09 PM] Received notification 'window/logMessage'.
2023-09-09 16:05:09.618 [info] Running Ruff with: /sbin/ruff ['--force-exclude', '--no-cache', '--no-fix', '--quiet', '--format', 'json', '-', '--stdin-filename', '/home/vymvn/dev/nfc-pi/main.py']
2023-09-09 16:05:09.628 [info] [Trace - 4:05:09 PM] Received notification 'textDocument/publishDiagnostics'.
2023-09-09 16:05:09.652 [info] [Trace - 4:05:09 PM] Sending notification 'textDocument/didChange'.
2023-09-09 16:05:09.657 [info] [Trace - 4:05:09 PM] Received notification 'window/logMessage'.
2023-09-09 16:05:09.657 [info] Interpreter executable (/home/vymvn/dev/nfc-pi/venv/bin/ruff) not found
2023-09-09 16:05:09.658 [info] [Trace - 4:05:09 PM] Received notification 'window/logMessage'.
2023-09-09 16:05:09.658 [info] Using environment executable: /sbin/ruff
2023-09-09 16:05:09.659 [info] [Trace - 4:05:09 PM] Received notification 'window/logMessage'.
2023-09-09 16:05:09.659 [info] Running Ruff with: /sbin/ruff ['--force-exclude', '--no-cache', '--no-fix', '--quiet', '--format', 'json', '-', '--stdin-filename', '/home/vymvn/dev/nfc-pi/main.py']
2023-09-09 16:05:09.662 [info] [Trace - 4:05:09 PM] Received notification 'textDocument/publishDiagnostics'.
2023-09-09 16:05:09.854 [info] [Trace - 4:05:09 PM] Sending notification 'textDocument/didChange'.
2023-09-09 16:05:09.857 [info] [Trace - 4:05:09 PM] Received notification 'window/logMessage'.
2023-09-09 16:05:09.857 [info] Interpreter executable (/home/vymvn/dev/nfc-pi/venv/bin/ruff) not found
2023-09-09 16:05:09.857 [info] [Trace - 4:05:09 PM] Received notification 'window/logMessage'.
2023-09-09 16:05:09.857 [info] Using environment executable: /sbin/ruff
2023-09-09 16:05:09.857 [info] [Trace - 4:05:09 PM] Received notification 'window/logMessage'.
2023-09-09 16:05:09.857 [info] Running Ruff with: /sbin/ruff ['--force-exclude', '--no-cache', '--no-fix', '--quiet', '--format', 'json', '-', '--stdin-filename', '/home/vymvn/dev/nfc-pi/main.py']
2023-09-09 16:05:09.866 [info] [Trace - 4:05:09 PM] Received notification 'textDocument/publishDiagnostics'.
2023-09-09 16:05:10.011 [info] [Trace - 4:05:10 PM] Sending notification 'textDocument/didChange'.
2023-09-09 16:05:10.014 [info] [Trace - 4:05:10 PM] Received notification 'window/logMessage'.
2023-09-09 16:05:10.014 [info] Interpreter executable (/home/vymvn/dev/nfc-pi/venv/bin/ruff) not found
2023-09-09 16:05:10.014 [info] [Trace - 4:05:10 PM] Received notification 'window/logMessage'.
2023-09-09 16:05:10.014 [info] Using environment executable: /sbin/ruff
2023-09-09 16:05:10.014 [info] [Trace - 4:05:10 PM] Received notification 'window/logMessage'.
2023-09-09 16:05:10.014 [info] Running Ruff with: /sbin/ruff ['--force-exclude', '--no-cache', '--no-fix', '--quiet', '--format', 'json', '-', '--stdin-filename', '/home/vymvn/dev/nfc-pi/main.py']
2023-09-09 16:05:10.023 [info] [Trace - 4:05:10 PM] Received notification 'textDocument/publishDiagnostics'.
2023-09-09 16:05:10.270 [info] [Trace - 4:05:10 PM] Sending notification 'textDocument/didChange'.
2023-09-09 16:05:10.272 [info] [Trace - 4:05:10 PM] Received notification 'window/logMessage'.
2023-09-09 16:05:10.272 [info] Interpreter executable (/home/vymvn/dev/nfc-pi/venv/bin/ruff) not found
2023-09-09 16:05:10.272 [info] [Trace - 4:05:10 PM] Received notification 'window/logMessage'.
2023-09-09 16:05:10.272 [info] Using environment executable: /sbin/ruff
2023-09-09 16:05:10.272 [info] [Trace - 4:05:10 PM] Received notification 'window/logMessage'.
2023-09-09 16:05:10.272 [info] Running Ruff with: /sbin/ruff ['--force-exclude', '--no-cache', '--no-fix', '--quiet', '--format', 'json', '-', '--stdin-filename', '/home/vymvn/dev/nfc-pi/main.py']
2023-09-09 16:05:10.282 [info] [Trace - 4:05:10 PM] Received notification 'textDocument/publishDiagnostics'.
2023-09-09 16:05:10.425 [info] [Trace - 4:05:10 PM] Sending notification 'textDocument/didChange'.
2023-09-09 16:05:10.427 [info] [Trace - 4:05:10 PM] Received notification 'window/logMessage'.
2023-09-09 16:05:10.427 [info] Interpreter executable (/home/vymvn/dev/nfc-pi/venv/bin/ruff) not found
2023-09-09 16:05:10.427 [info] [Trace - 4:05:10 PM] Received notification 'window/logMessage'.
2023-09-09 16:05:10.427 [info] Using environment executable: /sbin/ruff
2023-09-09 16:05:10.427 [info] [Trace - 4:05:10 PM] Received notification 'window/logMessage'.
2023-09-09 16:05:10.427 [info] Running Ruff with: /sbin/ruff ['--force-exclude', '--no-cache', '--no-fix', '--quiet', '--format', 'json', '-', '--stdin-filename', '/home/vymvn/dev/nfc-pi/main.py']
2023-09-09 16:05:10.436 [info] [Trace - 4:05:10 PM] Received notification 'textDocument/publishDiagnostics'.
2023-09-09 16:05:10.595 [info] [Trace - 4:05:10 PM] Sending notification 'textDocument/didChange'.
2023-09-09 16:05:10.598 [info] [Trace - 4:05:10 PM] Received notification 'window/logMessage'.
2023-09-09 16:05:10.598 [info] Interpreter executable (/home/vymvn/dev/nfc-pi/venv/bin/ruff) not found
2023-09-09 16:05:10.598 [info] [Trace - 4:05:10 PM] Received notification 'window/logMessage'.
2023-09-09 16:05:10.598 [info] Using environment executable: /sbin/ruff
2023-09-09 16:05:10.599 [info] [Trace - 4:05:10 PM] Received notification 'window/logMessage'.
2023-09-09 16:05:10.599 [info] Running Ruff with: /sbin/ruff ['--force-exclude', '--no-cache', '--no-fix', '--quiet', '--format', 'json', '-', '--stdin-filename', '/home/vymvn/dev/nfc-pi/main.py']
2023-09-09 16:05:10.605 [info] [Trace - 4:05:10 PM] Received notification 'textDocument/publishDiagnostics'.
2023-09-09 16:05:10.855 [info] [Trace - 4:05:10 PM] Sending notification 'textDocument/didChange'.
2023-09-09 16:05:10.861 [info] [Trace - 4:05:10 PM] Received notification 'window/logMessage'.
2023-09-09 16:05:10.861 [info] Interpreter executable (/home/vymvn/dev/nfc-pi/venv/bin/ruff) not found
2023-09-09 16:05:10.861 [info] [Trace - 4:05:10 PM] Received notification 'window/logMessage'.
2023-09-09 16:05:10.861 [info] Using environment executable: /sbin/ruff
2023-09-09 16:05:10.861 [info] [Trace - 4:05:10 PM] Received notification 'window/logMessage'.
2023-09-09 16:05:10.861 [info] Running Ruff with: /sbin/ruff ['--force-exclude', '--no-cache', '--no-fix', '--quiet', '--format', 'json', '-', '--stdin-filename', '/home/vymvn/dev/nfc-pi/main.py']
2023-09-09 16:05:10.868 [info] [Trace - 4:05:10 PM] Received notification 'textDocument/publishDiagnostics'.
2023-09-09 16:05:11.202 [info] [Trace - 4:05:11 PM] Sending notification 'textDocument/didChange'.
2023-09-09 16:05:11.207 [info] [Trace - 4:05:11 PM] Received notification 'window/logMessage'.
2023-09-09 16:05:11.207 [info] Interpreter executable (/home/vymvn/dev/nfc-pi/venv/bin/ruff) not found
2023-09-09 16:05:11.208 [info] [Trace - 4:05:11 PM] Received notification 'window/logMessage'.
2023-09-09 16:05:11.208 [info] Using environment executable: /sbin/ruff
2023-09-09 16:05:11.208 [info] [Trace - 4:05:11 PM] Received notification 'window/logMessage'.
2023-09-09 16:05:11.208 [info] Running Ruff with: /sbin/ruff ['--force-exclude', '--no-cache', '--no-fix', '--quiet', '--format', 'json', '-', '--stdin-filename', '/home/vymvn/dev/nfc-pi/main.py']
2023-09-09 16:05:11.211 [info] [Trace - 4:05:11 PM] Received notification 'textDocument/publishDiagnostics'.
2023-09-09 16:05:11.601 [info] [Trace - 4:05:11 PM] Sending request 'textDocument/codeAction - (5)'.
2023-09-09 16:05:11.603 [info] [Trace - 4:05:11 PM] Received response 'textDocument/codeAction - (5)' in 2ms.
2023-09-09 16:05:11.922 [info] [Trace - 4:05:11 PM] Sending request 'textDocument/codeAction - (6)'.
2023-09-09 16:05:11.923 [info] [Trace - 4:05:11 PM] Received response 'textDocument/codeAction - (6)' in 1ms.
2023-09-09 16:05:12.458 [info] [Trace - 4:05:12 PM] Sending request 'textDocument/codeAction - (7)'.
2023-09-09 16:05:12.459 [info] [Trace - 4:05:12 PM] Received response 'textDocument/codeAction - (7)' in 1ms.
2023-09-09 16:05:36.082 [info] [Trace - 4:05:36 PM] Sending request 'shutdown - (8)'.
2023-09-09 16:05:36.094 [info] [Trace - 4:05:36 PM] Received response 'shutdown - (8)' in 19ms.
2023-09-09 16:05:36.094 [info] [Trace - 4:05:36 PM] Sending notification 'exit'.
