2023-09-04 16:10:19.730 [info] Name: Ruff
2023-09-04 16:10:19.730 [info] Module: ruff
2023-09-04 16:10:19.730 [info] Python extension loading
2023-09-04 16:10:19.730 [info] Waiting for interpreter from python extension.
2023-09-04 16:10:19.730 [info] Python extension loaded
2023-09-04 16:10:19.730 [info] Server run command: /home/vymvn/dev/nfc-pi/venv/bin/python /home/vymvn/.vscode-oss/extensions/charliermarsh.ruff-2023.34.0-linux-x64/bundled/tool/server.py
2023-09-04 16:10:19.730 [info] Server: Start requested.
2023-09-04 16:10:20.324 [info] 2023-09-04 16:10:20,324 INFO Starting IO server

2023-09-04 16:10:20.367 [info] Workspace settings: [
    {
        "cwd": "/home/vymvn/dev/nfc-pi",
        "workspace": "file:///home/vymvn/dev/nfc-pi",
        "args": [],
        "path": [],
        "interpreter": [
            "/home/vymvn/dev/nfc-pi/venv/bin/python"
        ],
        "importStrategy": "fromEnvironment",
        "run": "onType",
        "codeAction": {
            "fixViolation": {
                "enable": true
            },
            "disableRuleComment": {
                "enable": true
            }
        },
        "enable": true,
        "organizeImports": true,
        "fixAll": true,
        "showNotifications": "off"
    }
]
2023-09-04 16:10:20.367 [info] Global settings: {
    "cwd": "/home/vymvn",
    "workspace": "/home/vymvn",
    "args": [],
    "path": [],
    "interpreter": [],
    "importStrategy": "fromEnvironment",
    "run": "onType",
    "codeAction": {
        "fixViolation": {
            "enable": true
        },
        "disableRuleComment": {
            "enable": true
        }
    },
    "enable": true,
    "organizeImports": true,
    "fixAll": true,
    "showNotifications": "off"
}
2023-09-04 16:10:23.032 [info] [Trace - 4:10:23 PM] Sending notification 'textDocument/didOpen'.
2023-09-04 16:10:23.045 [info] [Trace - 4:10:23 PM] Sending request 'textDocument/codeAction - (1)'.
2023-09-04 16:10:23.047 [info] [Trace - 4:10:23 PM] Received notification 'window/logMessage'.
2023-09-04 16:10:23.047 [info] Interpreter executable (/home/vymvn/dev/nfc-pi/venv/bin/ruff) not found
2023-09-04 16:10:23.047 [info] [Trace - 4:10:23 PM] Received notification 'window/logMessage'.
2023-09-04 16:10:23.047 [info] Using environment executable: /sbin/ruff
2023-09-04 16:10:23.047 [info] [Trace - 4:10:23 PM] Received notification 'window/logMessage'.
2023-09-04 16:10:23.047 [info] Running Ruff with: /sbin/ruff ['--force-exclude', '--no-cache', '--no-fix', '--quiet', '--format', 'json', '-', '--stdin-filename', '/home/vymvn/dev/nfc-pi/main.py']
2023-09-04 16:10:23.053 [info] [Trace - 4:10:23 PM] Received response 'textDocument/codeAction - (1)' in 8ms.
2023-09-04 16:10:23.056 [info] [Trace - 4:10:23 PM] Received notification 'textDocument/publishDiagnostics'.
2023-09-04 16:10:23.364 [info] [Trace - 4:10:23 PM] Sending request 'textDocument/codeAction - (2)'.
2023-09-04 16:10:23.367 [info] [Trace - 4:10:23 PM] Received response 'textDocument/codeAction - (2)' in 3ms.
2023-09-04 16:10:24.062 [info] [Trace - 4:10:24 PM] Sending request 'textDocument/codeAction - (3)'.
2023-09-04 16:10:24.067 [info] [Trace - 4:10:24 PM] Received response 'textDocument/codeAction - (3)' in 5ms.
2023-09-04 16:10:25.566 [info] [Trace - 4:10:25 PM] Sending request 'textDocument/codeAction - (4)'.
2023-09-04 16:10:25.576 [info] [Trace - 4:10:25 PM] Received response 'textDocument/codeAction - (4)' in 10ms.
2023-09-04 16:10:26.506 [info] [Trace - 4:10:26 PM] Sending request 'textDocument/hover - (5)'.
2023-09-04 16:10:26.515 [info] [Trace - 4:10:26 PM] Received response 'textDocument/hover - (5)' in 9ms.
2023-09-04 16:10:26.719 [info] [Trace - 4:10:26 PM] Sending request 'textDocument/hover - (6)'.
2023-09-04 16:10:26.723 [info] [Trace - 4:10:26 PM] Received response 'textDocument/hover - (6)' in 4ms.
2023-09-04 16:10:26.876 [info] [Trace - 4:10:26 PM] Sending request 'textDocument/codeAction - (7)'.
2023-09-04 16:10:26.896 [info] [Trace - 4:10:26 PM] Received response 'textDocument/codeAction - (7)' in 20ms.
2023-09-04 16:10:31.154 [info] [Trace - 4:10:31 PM] Sending request 'textDocument/hover - (8)'.
2023-09-04 16:10:31.160 [info] [Trace - 4:10:31 PM] Received response 'textDocument/hover - (8)' in 6ms.
2023-09-04 16:10:31.306 [info] [Trace - 4:10:31 PM] Sending request 'textDocument/codeAction - (9)'.
2023-09-04 16:10:31.310 [info] [Trace - 4:10:31 PM] Received response 'textDocument/codeAction - (9)' in 4ms.
2023-09-04 16:10:39.720 [info] [Trace - 4:10:39 PM] Sending request 'textDocument/hover - (10)'.
2023-09-04 16:10:39.724 [info] [Trace - 4:10:39 PM] Received response 'textDocument/hover - (10)' in 4ms.
2023-09-04 16:10:39.970 [info] [Trace - 4:10:39 PM] Sending request 'textDocument/hover - (11)'.
2023-09-04 16:10:39.974 [info] [Trace - 4:10:39 PM] Received response 'textDocument/hover - (11)' in 5ms.
2023-09-04 16:10:40.122 [info] [Trace - 4:10:40 PM] Sending request 'textDocument/codeAction - (12)'.
2023-09-04 16:10:40.127 [info] [Trace - 4:10:40 PM] Received response 'textDocument/codeAction - (12)' in 5ms.
2023-09-04 16:10:44.757 [info] [Trace - 4:10:44 PM] Sending request 'textDocument/codeAction - (13)'.
2023-09-04 16:10:44.762 [info] [Trace - 4:10:44 PM] Received response 'textDocument/codeAction - (13)' in 5ms.
2023-09-04 16:10:45.669 [info] [Trace - 4:10:45 PM] Sending request 'textDocument/codeAction - (14)'.
2023-09-04 16:10:45.675 [info] [Trace - 4:10:45 PM] Received response 'textDocument/codeAction - (14)' in 5ms.
2023-09-04 16:10:50.061 [info] [Trace - 4:10:50 PM] Sending request 'textDocument/codeAction - (15)'.
2023-09-04 16:10:50.063 [info] [Trace - 4:10:50 PM] Received response 'textDocument/codeAction - (15)' in 2ms.
2023-09-04 16:11:05.927 [info] [Trace - 4:11:05 PM] Sending notification 'textDocument/didClose'.
2023-09-04 16:11:05.930 [info] [Trace - 4:11:05 PM] Received notification 'textDocument/publishDiagnostics'.
2023-09-04 16:11:55.453 [info] Interpreter executable (/home/vymvn/dev/nfc-pi/venv/bin/ruff) not found
2023-09-04 16:11:55.453 [info] Using environment executable: /sbin/ruff
2023-09-04 16:11:55.453 [info] Running Ruff with: /sbin/ruff ['--force-exclude', '--no-cache', '--no-fix', '--quiet', '--format', 'json', '-', '--stdin-filename', '/home/vymvn/dev/nfc-pi/main.py']
2023-09-04 16:11:57.664 [info] Interpreter executable (/home/vymvn/dev/nfc-pi/venv/bin/ruff) not found
2023-09-04 16:11:57.664 [info] Using environment executable: /sbin/ruff
2023-09-04 16:11:57.664 [info] Running Ruff with: /sbin/ruff ['--force-exclude', '--no-cache', '--no-fix', '--quiet', '--format', 'json', '-', '--stdin-filename', '/home/vymvn/dev/nfc-pi/main.py']
2023-09-04 16:11:58.050 [info] Interpreter executable (/home/vymvn/dev/nfc-pi/venv/bin/ruff) not found
2023-09-04 16:11:58.050 [info] Using environment executable: /sbin/ruff
2023-09-04 16:11:58.050 [info] Running Ruff with: /sbin/ruff ['--force-exclude', '--no-cache', '--no-fix', '--quiet', '--format', 'json', '-', '--stdin-filename', '/home/vymvn/dev/nfc-pi/main.py']
2023-09-04 16:11:58.919 [info] Interpreter executable (/home/vymvn/dev/nfc-pi/venv/bin/ruff) not found
2023-09-04 16:11:58.919 [info] Using environment executable: /sbin/ruff
2023-09-04 16:11:58.920 [info] Running Ruff with: /sbin/ruff ['--force-exclude', '--no-cache', '--no-fix', '--quiet', '--format', 'json', '-', '--stdin-filename', '/home/vymvn/dev/nfc-pi/main.py']
2023-09-04 16:11:58.985 [info] Interpreter executable (/home/vymvn/dev/nfc-pi/venv/bin/ruff) not found
2023-09-04 16:11:58.985 [info] Using environment executable: /sbin/ruff
2023-09-04 16:11:58.985 [info] Running Ruff with: /sbin/ruff ['--force-exclude', '--no-cache', '--no-fix', '--quiet', '--format', 'json', '-', '--stdin-filename', '/home/vymvn/dev/nfc-pi/main.py']
2023-09-04 16:12:00.963 [info] Interpreter executable (/home/vymvn/dev/nfc-pi/venv/bin/ruff) not found
2023-09-04 16:12:00.965 [info] Using environment executable: /sbin/ruff
2023-09-04 16:12:00.965 [info] Running Ruff with: /sbin/ruff ['--force-exclude', '--no-cache', '--no-fix', '--quiet', '--format', 'json', '-', '--stdin-filename', '/home/vymvn/dev/nfc-pi/main.py']
2023-09-04 16:12:01.022 [info] Interpreter executable (/home/vymvn/dev/nfc-pi/venv/bin/ruff) not found
2023-09-04 16:12:01.022 [info] Using environment executable: /sbin/ruff
2023-09-04 16:12:01.022 [info] Running Ruff with: /sbin/ruff ['--force-exclude', '--no-cache', '--no-fix', '--quiet', '--format', 'json', '-', '--stdin-filename', '/home/vymvn/dev/nfc-pi/main.py']
2023-09-04 16:12:01.434 [info] Interpreter executable (/home/vymvn/dev/nfc-pi/venv/bin/ruff) not found
2023-09-04 16:12:01.434 [info] Using environment executable: /sbin/ruff
2023-09-04 16:12:01.434 [info] Running Ruff with: /sbin/ruff ['--force-exclude', '--no-cache', '--no-fix', '--quiet', '--format', 'json', '-', '--stdin-filename', '/home/vymvn/dev/nfc-pi/main.py']
2023-09-04 16:12:01.513 [info] Interpreter executable (/home/vymvn/dev/nfc-pi/venv/bin/ruff) not found
2023-09-04 16:12:01.513 [info] Using environment executable: /sbin/ruff
2023-09-04 16:12:01.513 [info] Running Ruff with: /sbin/ruff ['--force-exclude', '--no-cache', '--no-fix', '--quiet', '--format', 'json', '-', '--stdin-filename', '/home/vymvn/dev/nfc-pi/main.py']
2023-09-04 16:12:01.842 [info] Interpreter executable (/home/vymvn/dev/nfc-pi/venv/bin/ruff) not found
2023-09-04 16:12:01.842 [info] Using environment executable: /sbin/ruff
2023-09-04 16:12:01.842 [info] Running Ruff with: /sbin/ruff ['--force-exclude', '--no-cache', '--no-fix', '--quiet', '--format', 'json', '-', '--stdin-filename', '/home/vymvn/dev/nfc-pi/main.py']
2023-09-04 16:12:03.028 [info] Interpreter executable (/home/vymvn/dev/nfc-pi/venv/bin/ruff) not found
2023-09-04 16:12:03.028 [info] Using environment executable: /sbin/ruff
2023-09-04 16:12:03.028 [info] Running Ruff with: /sbin/ruff ['--force-exclude', '--no-cache', '--no-fix', '--quiet', '--format', 'json', '-', '--stdin-filename', '/home/vymvn/dev/nfc-pi/main.py']
2023-09-04 16:12:04.068 [info] Interpreter executable (/home/vymvn/dev/nfc-pi/venv/bin/ruff) not found
2023-09-04 16:12:04.069 [info] Using environment executable: /sbin/ruff
2023-09-04 16:12:04.069 [info] Running Ruff with: /sbin/ruff ['--force-exclude', '--no-cache', '--no-fix', '--quiet', '--format', 'json', '-', '--stdin-filename', '/home/vymvn/dev/nfc-pi/main.py']
2023-09-04 16:12:04.297 [info] Interpreter executable (/home/vymvn/dev/nfc-pi/venv/bin/ruff) not found
2023-09-04 16:12:04.298 [info] Using environment executable: /sbin/ruff
2023-09-04 16:12:04.298 [info] Running Ruff with: /sbin/ruff ['--force-exclude', '--no-cache', '--no-fix', '--quiet', '--format', 'json', '-', '--stdin-filename', '/home/vymvn/dev/nfc-pi/main.py']
2023-09-04 16:12:05.265 [info] Interpreter executable (/home/vymvn/dev/nfc-pi/venv/bin/ruff) not found
2023-09-04 16:12:05.266 [info] Using environment executable: /sbin/ruff
2023-09-04 16:12:05.266 [info] Running Ruff with: /sbin/ruff ['--force-exclude', '--no-cache', '--no-fix', '--quiet', '--format', 'json', '-', '--stdin-filename', '/home/vymvn/dev/nfc-pi/main.py']
2023-09-04 16:12:10.679 [info] Interpreter executable (/home/vymvn/dev/nfc-pi/venv/bin/ruff) not found
2023-09-04 16:12:10.679 [info] Using environment executable: /sbin/ruff
2023-09-04 16:12:10.679 [info] Running Ruff with: /sbin/ruff ['--force-exclude', '--no-cache', '--no-fix', '--quiet', '--format', 'json', '-', '--stdin-filename', '/home/vymvn/dev/nfc-pi/main.py']
2023-09-04 16:12:15.124 [info] Interpreter executable (/home/vymvn/dev/nfc-pi/venv/bin/ruff) not found
2023-09-04 16:12:15.124 [info] Using environment executable: /sbin/ruff
2023-09-04 16:12:15.125 [info] Running Ruff with: /sbin/ruff ['--force-exclude', '--no-cache', '--no-fix', '--quiet', '--format', 'json', '-', '--stdin-filename', '/home/vymvn/dev/nfc-pi/main.py']
2023-09-04 16:12:33.771 [info] Interpreter executable (/home/vymvn/dev/nfc-pi/venv/bin/ruff) not found
2023-09-04 16:12:33.772 [info] Using environment executable: /sbin/ruff
2023-09-04 16:12:33.772 [info] Running Ruff with: /sbin/ruff ['--force-exclude', '--no-cache', '--no-fix', '--quiet', '--format', 'json', '-', '--stdin-filename', '/home/vymvn/dev/nfc-pi/main.py']
2023-09-04 16:12:35.134 [info] Interpreter executable (/home/vymvn/dev/nfc-pi/venv/bin/ruff) not found
2023-09-04 16:12:35.134 [info] Using environment executable: /sbin/ruff
2023-09-04 16:12:35.135 [info] Running Ruff with: /sbin/ruff ['--force-exclude', '--no-cache', '--no-fix', '--quiet', '--format', 'json', '-', '--stdin-filename', '/home/vymvn/dev/nfc-pi/main.py']
2023-09-04 16:14:26.216 [info] Interpreter executable (/home/vymvn/dev/nfc-pi/venv/bin/ruff) not found
2023-09-04 16:14:26.223 [info] Using environment executable: /sbin/ruff
2023-09-04 16:14:26.226 [info] Running Ruff with: /sbin/ruff ['--force-exclude', '--no-cache', '--no-fix', '--quiet', '--format', 'json', '-', '--stdin-filename', '/home/vymvn/dev/nfc-pi/main.py']
2023-09-04 16:14:53.580 [info] Server: Stop requested
2023-09-04 16:14:53.617 [info] 2023-09-04 16:14:53,597 INFO Shutting down the server
2023-09-04 16:14:53,597 INFO Closing the event loop.

2023-09-04 16:14:53.620 [info] Server run command: /home/vymvn/dev/nfc-pi/venv/bin/python /home/vymvn/.vscode-oss/extensions/charliermarsh.ruff-2023.34.0-linux-x64/bundled/tool/server.py
2023-09-04 16:14:53.620 [info] Server: Start requested.
2023-09-04 16:14:54.368 [info] 2023-09-04 16:14:54,368 INFO Starting IO server

2023-09-04 16:14:54.420 [info] Workspace settings: [
    {
        "cwd": "/home/vymvn/dev/nfc-pi",
        "workspace": "file:///home/vymvn/dev/nfc-pi",
        "args": [],
        "path": [],
        "interpreter": [
            "/home/vymvn/dev/nfc-pi/venv/bin/python"
        ],
        "importStrategy": "fromEnvironment",
        "run": "onType",
        "codeAction": {
            "fixViolation": {
                "enable": true
            },
            "disableRuleComment": {
                "enable": true
            }
        },
        "enable": true,
        "organizeImports": true,
        "fixAll": true,
        "showNotifications": "off"
    }
]
2023-09-04 16:14:54.420 [info] Global settings: {
    "cwd": "/home/vymvn",
    "workspace": "/home/vymvn",
    "args": [],
    "path": [],
    "interpreter": [],
    "importStrategy": "fromEnvironment",
    "run": "onType",
    "codeAction": {
        "fixViolation": {
            "enable": true
        },
        "disableRuleComment": {
            "enable": true
        }
    },
    "enable": true,
    "organizeImports": true,
    "fixAll": true,
    "showNotifications": "off"
}
2023-09-04 16:14:54.430 [info] [Trace - 4:14:54 PM] Sending request 'textDocument/codeAction - (1)'.
2023-09-04 16:14:54.434 [info] [Trace - 4:14:54 PM] Received notification 'window/logMessage'.
2023-09-04 16:14:54.434 [info] Interpreter executable (/home/vymvn/dev/nfc-pi/venv/bin/ruff) not found
2023-09-04 16:14:54.434 [info] [Trace - 4:14:54 PM] Received notification 'window/logMessage'.
2023-09-04 16:14:54.434 [info] Using environment executable: /sbin/ruff
2023-09-04 16:14:54.434 [info] [Trace - 4:14:54 PM] Received notification 'window/logMessage'.
2023-09-04 16:14:54.434 [info] Running Ruff with: /sbin/ruff ['--force-exclude', '--no-cache', '--no-fix', '--quiet', '--format', 'json', '-', '--stdin-filename', '/home/vymvn/dev/nfc-pi/main.py']
2023-09-04 16:14:54.442 [info] [Trace - 4:14:54 PM] Received response 'textDocument/codeAction - (1)' in 11ms.
2023-09-04 16:14:54.446 [info] [Trace - 4:14:54 PM] Received notification 'textDocument/publishDiagnostics'.
2023-09-04 16:14:54.699 [info] [Trace - 4:14:54 PM] Sending request 'textDocument/codeAction - (2)'.
2023-09-04 16:14:54.703 [info] [Trace - 4:14:54 PM] Received response 'textDocument/codeAction - (2)' in 4ms.
2023-09-04 16:14:55.850 [info] [Trace - 4:14:55 PM] Sending request 'textDocument/codeAction - (3)'.
2023-09-04 16:14:55.856 [info] [Trace - 4:14:55 PM] Received response 'textDocument/codeAction - (3)' in 6ms.
2023-09-04 16:14:58.065 [info] [Trace - 4:14:58 PM] Sending request 'textDocument/codeAction - (4)'.
2023-09-04 16:14:58.075 [info] [Trace - 4:14:58 PM] Received response 'textDocument/codeAction - (4)' in 11ms.
2023-09-04 16:14:58.952 [info] [Trace - 4:14:58 PM] Sending notification 'textDocument/didChange'.
2023-09-04 16:14:58.964 [info] [Trace - 4:14:58 PM] Received notification 'window/logMessage'.
2023-09-04 16:14:58.964 [info] Interpreter executable (/home/vymvn/dev/nfc-pi/venv/bin/ruff) not found
2023-09-04 16:14:58.964 [info] [Trace - 4:14:58 PM] Received notification 'window/logMessage'.
2023-09-04 16:14:58.964 [info] Using environment executable: /sbin/ruff
2023-09-04 16:14:58.964 [info] [Trace - 4:14:58 PM] Received notification 'window/logMessage'.
2023-09-04 16:14:58.964 [info] Running Ruff with: /sbin/ruff ['--force-exclude', '--no-cache', '--no-fix', '--quiet', '--format', 'json', '-', '--stdin-filename', '/home/vymvn/dev/nfc-pi/main.py']
2023-09-04 16:14:58.975 [info] [Trace - 4:14:58 PM] Received notification 'textDocument/publishDiagnostics'.
2023-09-04 16:15:01.523 [info] [Trace - 4:15:01 PM] Sending notification 'textDocument/didChange'.
2023-09-04 16:15:01.525 [info] [Trace - 4:15:01 PM] Received notification 'window/logMessage'.
2023-09-04 16:15:01.525 [info] Interpreter executable (/home/vymvn/dev/nfc-pi/venv/bin/ruff) not found
2023-09-04 16:15:01.525 [info] [Trace - 4:15:01 PM] Received notification 'window/logMessage'.
2023-09-04 16:15:01.525 [info] Using environment executable: /sbin/ruff
2023-09-04 16:15:01.525 [info] [Trace - 4:15:01 PM] Received notification 'window/logMessage'.
2023-09-04 16:15:01.525 [info] Running Ruff with: /sbin/ruff ['--force-exclude', '--no-cache', '--no-fix', '--quiet', '--format', 'json', '-', '--stdin-filename', '/home/vymvn/dev/nfc-pi/main.py']
2023-09-04 16:15:01.531 [info] [Trace - 4:15:01 PM] Received notification 'textDocument/publishDiagnostics'.
2023-09-04 16:15:01.794 [info] [Trace - 4:15:01 PM] Sending request 'textDocument/codeAction - (5)'.
2023-09-04 16:15:01.805 [info] [Trace - 4:15:01 PM] Received response 'textDocument/codeAction - (5)' in 11ms.
2023-09-04 16:15:02.175 [info] [Trace - 4:15:02 PM] Sending request 'textDocument/codeAction - (6)'.
2023-09-04 16:15:02.181 [info] [Trace - 4:15:02 PM] Received response 'textDocument/codeAction - (6)' in 6ms.
2023-09-04 16:15:03.711 [info] [Trace - 4:15:03 PM] Sending notification 'textDocument/didSave'.
2023-09-04 16:15:05.721 [info] [Trace - 4:15:05 PM] Sending request 'textDocument/codeAction - (7)'.
2023-09-04 16:15:05.728 [info] [Trace - 4:15:05 PM] Received response 'textDocument/codeAction - (7)' in 7ms.
2023-09-04 16:15:12.375 [info] [Trace - 4:15:12 PM] Sending request 'textDocument/codeAction - (8)'.
2023-09-04 16:15:12.379 [info] [Trace - 4:15:12 PM] Received response 'textDocument/codeAction - (8)' in 4ms.
2023-09-04 16:18:03.647 [info] [Trace - 4:18:03 PM] Sending request 'shutdown - (9)'.
2023-09-04 16:18:03.664 [info] [Trace - 4:18:03 PM] Received response 'shutdown - (9)' in 25ms.
2023-09-04 16:18:03.664 [info] [Trace - 4:18:03 PM] Sending notification 'exit'.
