2023-08-29 13:56:15.806 [info] Added views:workbench.panel.markers.view in workbench.panel.markers
2023-08-29 13:56:15.806 [info] Added views:workbench.panel.output in workbench.panel.output
2023-08-29 13:56:15.806 [info] Added views:terminal in terminal
2023-08-29 13:56:15.806 [info] Added views:outline in workbench.view.explorer
2023-08-29 13:56:15.806 [info] Added views:workbench.scm in workbench.view.scm
2023-08-29 13:56:15.806 [info] Added views:workbench.view.search in workbench.view.search
2023-08-29 13:56:15.806 [info] Added views:timeline in workbench.view.explorer
2023-08-29 13:56:15.806 [info] Added views:workbench.explorer.fileView in workbench.view.explorer
2023-08-29 13:56:16.060 [info] Added views:workbench.debug.welcome in workbench.view.debug
2023-08-29 13:56:16.450 [info] Added views:sshHosts in workbench.view.remote
2023-08-29 13:56:16.452 [info] Added views:snyk.views.welcome,snyk.views.support in workbench.view.extension.snyk
2023-08-29 13:56:16.697 [info] Added views:workbench.panel.repl.view in workbench.panel.repl
2023-08-29 13:56:21.615 [info] Added views:workbench.panel.markers.view in workbench.panel.markers
2023-08-29 13:56:21.615 [info] Added views:workbench.panel.output in workbench.panel.output
2023-08-29 13:56:21.615 [info] Added views:terminal in terminal
2023-08-29 13:56:21.615 [info] Added views:outline in workbench.view.explorer
2023-08-29 13:56:21.615 [info] Added views:workbench.scm in workbench.view.scm
2023-08-29 13:56:21.615 [info] Added views:workbench.view.search in workbench.view.search
2023-08-29 13:56:21.615 [info] Added views:timeline in workbench.view.explorer
2023-08-29 13:56:21.615 [info] Added views:workbench.explorer.fileView in workbench.view.explorer
2023-08-29 13:56:21.809 [info] Added views:sshHosts in workbench.view.remote
2023-08-29 13:56:21.810 [info] Added views:snyk.views.welcome,snyk.views.support in workbench.view.extension.snyk
2023-08-29 13:56:22.006 [info] Added views:workbench.debug.welcome in workbench.view.debug
2023-08-29 13:56:22.041 [info] Added views:workbench.panel.repl.view in workbench.panel.repl
2023-08-29 13:56:31.590 [info] Added views:workbench.panel.markers.view in workbench.panel.markers
2023-08-29 13:56:31.590 [info] Added views:workbench.panel.output in workbench.panel.output
2023-08-29 13:56:31.590 [info] Added views:terminal in terminal
2023-08-29 13:56:31.590 [info] Added views:outline in workbench.view.explorer
2023-08-29 13:56:31.590 [info] Added views:workbench.scm in workbench.view.scm
2023-08-29 13:56:31.590 [info] Added views:workbench.view.search in workbench.view.search
2023-08-29 13:56:31.590 [info] Added views:timeline in workbench.view.explorer
2023-08-29 13:56:31.590 [info] Added views:workbench.explorer.emptyView in workbench.view.explorer
2023-08-29 13:56:31.657 [info] Added views:workbench.debug.variablesView,workbench.debug.watchExpressionsView,workbench.debug.callStackView,workbench.debug.breakPointsView in workbench.view.debug
2023-08-29 13:56:31.861 [info] Added views:sshHosts in workbench.view.remote
2023-08-29 13:56:31.863 [info] Added views:snyk.views.welcome,snyk.views.support in workbench.view.extension.snyk
2023-08-29 13:56:32.185 [info] Added views:workbench.panel.repl.view in workbench.panel.repl
2023-08-29 13:56:32.185 [info] Removed views:workbench.debug.breakPointsView,workbench.debug.callStackView,workbench.debug.watchExpressionsView,workbench.debug.variablesView from workbench.view.debug
2023-08-29 13:56:32.186 [info] Added views:workbench.debug.welcome in workbench.view.debug
2023-08-29 13:56:47.921 [info] Added views:workbench.view.testing in workbench.view.extension.test
2023-08-29 13:57:19.791 [info] Added views:workbench.views.extensions.installed,workbench.views.extensions.popular,extensions.recommendedList in workbench.view.extensions
2023-08-29 13:57:19.795 [info] Removed views:workbench.views.extensions.popular from workbench.view.extensions
2023-08-29 13:57:23.618 [info] Removed views:workbench.view.testing from workbench.view.extension.test
2023-08-29 13:57:24.704 [info] Added views:workbench.panel.markers.view in workbench.panel.markers
2023-08-29 13:57:24.704 [info] Added views:workbench.panel.output in workbench.panel.output
2023-08-29 13:57:24.704 [info] Added views:terminal in terminal
2023-08-29 13:57:24.704 [info] Added views:outline in workbench.view.explorer
2023-08-29 13:57:24.704 [info] Added views:workbench.scm in workbench.view.scm
2023-08-29 13:57:24.704 [info] Added views:workbench.view.search in workbench.view.search
2023-08-29 13:57:24.704 [info] Added views:timeline in workbench.view.explorer
2023-08-29 13:57:24.704 [info] Added views:workbench.explorer.emptyView in workbench.view.explorer
2023-08-29 13:57:24.877 [info] Added views:workbench.debug.welcome in workbench.view.debug
2023-08-29 13:57:25.033 [info] Added views:sshHosts in workbench.view.remote
2023-08-29 13:57:25.033 [info] Added views:snyk.views.welcome,snyk.views.support in workbench.view.extension.snyk
2023-08-29 13:57:25.431 [info] Added views:workbench.panel.repl.view in workbench.panel.repl
2023-08-29 13:57:25.672 [info] Added views:workbench.views.extensions.installed,extensions.recommendedList in workbench.view.extensions
2023-08-29 13:57:25.785 [info] Added views:workbench.view.testing in workbench.view.extension.test
2023-08-29 13:58:40.011 [info] Removed views:extensions.recommendedList,workbench.views.extensions.installed from workbench.view.extensions
2023-08-29 13:58:40.036 [info] Added views:workbench.views.extensions.marketplace in workbench.view.extensions
2023-08-29 14:02:51.928 [info] Removed views:workbench.view.testing from workbench.view.extension.test
2023-08-29 14:02:53.061 [info] Added views:workbench.panel.markers.view in workbench.panel.markers
2023-08-29 14:02:53.061 [info] Added views:workbench.panel.output in workbench.panel.output
2023-08-29 14:02:53.061 [info] Added views:terminal in terminal
2023-08-29 14:02:53.061 [info] Added views:outline in workbench.view.explorer
2023-08-29 14:02:53.061 [info] Added views:workbench.scm in workbench.view.scm
2023-08-29 14:02:53.061 [info] Added views:workbench.view.search in workbench.view.search
2023-08-29 14:02:53.061 [info] Added views:timeline in workbench.view.explorer
2023-08-29 14:02:53.061 [info] Added views:workbench.explorer.emptyView in workbench.view.explorer
2023-08-29 14:02:53.320 [info] Added views:sshHosts in workbench.view.remote
2023-08-29 14:02:53.322 [info] Added views:snyk.views.welcome,snyk.views.support in workbench.view.extension.snyk
2023-08-29 14:02:53.545 [info] Added views:workbench.debug.welcome in workbench.view.debug
2023-08-29 14:02:53.587 [info] Added views:workbench.panel.repl.view in workbench.panel.repl
2023-08-29 14:02:53.697 [info] Added views:workbench.views.extensions.installed,extensions.recommendedList in workbench.view.extensions
