2023-11-04 14:38:49.230 [info] Getting Manifest... catppuccin.catppuccin-vsc
2023-11-04 14:38:49.237 [info] Getting Manifest... catppuccin.catppuccin-vsc-icons
2023-11-04 14:38:49.238 [info] Getting Manifest... charliermarsh.ruff
2023-11-04 14:38:49.239 [info] Getting Manifest... formulahendry.code-runner
2023-11-04 14:38:49.240 [info] Getting Manifest... jeanp413.open-remote-ssh
2023-11-04 14:38:49.241 [info] Getting Manifest... ms-pyright.pyright
2023-11-04 14:38:49.242 [info] Getting Manifest... ms-python.python
2023-11-04 14:38:49.243 [info] Getting Manifest... vscodevim.vim
2023-11-04 14:38:50.116 [info] Installing extension: catppuccin.catppuccin-vsc
2023-11-04 14:38:50.174 [info] Installing extension: charliermarsh.ruff
2023-11-04 14:38:50.204 [info] Installing extension: formulahendry.code-runner
2023-11-04 14:38:50.328 [info] Installing extension: jeanp413.open-remote-ssh
2023-11-04 14:38:50.366 [info] Installing extension: vscodevim.vim
2023-11-04 14:38:50.676 [info] Installing extension: catppuccin.catppuccin-vsc-icons
2023-11-04 14:38:50.784 [info] Getting Manifest... ms-python.python
2023-11-04 14:38:50.921 [info] Installing extension: ms-pyright.pyright
2023-11-04 14:38:51.051 [info] Installing extension: ms-python.python
2023-11-04 14:38:51.809 [info] Waiting for already requested installing extension ms-python.python charliermarsh.ruff
2023-11-04 14:38:53.052 [info] Extension signature verification is not done: catppuccin.catppuccin-vsc
2023-11-04 14:38:53.089 [info] Extracted extension to file:///home/vymvn/.vscode-oss/extensions/catppuccin.catppuccin-vsc-3.6.0-universal: catppuccin.catppuccin-vsc
2023-11-04 14:38:53.096 [info] Renamed to /home/vymvn/.vscode-oss/extensions/catppuccin.catppuccin-vsc-3.6.0-universal
2023-11-04 14:38:53.098 [info] Extracting extension completed. catppuccin.catppuccin-vsc
2023-11-04 14:38:53.113 [info] Extension installed successfully: catppuccin.catppuccin-vsc
2023-11-04 14:38:53.117 [info] Marked extension as uninstalled catppuccin.catppuccin-vsc-3.3.0-universal
2023-11-04 14:38:53.185 [error] [uncaught exception in sharedProcess]: Error: ENOENT: no such file or directory, stat '/home/vymvn/.vscode-oss/extensions/extensions.json.vsctmp': EntryNotFound (FileSystemError): Error: ENOENT: no such file or directory, stat '/home/vymvn/.vscode-oss/extensions/extensions.json.vsctmp'
    at r.create (/opt/vscodium-bin/resources/app/out/vs/code/node/sharedProcess/sharedProcessMain.js:51:35849)
    at a (/opt/vscodium-bin/resources/app/out/vs/code/node/sharedProcess/sharedProcessMain.js:51:35983)
    at s.toFileSystemProviderError (/opt/vscodium-bin/resources/app/out/vs/code/node/sharedProcess/sharedProcessMain.js:56:47852)
    at s.stat (/opt/vscodium-bin/resources/app/out/vs/code/node/sharedProcess/sharedProcessMain.js:56:38447)
    at async C.stat (/opt/vscodium-bin/resources/app/out/vs/code/node/sharedProcess/sharedProcessMain.js:56:20932)
    at async Y.onDidFilesChange (/opt/vscodium-bin/resources/app/out/vs/code/node/sharedProcess/sharedProcessMain.js:109:12681)
2023-11-04 14:38:53.194 [info] Extension signature verification is not done: jeanp413.open-remote-ssh
2023-11-04 14:38:53.208 [info] Extracted extension to file:///home/vymvn/.vscode-oss/extensions/jeanp413.open-remote-ssh-0.0.45-universal: jeanp413.open-remote-ssh
2023-11-04 14:38:53.212 [info] Renamed to /home/vymvn/.vscode-oss/extensions/jeanp413.open-remote-ssh-0.0.45-universal
2023-11-04 14:38:53.213 [info] Extracting extension completed. jeanp413.open-remote-ssh
2023-11-04 14:38:53.223 [info] Extension installed successfully: jeanp413.open-remote-ssh
2023-11-04 14:38:53.225 [info] Marked extension as uninstalled jeanp413.open-remote-ssh-0.0.43-universal
2023-11-04 14:38:53.386 [info] Extension signature verification is not done: formulahendry.code-runner
2023-11-04 14:38:53.502 [info] Extracted extension to file:///home/vymvn/.vscode-oss/extensions/formulahendry.code-runner-0.12.1-universal: formulahendry.code-runner
2023-11-04 14:38:53.507 [info] Renamed to /home/vymvn/.vscode-oss/extensions/formulahendry.code-runner-0.12.1-universal
2023-11-04 14:38:53.509 [info] Extracting extension completed. formulahendry.code-runner
2023-11-04 14:38:53.517 [info] Extension installed successfully: formulahendry.code-runner
2023-11-04 14:38:53.520 [info] Marked extension as uninstalled formulahendry.code-runner-0.12.0-universal
2023-11-04 14:38:53.552 [info] Extension signature verification is not done: vscodevim.vim
2023-11-04 14:38:53.567 [error] [uncaught exception in sharedProcess]: Error: ENOENT: no such file or directory, stat '/home/vymvn/.vscode-oss/extensions/extensions.json.vsctmp': EntryNotFound (FileSystemError): Error: ENOENT: no such file or directory, stat '/home/vymvn/.vscode-oss/extensions/extensions.json.vsctmp'
    at r.create (/opt/vscodium-bin/resources/app/out/vs/code/node/sharedProcess/sharedProcessMain.js:51:35849)
    at a (/opt/vscodium-bin/resources/app/out/vs/code/node/sharedProcess/sharedProcessMain.js:51:35983)
    at s.toFileSystemProviderError (/opt/vscodium-bin/resources/app/out/vs/code/node/sharedProcess/sharedProcessMain.js:56:47852)
    at s.stat (/opt/vscodium-bin/resources/app/out/vs/code/node/sharedProcess/sharedProcessMain.js:56:38447)
    at async C.stat (/opt/vscodium-bin/resources/app/out/vs/code/node/sharedProcess/sharedProcessMain.js:56:20932)
    at async Y.onDidFilesChange (/opt/vscodium-bin/resources/app/out/vs/code/node/sharedProcess/sharedProcessMain.js:109:12681)
2023-11-04 14:38:53.627 [info] Extracted extension to file:///home/vymvn/.vscode-oss/extensions/vscodevim.vim-1.26.2-universal: vscodevim.vim
2023-11-04 14:38:53.632 [info] Renamed to /home/vymvn/.vscode-oss/extensions/vscodevim.vim-1.26.2-universal
2023-11-04 14:38:53.634 [info] Extracting extension completed. vscodevim.vim
2023-11-04 14:38:53.643 [info] Extension installed successfully: vscodevim.vim
2023-11-04 14:38:53.646 [info] Marked extension as uninstalled vscodevim.vim-1.26.0-universal
2023-11-04 14:38:54.406 [info] Extension signature verification is not done: catppuccin.catppuccin-vsc-icons
2023-11-04 14:38:55.137 [info] Extracted extension to file:///home/vymvn/.vscode-oss/extensions/catppuccin.catppuccin-vsc-icons-0.30.0-universal: catppuccin.catppuccin-vsc-icons
2023-11-04 14:38:55.148 [info] Renamed to /home/vymvn/.vscode-oss/extensions/catppuccin.catppuccin-vsc-icons-0.30.0-universal
2023-11-04 14:38:55.154 [info] Extracting extension completed. catppuccin.catppuccin-vsc-icons
2023-11-04 14:38:55.178 [info] Extension installed successfully: catppuccin.catppuccin-vsc-icons
2023-11-04 14:38:55.183 [info] Marked extension as uninstalled catppuccin.catppuccin-vsc-icons-0.28.0-universal
2023-11-04 14:38:55.249 [error] [uncaught exception in sharedProcess]: Error: ENOENT: no such file or directory, stat '/home/vymvn/.vscode-oss/extensions/extensions.json.vsctmp': EntryNotFound (FileSystemError): Error: ENOENT: no such file or directory, stat '/home/vymvn/.vscode-oss/extensions/extensions.json.vsctmp'
    at r.create (/opt/vscodium-bin/resources/app/out/vs/code/node/sharedProcess/sharedProcessMain.js:51:35849)
    at a (/opt/vscodium-bin/resources/app/out/vs/code/node/sharedProcess/sharedProcessMain.js:51:35983)
    at s.toFileSystemProviderError (/opt/vscodium-bin/resources/app/out/vs/code/node/sharedProcess/sharedProcessMain.js:56:47852)
    at s.stat (/opt/vscodium-bin/resources/app/out/vs/code/node/sharedProcess/sharedProcessMain.js:56:38447)
    at async C.stat (/opt/vscodium-bin/resources/app/out/vs/code/node/sharedProcess/sharedProcessMain.js:56:20932)
    at async Y.onDidFilesChange (/opt/vscodium-bin/resources/app/out/vs/code/node/sharedProcess/sharedProcessMain.js:109:12681)
2023-11-04 14:38:56.964 [info] Extension signature verification is not done: charliermarsh.ruff
2023-11-04 14:38:57.257 [info] Extension signature verification is not done: ms-pyright.pyright
2023-11-04 14:38:57.284 [info] Extracted extension to file:///home/vymvn/.vscode-oss/extensions/charliermarsh.ruff-2023.44.0-linux-x64: charliermarsh.ruff
2023-11-04 14:38:57.290 [info] Renamed to /home/vymvn/.vscode-oss/extensions/charliermarsh.ruff-2023.44.0-linux-x64
2023-11-04 14:38:57.296 [info] Extracting extension completed. charliermarsh.ruff
2023-11-04 14:38:57.308 [info] Marked extension as uninstalled charliermarsh.ruff-2023.38.0-linux-x64
2023-11-04 14:38:57.376 [error] [uncaught exception in sharedProcess]: Error: ENOENT: no such file or directory, stat '/home/vymvn/.vscode-oss/extensions/extensions.json.vsctmp': EntryNotFound (FileSystemError): Error: ENOENT: no such file or directory, stat '/home/vymvn/.vscode-oss/extensions/extensions.json.vsctmp'
    at r.create (/opt/vscodium-bin/resources/app/out/vs/code/node/sharedProcess/sharedProcessMain.js:51:35849)
    at a (/opt/vscodium-bin/resources/app/out/vs/code/node/sharedProcess/sharedProcessMain.js:51:35983)
    at s.toFileSystemProviderError (/opt/vscodium-bin/resources/app/out/vs/code/node/sharedProcess/sharedProcessMain.js:56:47852)
    at s.stat (/opt/vscodium-bin/resources/app/out/vs/code/node/sharedProcess/sharedProcessMain.js:56:38447)
    at async C.stat (/opt/vscodium-bin/resources/app/out/vs/code/node/sharedProcess/sharedProcessMain.js:56:20932)
    at async Y.onDidFilesChange (/opt/vscodium-bin/resources/app/out/vs/code/node/sharedProcess/sharedProcessMain.js:109:12681)
2023-11-04 14:38:59.349 [info] Extracted extension to file:///home/vymvn/.vscode-oss/extensions/ms-pyright.pyright-1.1.334-universal: ms-pyright.pyright
2023-11-04 14:38:59.390 [info] Renamed to /home/vymvn/.vscode-oss/extensions/ms-pyright.pyright-1.1.334-universal
2023-11-04 14:38:59.392 [info] Extracting extension completed. ms-pyright.pyright
2023-11-04 14:38:59.405 [info] Extension installed successfully: ms-pyright.pyright
2023-11-04 14:38:59.410 [info] Marked extension as uninstalled ms-pyright.pyright-1.1.329-universal
2023-11-04 14:38:59.475 [error] [uncaught exception in sharedProcess]: Error: ENOENT: no such file or directory, stat '/home/vymvn/.vscode-oss/extensions/extensions.json.vsctmp': EntryNotFound (FileSystemError): Error: ENOENT: no such file or directory, stat '/home/vymvn/.vscode-oss/extensions/extensions.json.vsctmp'
    at r.create (/opt/vscodium-bin/resources/app/out/vs/code/node/sharedProcess/sharedProcessMain.js:51:35849)
    at a (/opt/vscodium-bin/resources/app/out/vs/code/node/sharedProcess/sharedProcessMain.js:51:35983)
    at s.toFileSystemProviderError (/opt/vscodium-bin/resources/app/out/vs/code/node/sharedProcess/sharedProcessMain.js:56:47852)
    at s.stat (/opt/vscodium-bin/resources/app/out/vs/code/node/sharedProcess/sharedProcessMain.js:56:38447)
    at async C.stat (/opt/vscodium-bin/resources/app/out/vs/code/node/sharedProcess/sharedProcessMain.js:56:20932)
    at async Y.onDidFilesChange (/opt/vscodium-bin/resources/app/out/vs/code/node/sharedProcess/sharedProcessMain.js:109:12681)
2023-11-04 14:39:09.280 [info] Extension signature verification is not done: ms-python.python
2023-11-04 14:39:11.628 [info] Extracted extension to file:///home/vymvn/.vscode-oss/extensions/ms-python.python-2023.20.0-universal: ms-python.python
2023-11-04 14:39:11.660 [info] Renamed to /home/vymvn/.vscode-oss/extensions/ms-python.python-2023.20.0-universal
2023-11-04 14:39:11.665 [info] Extracting extension completed. ms-python.python
2023-11-04 14:39:11.676 [info] Extension installed successfully: ms-python.python
2023-11-04 14:39:11.677 [info] Finished waiting for already requested installing extension ms-python.python charliermarsh.ruff
2023-11-04 14:39:11.677 [info] Extension installed successfully: charliermarsh.ruff
2023-11-04 14:39:11.684 [info] Marked extension as uninstalled ms-python.python-2023.14.0-universal
2023-11-04 14:39:11.749 [error] [uncaught exception in sharedProcess]: Error: ENOENT: no such file or directory, stat '/home/vymvn/.vscode-oss/extensions/extensions.json.vsctmp': EntryNotFound (FileSystemError): Error: ENOENT: no such file or directory, stat '/home/vymvn/.vscode-oss/extensions/extensions.json.vsctmp'
    at r.create (/opt/vscodium-bin/resources/app/out/vs/code/node/sharedProcess/sharedProcessMain.js:51:35849)
    at a (/opt/vscodium-bin/resources/app/out/vs/code/node/sharedProcess/sharedProcessMain.js:51:35983)
    at s.toFileSystemProviderError (/opt/vscodium-bin/resources/app/out/vs/code/node/sharedProcess/sharedProcessMain.js:56:47852)
    at s.stat (/opt/vscodium-bin/resources/app/out/vs/code/node/sharedProcess/sharedProcessMain.js:56:38447)
    at async C.stat (/opt/vscodium-bin/resources/app/out/vs/code/node/sharedProcess/sharedProcessMain.js:56:20932)
    at async Y.onDidFilesChange (/opt/vscodium-bin/resources/app/out/vs/code/node/sharedProcess/sharedProcessMain.js:109:12681)
