2023-08-30 01:28:36.187 [info] Extension host with pid 4384 started
2023-08-30 01:28:36.187 [info] Skipping acquiring lock for /home/vymvn/.config/VSCodium/User/workspaceStorage/97e9e29e6b8ea2105d006ad6e17b37b6.
2023-08-30 01:28:36.297 [info] ExtensionService#_doActivateExtension vscode.git-base, startup: true, activationEvent: '*', root cause: vscode.git
2023-08-30 01:28:36.305 [info] ExtensionService#_doActivateExtension Catppuccin.catppuccin-vsc, startup: true, activationEvent: '*'
2023-08-30 01:28:36.310 [info] ExtensionService#_doActivateExtension snyk-security.snyk-vulnerability-scanner, startup: true, activationEvent: '*'
2023-08-30 01:28:37.363 [info] ExtensionService#_doActivateExtension vscodevim.vim, startup: true, activationEvent: '*'
2023-08-30 01:28:37.452 [info] ExtensionService#_doActivateExtension vscode.git, startup: true, activationEvent: '*'
2023-08-30 01:28:37.477 [info] ExtensionService#_doActivateExtension vscode.github, startup: true, activationEvent: '*'
2023-08-30 01:28:37.571 [info] Eager extensions activated
2023-08-30 01:28:37.573 [info] ExtensionService#_doActivateExtension vscode.debug-auto-launch, startup: false, activationEvent: 'onStartupFinished'
2023-08-30 01:28:37.575 [info] ExtensionService#_doActivateExtension vscode.merge-conflict, startup: false, activationEvent: 'onStartupFinished'
2023-08-30 01:28:37.582 [info] ExtensionService#_doActivateExtension 21zz.vscord, startup: false, activationEvent: 'onStartupFinished'
2023-08-30 01:28:37.634 [info] ExtensionService#_doActivateExtension formulahendry.code-runner, startup: false, activationEvent: 'onStartupFinished'
2023-08-30 01:28:37.660 [info] ExtensionService#_doActivateExtension vadimcn.vscode-lldb, startup: false, activationEvent: 'onStartupFinished'
2023-08-30 01:28:38.432 [error] SentryError: Invalid Dsn
	at new SentryError (/home/vymvn/.vscode-oss/extensions/snyk-security.snyk-vulnerability-scanner-1.18.1/node_modules/@sentry/utils/dist/error.js:9:28)
	at Dsn._fromString (/home/vymvn/.vscode-oss/extensions/snyk-security.snyk-vulnerability-scanner-1.18.1/node_modules/@sentry/utils/dist/dsn.js:39:19)
	at new Dsn (/home/vymvn/.vscode-oss/extensions/snyk-security.snyk-vulnerability-scanner-1.18.1/node_modules/@sentry/utils/dist/dsn.js:13:18)
	at NodeBackend._setupTransport (/home/vymvn/.vscode-oss/extensions/snyk-security.snyk-vulnerability-scanner-1.18.1/node_modules/@sentry/node/dist/backend.js:97:19)
	at NodeBackend.BaseBackend (/home/vymvn/.vscode-oss/extensions/snyk-security.snyk-vulnerability-scanner-1.18.1/node_modules/@sentry/core/dist/basebackend.js:15:32)
	at new NodeBackend (/home/vymvn/.vscode-oss/extensions/snyk-security.snyk-vulnerability-scanner-1.18.1/node_modules/@sentry/node/dist/backend.js:15:42)
	at NodeClient.BaseClient (/home/vymvn/.vscode-oss/extensions/snyk-security.snyk-vulnerability-scanner-1.18.1/node_modules/@sentry/core/dist/baseclient.js:53:25)
	at new NodeClient (/home/vymvn/.vscode-oss/extensions/snyk-security.snyk-vulnerability-scanner-1.18.1/node_modules/@sentry/node/dist/client.js:33:24)
	at Object.initAndBind (/home/vymvn/.vscode-oss/extensions/snyk-security.snyk-vulnerability-scanner-1.18.1/node_modules/@sentry/core/dist/sdk.js:18:18)
	at Object.init (/home/vymvn/.vscode-oss/extensions/snyk-security.snyk-vulnerability-scanner-1.18.1/node_modules/@sentry/node/dist/sdk.js:116:12)
	at ErrorReporter.init (/home/vymvn/.vscode-oss/extensions/snyk-security.snyk-vulnerability-scanner-1.18.1/out/snyk/common/error/errorReporter.js:37:16)
	at async SnykExtension.activate (/home/vymvn/.vscode-oss/extensions/snyk-security.snyk-vulnerability-scanner-1.18.1/out/snyk/extension.js:92:13)
2023-08-30 01:28:39.989 [info] ExtensionService#_doActivateExtension vscode.emmet, startup: false, activationEvent: 'onLanguage'
2023-08-30 01:33:45.578 [info] Extension host terminating: renderer closed the MessagePort
2023-08-30 01:33:45.591 [info] Extension host with pid 4384 exiting with code 0
