2023-11-04 14:38:46.007 [info] Name: Ruff
2023-11-04 14:38:46.007 [info] Module: ruff
2023-11-04 14:38:46.007 [info] Python extension loading
2023-11-04 14:38:46.007 [info] Waiting for interpreter from python extension.
2023-11-04 14:38:46.007 [info] Python extension loaded
2023-11-04 14:38:46.007 [info] Server run command: /home/vymvn/dev/nfc-pi/venv/bin/python /home/vymvn/.vscode-oss/extensions/charliermarsh.ruff-2023.38.0-linux-x64/bundled/tool/server.py
2023-11-04 14:38:46.007 [info] Server: Start requested.
2023-11-04 14:38:47.562 [info] 2023-11-04 14:38:46,919 INFO Starting IO server

2023-11-04 14:38:47.590 [info] Workspace settings: [
    {
        "cwd": "/home/vymvn/dev/nfc-pi",
        "workspace": "file:///home/vymvn/dev/nfc-pi",
        "args": [],
        "path": [],
        "interpreter": [
            "/home/vymvn/dev/nfc-pi/venv/bin/python"
        ],
        "importStrategy": "fromEnvironment",
        "run": "onType",
        "codeAction": {
            "fixViolation": {
                "enable": true
            },
            "disableRuleComment": {
                "enable": true
            }
        },
        "enable": true,
        "organizeImports": true,
        "fixAll": true,
        "showNotifications": "off",
        "enableExperimentalFormatter": false
    }
]
2023-11-04 14:38:47.725 [info] Global settings: {
    "cwd": "/home/vymvn",
    "workspace": "/home/vymvn",
    "args": [],
    "path": [],
    "interpreter": [],
    "importStrategy": "fromEnvironment",
    "run": "onType",
    "codeAction": {
        "fixViolation": {
            "enable": true
        },
        "disableRuleComment": {
            "enable": true
        }
    },
    "enable": true,
    "organizeImports": true,
    "fixAll": true,
    "showNotifications": "off",
    "enableExperimentalFormatter": false
}
2023-11-04 14:38:47.830 [info] [Trace - 2:38:47 PM] Received notification 'window/logMessage'.
2023-11-04 14:38:47.831 [info] Interpreter executable (/home/vymvn/dev/nfc-pi/venv/bin/ruff) not found
2023-11-04 14:38:47.839 [info] [Trace - 2:38:47 PM] Received notification 'window/logMessage'.
2023-11-04 14:38:47.839 [info] Using environment executable: /sbin/ruff
2023-11-04 14:38:47.843 [info] [Trace - 2:38:47 PM] Received notification 'window/logMessage'.
2023-11-04 14:38:47.843 [info] Running Ruff with: /sbin/ruff ['--force-exclude', '--no-cache', '--no-fix', '--quiet', '--format', 'json', '-', '--stdin-filename', '/home/vymvn/dev/nfc-pi/main.py']
2023-11-04 14:38:47.877 [info] [Trace - 2:38:47 PM] Received notification 'window/logMessage'.
2023-11-04 14:38:47.877 [info] error: unexpected argument '--format' found

  tip: to pass '--format' as a value, use '-- --format'

Usage: ruff check <FILES|--fix|--no-fix|--unsafe-fixes|--no-unsafe-fixes|--show-source|--no-show-source|--show-fixes|--no-show-fixes|--diff|--watch|--fix-only|--no-fix-only|--ignore-noqa|--output-format <OUTPUT_FORMAT>|--output-file <OUTPUT_FILE>|--target-version <TARGET_VERSION>|--preview|--no-preview|--config <CONFIG>|--select <RULE_CODE>|--ignore <RULE_CODE>|--extend-select <RULE_CODE>|--extend-ignore <RULE_CODE>|--per-file-ignores <PER_FILE_IGNORES>|--extend-per-file-ignores <EXTEND_PER_FILE_IGNORES>|--exclude <FILE_PATTERN>|--extend-exclude <FILE_PATTERN>|--fixable <RULE_CODE>|--unfixable <RULE_CODE>|--extend-fixable <RULE_CODE>|--extend-unfixable <RULE_CODE>|--respect-gitignore|--no-respect-gitignore|--force-exclude|--no-force-exclude|--line-length <LINE_LENGTH>|--dummy-variable-rgx <DUMMY_VARIABLE_RGX>|--no-cache|--isolated|--cache-dir <CACHE_DIR>|--stdin-filename <STDIN_FILENAME>|--exit-zero|--exit-non-zero-on-fix|--statistics|--add-noqa|--show-files|--show-settings|--ecosystem-ci> <--verbose|--quiet|--silent>

For more information, try '--help'.

2023-11-04 14:38:48.019 [info] [Trace - 2:38:48 PM] Received notification 'textDocument/publishDiagnostics'.
2023-11-04 14:38:57.511 [info] [Trace - 2:38:57 PM] Sending request 'textDocument/codeAction - (1)'.
2023-11-04 14:38:57.527 [info] [Trace - 2:38:57 PM] Received response 'textDocument/codeAction - (1)' in 16ms.
2023-11-04 14:38:57.727 [info] [Trace - 2:38:57 PM] Sending request 'textDocument/codeAction - (2)'.
2023-11-04 14:38:57.738 [info] [Trace - 2:38:57 PM] Received response 'textDocument/codeAction - (2)' in 11ms.
2023-11-04 14:39:14.322 [info] [Trace - 2:39:14 PM] Sending request 'shutdown - (3)'.
2023-11-04 14:39:14.335 [info] [Trace - 2:39:14 PM] Received response 'shutdown - (3)' in 25ms.
2023-11-04 14:39:14.335 [info] [Trace - 2:39:14 PM] Sending notification 'exit'.
