I[13:56:17.014] clangd version 15.0.7
I[13:56:17.015] Features: linux
I[13:56:17.015] PID: 19793
I[13:56:17.015] Working directory: /home/vymvn/notakeylogger
I[13:56:17.015] argv[0]: /sbin/clangd
I[13:56:17.016] Starting LSP over stdin/stdout
I[13:56:17.020] <-- initialize(0)
I[13:56:17.033] --> reply:initialize(0) 12 ms
I[13:56:18.189] <-- initialized
I[13:56:18.286] <-- textDocument/didOpen
I[13:56:18.298] Failed to find compilation database for /home/vymvn/notakeylogger/src/server.c
I[13:56:18.298] ASTWorker building file /home/vymvn/notakeylogger/src/server.c version 1 with command clangd fallback
[/home/vymvn/notakeylogger/src]
/usr/bin/clang -resource-dir=/usr/lib/clang/15.0.7 -- /home/vymvn/notakeylogger/src/server.c
I[13:56:18.304] <-- textDocument/documentLink(1)
I[13:56:18.304] <-- textDocument/inlayHint(2)
I[13:56:18.318] --> textDocument/clangd.fileStatus
I[13:56:18.360] <-- $/cancelRequest
I[13:56:18.371] <-- $/cancelRequest
I[13:56:18.393] <-- textDocument/didClose
I[13:56:18.393] --> textDocument/publishDiagnostics
I[13:56:18.393] --> reply:textDocument/documentLink(1) 88 ms, error: Task was cancelled.
I[13:56:18.393] --> reply:textDocument/inlayHint(2) 88 ms, error: Task was cancelled.
[Error - 1:56:18 PM] Request textDocument/documentLink failed.
[object Object]
[Error - 1:56:18 PM] Request textDocument/inlayHint failed.
[object Object]
I[13:56:18.502] --> workspace/semanticTokens/refresh(0)
I[13:56:18.625] <-- reply(0)
