2023-08-29 13:59:22.319 [info] Name: Ruff
2023-08-29 13:59:22.319 [info] Module: ruff
2023-08-29 13:59:22.319 [info] Python extension loading
2023-08-29 13:59:22.319 [info] Waiting for interpreter from python extension.
2023-08-29 13:59:22.319 [info] Python extension loaded
2023-08-29 13:59:22.319 [info] Server run command: /bin/python /home/vymvn/.vscode-oss/extensions/charliermarsh.ruff-2023.34.0-linux-x64/bundled/tool/server.py
2023-08-29 13:59:22.319 [info] Server: Start requested.
2023-08-29 13:59:22.876 [info] 2023-08-29 13:59:22,876 INFO Starting IO server

2023-08-29 13:59:22.915 [info] Workspace settings: []
2023-08-29 13:59:22.915 [info] Global settings: {
    "cwd": "/home/vymvn",
    "workspace": "/home/vymvn",
    "args": [],
    "path": [],
    "interpreter": [],
    "importStrategy": "fromEnvironment",
    "run": "onType",
    "codeAction": {
        "fixViolation": {
            "enable": true
        },
        "disableRuleComment": {
            "enable": true
        }
    },
    "enable": true,
    "organizeImports": true,
    "fixAll": true,
    "showNotifications": "off"
}
2023-08-29 13:59:22.924 [info] [Trace - 1:59:22 PM] Received notification 'window/logMessage'.
2023-08-29 13:59:22.924 [info] Using interpreter executable: /usr/bin/ruff
2023-08-29 13:59:22.924 [info] [Trace - 1:59:22 PM] Received notification 'window/logMessage'.
2023-08-29 13:59:22.924 [info] Running Ruff with: /usr/bin/ruff ['--force-exclude', '--no-cache', '--no-fix', '--quiet', '--format', 'json', '-', '--stdin-filename', '/home/vymvn/htb/challenges/pwn/you_know_0xdiablos/exploit.py']
2023-08-29 13:59:22.930 [info] [Trace - 1:59:22 PM] Received notification 'textDocument/publishDiagnostics'.
2023-08-29 13:59:26.289 [info] [Trace - 1:59:26 PM] Sending request 'textDocument/codeAction - (1)'.
2023-08-29 13:59:26.298 [info] [Trace - 1:59:26 PM] Received response 'textDocument/codeAction - (1)' in 9ms.
2023-08-29 13:59:26.531 [info] [Trace - 1:59:26 PM] Sending request 'textDocument/codeAction - (2)'.
2023-08-29 13:59:26.536 [info] [Trace - 1:59:26 PM] Received response 'textDocument/codeAction - (2)' in 5ms.
2023-08-29 13:59:28.943 [info] [Trace - 1:59:28 PM] Sending request 'textDocument/hover - (3)'.
2023-08-29 13:59:28.952 [info] [Trace - 1:59:28 PM] Received response 'textDocument/hover - (3)' in 8ms.
2023-08-29 13:59:29.099 [info] [Trace - 1:59:29 PM] Sending request 'textDocument/codeAction - (4)'.
2023-08-29 13:59:29.114 [info] [Trace - 1:59:29 PM] Received response 'textDocument/codeAction - (4)' in 15ms.
2023-08-29 13:59:33.074 [info] [Trace - 1:59:33 PM] Sending request 'textDocument/hover - (5)'.
2023-08-29 13:59:33.079 [info] [Trace - 1:59:33 PM] Received response 'textDocument/hover - (5)' in 5ms.
2023-08-29 13:59:33.657 [info] [Trace - 1:59:33 PM] Sending request 'textDocument/hover - (6)'.
2023-08-29 13:59:33.660 [info] [Trace - 1:59:33 PM] Received response 'textDocument/hover - (6)' in 4ms.
2023-08-29 13:59:33.806 [info] [Trace - 1:59:33 PM] Sending request 'textDocument/codeAction - (7)'.
2023-08-29 13:59:33.810 [info] [Trace - 1:59:33 PM] Received response 'textDocument/codeAction - (7)' in 4ms.
2023-08-29 13:59:33.818 [info] [Trace - 1:59:33 PM] Sending request 'textDocument/codeAction - (8)'.
2023-08-29 13:59:33.820 [info] [Trace - 1:59:33 PM] Received response 'textDocument/codeAction - (8)' in 2ms.
2023-08-29 13:59:33.835 [info] [Trace - 1:59:33 PM] Sending request 'textDocument/codeAction - (9)'.
2023-08-29 13:59:33.837 [info] [Trace - 1:59:33 PM] Received response 'textDocument/codeAction - (9)' in 1ms.
2023-08-29 13:59:41.306 [info] [Trace - 1:59:41 PM] Sending request 'textDocument/hover - (10)'.
2023-08-29 13:59:41.310 [info] [Trace - 1:59:41 PM] Received response 'textDocument/hover - (10)' in 4ms.
2023-08-29 13:59:41.456 [info] [Trace - 1:59:41 PM] Sending request 'textDocument/codeAction - (11)'.
2023-08-29 13:59:41.458 [info] [Trace - 1:59:41 PM] Received response 'textDocument/codeAction - (11)' in 2ms.
2023-08-29 14:00:14.086 [info] [Trace - 2:00:14 PM] Sending request 'textDocument/hover - (12)'.
2023-08-29 14:00:14.091 [info] [Trace - 2:00:14 PM] Received response 'textDocument/hover - (12)' in 5ms.
2023-08-29 14:02:44.228 [info] [Trace - 2:02:44 PM] Sending request 'textDocument/codeAction - (13)'.
2023-08-29 14:02:44.231 [info] [Trace - 2:02:44 PM] Received response 'textDocument/codeAction - (13)' in 3ms.
2023-08-29 14:02:49.908 [info] [Trace - 2:02:49 PM] Sending notification 'textDocument/didClose'.
2023-08-29 14:02:49.933 [info] [Trace - 2:02:49 PM] Received notification 'textDocument/publishDiagnostics'.
2023-08-29 14:02:51.945 [info] [Trace - 2:02:51 PM] Sending request 'shutdown - (14)'.
2023-08-29 14:02:51.956 [info] [Trace - 2:02:51 PM] Received response 'shutdown - (14)' in 20ms.
2023-08-29 14:02:51.956 [info] [Trace - 2:02:51 PM] Sending notification 'exit'.
