2023-09-04 16:08:47.861 [info] Extension host with pid 18486 started
2023-09-04 16:08:47.861 [info] Skipping acquiring lock for /home/vymvn/.config/VSCodium/User/workspaceStorage/97e9e29e6b8ea2105d006ad6e17b37b6.
2023-09-04 16:08:48.129 [info] ExtensionService#_doActivateExtension vscode.emmet, startup: false, activationEvent: 'onLanguage'
2023-09-04 16:08:48.365 [info] ExtensionService#_doActivateExtension vscode.git-base, startup: true, activationEvent: '*', root cause: vscode.git
2023-09-04 16:08:48.368 [info] ExtensionService#_doActivateExtension Catppuccin.catppuccin-vsc, startup: true, activationEvent: '*'
2023-09-04 16:08:48.374 [info] ExtensionService#_doActivateExtension snyk-security.snyk-vulnerability-scanner, startup: true, activationEvent: '*'
2023-09-04 16:08:49.272 [info] ExtensionService#_doActivateExtension vscodevim.vim, startup: true, activationEvent: '*'
2023-09-04 16:08:49.356 [info] ExtensionService#_doActivateExtension vscode.git, startup: true, activationEvent: '*'
2023-09-04 16:08:49.386 [info] ExtensionService#_doActivateExtension vscode.github, startup: true, activationEvent: '*'
2023-09-04 16:08:49.491 [info] Eager extensions activated
2023-09-04 16:08:49.498 [info] ExtensionService#_doActivateExtension vscode.debug-auto-launch, startup: false, activationEvent: 'onStartupFinished'
2023-09-04 16:08:49.501 [info] ExtensionService#_doActivateExtension vscode.merge-conflict, startup: false, activationEvent: 'onStartupFinished'
2023-09-04 16:08:49.508 [info] ExtensionService#_doActivateExtension 21zz.vscord, startup: false, activationEvent: 'onStartupFinished'
2023-09-04 16:08:49.538 [info] ExtensionService#_doActivateExtension formulahendry.code-runner, startup: false, activationEvent: 'onStartupFinished'
2023-09-04 16:08:49.572 [info] ExtensionService#_doActivateExtension vadimcn.vscode-lldb, startup: false, activationEvent: 'onStartupFinished'
2023-09-04 16:08:50.339 [error] SentryError: Invalid Dsn
	at new SentryError (/home/vymvn/.vscode-oss/extensions/snyk-security.snyk-vulnerability-scanner-1.18.1/node_modules/@sentry/utils/dist/error.js:9:28)
	at Dsn._fromString (/home/vymvn/.vscode-oss/extensions/snyk-security.snyk-vulnerability-scanner-1.18.1/node_modules/@sentry/utils/dist/dsn.js:39:19)
	at new Dsn (/home/vymvn/.vscode-oss/extensions/snyk-security.snyk-vulnerability-scanner-1.18.1/node_modules/@sentry/utils/dist/dsn.js:13:18)
	at NodeBackend._setupTransport (/home/vymvn/.vscode-oss/extensions/snyk-security.snyk-vulnerability-scanner-1.18.1/node_modules/@sentry/node/dist/backend.js:97:19)
	at NodeBackend.BaseBackend (/home/vymvn/.vscode-oss/extensions/snyk-security.snyk-vulnerability-scanner-1.18.1/node_modules/@sentry/core/dist/basebackend.js:15:32)
	at new NodeBackend (/home/vymvn/.vscode-oss/extensions/snyk-security.snyk-vulnerability-scanner-1.18.1/node_modules/@sentry/node/dist/backend.js:15:42)
	at NodeClient.BaseClient (/home/vymvn/.vscode-oss/extensions/snyk-security.snyk-vulnerability-scanner-1.18.1/node_modules/@sentry/core/dist/baseclient.js:53:25)
	at new NodeClient (/home/vymvn/.vscode-oss/extensions/snyk-security.snyk-vulnerability-scanner-1.18.1/node_modules/@sentry/node/dist/client.js:33:24)
	at Object.initAndBind (/home/vymvn/.vscode-oss/extensions/snyk-security.snyk-vulnerability-scanner-1.18.1/node_modules/@sentry/core/dist/sdk.js:18:18)
	at Object.init (/home/vymvn/.vscode-oss/extensions/snyk-security.snyk-vulnerability-scanner-1.18.1/node_modules/@sentry/node/dist/sdk.js:116:12)
	at ErrorReporter.init (/home/vymvn/.vscode-oss/extensions/snyk-security.snyk-vulnerability-scanner-1.18.1/out/snyk/common/error/errorReporter.js:37:16)
	at async SnykExtension.activate (/home/vymvn/.vscode-oss/extensions/snyk-security.snyk-vulnerability-scanner-1.18.1/out/snyk/extension.js:92:13)
2023-09-04 16:09:27.299 [info] Extension host terminating: renderer closed the MessagePort
2023-09-04 16:09:27.317 [info] Extension host with pid 18486 exiting with code 0
2023-09-04 16:09:28.293 [info] Extension host with pid 19125 started
2023-09-04 16:09:28.329 [info] ExtensionService#_doActivateExtension vscode.git-base, startup: true, activationEvent: '*', root cause: vscode.git
2023-09-04 16:09:28.332 [info] ExtensionService#_doActivateExtension Catppuccin.catppuccin-vsc, startup: true, activationEvent: '*'
2023-09-04 16:09:28.337 [info] ExtensionService#_doActivateExtension snyk-security.snyk-vulnerability-scanner, startup: true, activationEvent: '*'
2023-09-04 16:09:28.831 [info] ExtensionService#_doActivateExtension vscodevim.vim, startup: true, activationEvent: '*'
2023-09-04 16:09:28.921 [info] ExtensionService#_doActivateExtension vscode.git, startup: true, activationEvent: '*'
2023-09-04 16:09:28.942 [info] ExtensionService#_doActivateExtension vscode.github, startup: true, activationEvent: '*'
2023-09-04 16:09:29.016 [info] Eager extensions activated
2023-09-04 16:09:29.017 [info] ExtensionService#_doActivateExtension vscode.debug-auto-launch, startup: false, activationEvent: 'onStartupFinished'
2023-09-04 16:09:29.018 [info] ExtensionService#_doActivateExtension vscode.merge-conflict, startup: false, activationEvent: 'onStartupFinished'
2023-09-04 16:09:29.023 [info] ExtensionService#_doActivateExtension 21zz.vscord, startup: false, activationEvent: 'onStartupFinished'
2023-09-04 16:09:29.047 [info] ExtensionService#_doActivateExtension formulahendry.code-runner, startup: false, activationEvent: 'onStartupFinished'
2023-09-04 16:09:29.062 [info] ExtensionService#_doActivateExtension vadimcn.vscode-lldb, startup: false, activationEvent: 'onStartupFinished'
2023-09-04 16:09:29.907 [error] SentryError: Invalid Dsn
	at new SentryError (/home/vymvn/.vscode-oss/extensions/snyk-security.snyk-vulnerability-scanner-1.18.1/node_modules/@sentry/utils/dist/error.js:9:28)
	at Dsn._fromString (/home/vymvn/.vscode-oss/extensions/snyk-security.snyk-vulnerability-scanner-1.18.1/node_modules/@sentry/utils/dist/dsn.js:39:19)
	at new Dsn (/home/vymvn/.vscode-oss/extensions/snyk-security.snyk-vulnerability-scanner-1.18.1/node_modules/@sentry/utils/dist/dsn.js:13:18)
	at NodeBackend._setupTransport (/home/vymvn/.vscode-oss/extensions/snyk-security.snyk-vulnerability-scanner-1.18.1/node_modules/@sentry/node/dist/backend.js:97:19)
	at NodeBackend.BaseBackend (/home/vymvn/.vscode-oss/extensions/snyk-security.snyk-vulnerability-scanner-1.18.1/node_modules/@sentry/core/dist/basebackend.js:15:32)
	at new NodeBackend (/home/vymvn/.vscode-oss/extensions/snyk-security.snyk-vulnerability-scanner-1.18.1/node_modules/@sentry/node/dist/backend.js:15:42)
	at NodeClient.BaseClient (/home/vymvn/.vscode-oss/extensions/snyk-security.snyk-vulnerability-scanner-1.18.1/node_modules/@sentry/core/dist/baseclient.js:53:25)
	at new NodeClient (/home/vymvn/.vscode-oss/extensions/snyk-security.snyk-vulnerability-scanner-1.18.1/node_modules/@sentry/node/dist/client.js:33:24)
	at Object.initAndBind (/home/vymvn/.vscode-oss/extensions/snyk-security.snyk-vulnerability-scanner-1.18.1/node_modules/@sentry/core/dist/sdk.js:18:18)
	at Object.init (/home/vymvn/.vscode-oss/extensions/snyk-security.snyk-vulnerability-scanner-1.18.1/node_modules/@sentry/node/dist/sdk.js:116:12)
	at ErrorReporter.init (/home/vymvn/.vscode-oss/extensions/snyk-security.snyk-vulnerability-scanner-1.18.1/out/snyk/common/error/errorReporter.js:37:16)
	at async SnykExtension.activate (/home/vymvn/.vscode-oss/extensions/snyk-security.snyk-vulnerability-scanner-1.18.1/out/snyk/extension.js:92:13)
2023-09-04 16:09:33.471 [info] Extension host terminating: renderer closed the MessagePort
2023-09-04 16:09:33.501 [info] Extension host with pid 19125 exiting with code 0
2023-09-04 16:09:34.390 [info] Extension host with pid 19190 started
2023-09-04 16:09:34.421 [info] ExtensionService#_doActivateExtension vscode.git-base, startup: true, activationEvent: '*', root cause: vscode.git
2023-09-04 16:09:34.425 [info] ExtensionService#_doActivateExtension Catppuccin.catppuccin-vsc, startup: true, activationEvent: '*'
2023-09-04 16:09:34.430 [info] ExtensionService#_doActivateExtension snyk-security.snyk-vulnerability-scanner, startup: true, activationEvent: '*'
2023-09-04 16:09:34.945 [info] ExtensionService#_doActivateExtension vscodevim.vim, startup: true, activationEvent: '*'
2023-09-04 16:09:35.010 [info] ExtensionService#_doActivateExtension vscode.git, startup: true, activationEvent: '*'
2023-09-04 16:09:35.033 [info] ExtensionService#_doActivateExtension vscode.github, startup: true, activationEvent: '*'
2023-09-04 16:09:35.105 [info] Eager extensions activated
2023-09-04 16:09:35.106 [info] ExtensionService#_doActivateExtension vscode.debug-auto-launch, startup: false, activationEvent: 'onStartupFinished'
2023-09-04 16:09:35.107 [info] ExtensionService#_doActivateExtension vscode.merge-conflict, startup: false, activationEvent: 'onStartupFinished'
2023-09-04 16:09:35.111 [info] ExtensionService#_doActivateExtension 21zz.vscord, startup: false, activationEvent: 'onStartupFinished'
2023-09-04 16:09:35.135 [info] ExtensionService#_doActivateExtension formulahendry.code-runner, startup: false, activationEvent: 'onStartupFinished'
2023-09-04 16:09:35.151 [info] ExtensionService#_doActivateExtension vadimcn.vscode-lldb, startup: false, activationEvent: 'onStartupFinished'
2023-09-04 16:09:35.996 [error] SentryError: Invalid Dsn
	at new SentryError (/home/vymvn/.vscode-oss/extensions/snyk-security.snyk-vulnerability-scanner-1.18.1/node_modules/@sentry/utils/dist/error.js:9:28)
	at Dsn._fromString (/home/vymvn/.vscode-oss/extensions/snyk-security.snyk-vulnerability-scanner-1.18.1/node_modules/@sentry/utils/dist/dsn.js:39:19)
	at new Dsn (/home/vymvn/.vscode-oss/extensions/snyk-security.snyk-vulnerability-scanner-1.18.1/node_modules/@sentry/utils/dist/dsn.js:13:18)
	at NodeBackend._setupTransport (/home/vymvn/.vscode-oss/extensions/snyk-security.snyk-vulnerability-scanner-1.18.1/node_modules/@sentry/node/dist/backend.js:97:19)
	at NodeBackend.BaseBackend (/home/vymvn/.vscode-oss/extensions/snyk-security.snyk-vulnerability-scanner-1.18.1/node_modules/@sentry/core/dist/basebackend.js:15:32)
	at new NodeBackend (/home/vymvn/.vscode-oss/extensions/snyk-security.snyk-vulnerability-scanner-1.18.1/node_modules/@sentry/node/dist/backend.js:15:42)
	at NodeClient.BaseClient (/home/vymvn/.vscode-oss/extensions/snyk-security.snyk-vulnerability-scanner-1.18.1/node_modules/@sentry/core/dist/baseclient.js:53:25)
	at new NodeClient (/home/vymvn/.vscode-oss/extensions/snyk-security.snyk-vulnerability-scanner-1.18.1/node_modules/@sentry/node/dist/client.js:33:24)
	at Object.initAndBind (/home/vymvn/.vscode-oss/extensions/snyk-security.snyk-vulnerability-scanner-1.18.1/node_modules/@sentry/core/dist/sdk.js:18:18)
	at Object.init (/home/vymvn/.vscode-oss/extensions/snyk-security.snyk-vulnerability-scanner-1.18.1/node_modules/@sentry/node/dist/sdk.js:116:12)
	at ErrorReporter.init (/home/vymvn/.vscode-oss/extensions/snyk-security.snyk-vulnerability-scanner-1.18.1/out/snyk/common/error/errorReporter.js:37:16)
	at async SnykExtension.activate (/home/vymvn/.vscode-oss/extensions/snyk-security.snyk-vulnerability-scanner-1.18.1/out/snyk/extension.js:92:13)
2023-09-04 16:09:44.583 [info] Extension host terminating: renderer closed the MessagePort
2023-09-04 16:09:44.610 [info] Extension host with pid 19190 exiting with code 0
2023-09-04 16:09:45.922 [info] Extension host with pid 19508 started
2023-09-04 16:09:45.922 [info] Skipping acquiring lock for /home/vymvn/.config/VSCodium/User/workspaceStorage/592d8dd9fb273d2460ffafd791a3a179.
2023-09-04 16:09:45.963 [info] ExtensionService#_doActivateExtension vscode.git-base, startup: true, activationEvent: '*', root cause: vscode.git
2023-09-04 16:09:45.967 [info] ExtensionService#_doActivateExtension Catppuccin.catppuccin-vsc, startup: true, activationEvent: '*'
2023-09-04 16:09:45.974 [info] ExtensionService#_doActivateExtension snyk-security.snyk-vulnerability-scanner, startup: true, activationEvent: '*'
2023-09-04 16:09:46.477 [info] ExtensionService#_doActivateExtension vscodevim.vim, startup: true, activationEvent: '*'
2023-09-04 16:09:46.562 [info] ExtensionService#_doActivateExtension vscode.git, startup: true, activationEvent: '*'
2023-09-04 16:09:46.580 [info] ExtensionService#_doActivateExtension vscode.github, startup: true, activationEvent: '*'
2023-09-04 16:09:46.643 [info] Eager extensions activated
2023-09-04 16:09:46.644 [info] ExtensionService#_doActivateExtension vscode.debug-auto-launch, startup: false, activationEvent: 'onStartupFinished'
2023-09-04 16:09:46.645 [info] ExtensionService#_doActivateExtension vscode.merge-conflict, startup: false, activationEvent: 'onStartupFinished'
2023-09-04 16:09:46.651 [info] ExtensionService#_doActivateExtension 21zz.vscord, startup: false, activationEvent: 'onStartupFinished'
2023-09-04 16:09:46.674 [info] ExtensionService#_doActivateExtension formulahendry.code-runner, startup: false, activationEvent: 'onStartupFinished'
2023-09-04 16:09:46.688 [info] ExtensionService#_doActivateExtension vadimcn.vscode-lldb, startup: false, activationEvent: 'onStartupFinished'
2023-09-04 16:09:46.808 [info] ExtensionService#_doActivateExtension vscode.github-authentication, startup: false, activationEvent: 'onAuthenticationRequest:github'
2023-09-04 16:09:47.533 [error] SentryError: Invalid Dsn
	at new SentryError (/home/vymvn/.vscode-oss/extensions/snyk-security.snyk-vulnerability-scanner-1.18.1/node_modules/@sentry/utils/dist/error.js:9:28)
	at Dsn._fromString (/home/vymvn/.vscode-oss/extensions/snyk-security.snyk-vulnerability-scanner-1.18.1/node_modules/@sentry/utils/dist/dsn.js:39:19)
	at new Dsn (/home/vymvn/.vscode-oss/extensions/snyk-security.snyk-vulnerability-scanner-1.18.1/node_modules/@sentry/utils/dist/dsn.js:13:18)
	at NodeBackend._setupTransport (/home/vymvn/.vscode-oss/extensions/snyk-security.snyk-vulnerability-scanner-1.18.1/node_modules/@sentry/node/dist/backend.js:97:19)
	at NodeBackend.BaseBackend (/home/vymvn/.vscode-oss/extensions/snyk-security.snyk-vulnerability-scanner-1.18.1/node_modules/@sentry/core/dist/basebackend.js:15:32)
	at new NodeBackend (/home/vymvn/.vscode-oss/extensions/snyk-security.snyk-vulnerability-scanner-1.18.1/node_modules/@sentry/node/dist/backend.js:15:42)
	at NodeClient.BaseClient (/home/vymvn/.vscode-oss/extensions/snyk-security.snyk-vulnerability-scanner-1.18.1/node_modules/@sentry/core/dist/baseclient.js:53:25)
	at new NodeClient (/home/vymvn/.vscode-oss/extensions/snyk-security.snyk-vulnerability-scanner-1.18.1/node_modules/@sentry/node/dist/client.js:33:24)
	at Object.initAndBind (/home/vymvn/.vscode-oss/extensions/snyk-security.snyk-vulnerability-scanner-1.18.1/node_modules/@sentry/core/dist/sdk.js:18:18)
	at Object.init (/home/vymvn/.vscode-oss/extensions/snyk-security.snyk-vulnerability-scanner-1.18.1/node_modules/@sentry/node/dist/sdk.js:116:12)
	at ErrorReporter.init (/home/vymvn/.vscode-oss/extensions/snyk-security.snyk-vulnerability-scanner-1.18.1/out/snyk/common/error/errorReporter.js:37:16)
	at async SnykExtension.activate (/home/vymvn/.vscode-oss/extensions/snyk-security.snyk-vulnerability-scanner-1.18.1/out/snyk/extension.js:92:13)
2023-09-04 16:09:51.847 [info] ExtensionService#_doActivateExtension ms-python.python, startup: false, activationEvent: 'onLanguage:python'
2023-09-04 16:09:51.950 [info] ExtensionService#_doActivateExtension vscode.emmet, startup: false, activationEvent: 'onLanguage'
2023-09-04 16:10:19.665 [info] ExtensionService#_doActivateExtension charliermarsh.ruff, startup: false, activationEvent: 'onLanguage:python'
2023-09-04 16:10:52.623 [info] ExtensionService#_doActivateExtension jeanp413.open-remote-ssh, startup: false, activationEvent: 'onView:sshHosts'
2023-09-04 16:11:51.293 [info] ExtensionService#_doActivateExtension ms-pyright.pyright, startup: false, activationEvent: 'onLanguage:python'
2023-09-04 16:12:46.207 [info] ExtensionService#_doActivateExtension vscode.json-language-features, startup: false, activationEvent: 'onLanguage:jsonc'
2023-09-04 16:12:46.270 [info] ExtensionService#_doActivateExtension vscode.typescript-language-features, startup: false, activationEvent: 'onLanguage:jsonc'
2023-09-04 16:18:03.617 [info] Extension host terminating: renderer closed the MessagePort
2023-09-04 16:18:03.650 [error] TypeError: r.some is not a function
	at d.saveToDisk (/home/vymvn/.vscode-oss/extensions/vscodevim.vim-1.25.2-universal/out/extension.js:2:669912)
	at t.deactivate (/home/vymvn/.vscode-oss/extensions/vscodevim.vim-1.25.2-universal/out/extension.js:2:213764)
	at r._deactivate (/opt/vscodium-bin/resources/app/out/vs/workbench/api/node/extensionHostProcess.js:116:12427)
	at /opt/vscodium-bin/resources/app/out/vs/workbench/api/node/extensionHostProcess.js:116:9849
	at Array.map (<anonymous>)
	at r._deactivateAll (/opt/vscodium-bin/resources/app/out/vs/workbench/api/node/extensionHostProcess.js:116:9837)
	at r.terminate (/opt/vscodium-bin/resources/app/out/vs/workbench/api/node/extensionHostProcess.js:116:10220)
	at s.terminate (/opt/vscodium-bin/resources/app/out/vs/workbench/api/node/extensionHostProcess.js:120:1901)
	at I (/opt/vscodium-bin/resources/app/out/vs/workbench/api/node/extensionHostProcess.js:130:38659)
	at MessagePortMain.<anonymous> (/opt/vscodium-bin/resources/app/out/vs/workbench/api/node/extensionHostProcess.js:130:34734)
	at MessagePortMain.emit (node:events:513:28)
	at MessagePortMain.emit (node:domain:489:12)
	at MessagePortMain._internalPort.emit (node:electron/js2c/utility_init:2:367)
2023-09-04 16:18:03.654 [error] Canceled: Canceled
	at new d (/opt/vscodium-bin/resources/app/out/vs/workbench/api/node/extensionHostProcess.js:102:63475)
	at t._remoteCall (/opt/vscodium-bin/resources/app/out/vs/workbench/api/node/extensionHostProcess.js:114:10623)
	at N.<computed>.F.charCodeAt.N.<computed> (/opt/vscodium-bin/resources/app/out/vs/workbench/api/node/extensionHostProcess.js:114:7163)
	at a._doExecuteCommand (/opt/vscodium-bin/resources/app/out/vs/workbench/api/node/extensionHostProcess.js:102:88663)
	at a.executeCommand (/opt/vscodium-bin/resources/app/out/vs/workbench/api/node/extensionHostProcess.js:102:87988)
	at w.registerCommand.description (/opt/vscodium-bin/resources/app/out/vs/workbench/api/node/extensionHostProcess.js:102:87229)
	at a._executeContributedCommand (/opt/vscodium-bin/resources/app/out/vs/workbench/api/node/extensionHostProcess.js:102:89298)
	at a._doExecuteCommand (/opt/vscodium-bin/resources/app/out/vs/workbench/api/node/extensionHostProcess.js:102:88121)
	at a.executeCommand (/opt/vscodium-bin/resources/app/out/vs/workbench/api/node/extensionHostProcess.js:102:87988)
	at Object.executeCommand (/opt/vscodium-bin/resources/app/out/vs/workbench/api/node/extensionHostProcess.js:120:27031)
	at r.D [as value] (/opt/vscodium-bin/resources/app/extensions/git/dist/main.js:2:1261639)
	at f._deliver (/opt/vscodium-bin/resources/app/out/vs/workbench/api/node/extensionHostProcess.js:63:2465)
	at f._deliverQueue (/opt/vscodium-bin/resources/app/out/vs/workbench/api/node/extensionHostProcess.js:63:2556)
	at f.fire (/opt/vscodium-bin/resources/app/out/vs/workbench/api/node/extensionHostProcess.js:63:2891)
	at Object.m [as dispose] (/opt/vscodium-bin/resources/app/extensions/git/dist/main.js:2:1277242)
	at /opt/vscodium-bin/resources/app/extensions/git/dist/main.js:2:1281972
	at Array.forEach (<anonymous>)
	at g.dispose (/opt/vscodium-bin/resources/app/extensions/git/dist/main.js:2:1281958)
	at b.<anonymous> (/opt/vscodium-bin/resources/app/out/vs/workbench/api/node/extensionHostProcess.js:98:4943)
	at b.dispose (/opt/vscodium-bin/resources/app/out/vs/workbench/api/node/extensionHostProcess.js:98:5040)
	at b.<anonymous> (/opt/vscodium-bin/resources/app/extensions/git/dist/main.js:2:1263652)
	at b.dispose (/opt/vscodium-bin/resources/app/out/vs/workbench/api/node/extensionHostProcess.js:98:5040)
	at C (/opt/vscodium-bin/resources/app/out/vs/workbench/api/node/extensionHostProcess.js:13:12153)
	at r._deactivate (/opt/vscodium-bin/resources/app/out/vs/workbench/api/node/extensionHostProcess.js:116:12653)
	at /opt/vscodium-bin/resources/app/out/vs/workbench/api/node/extensionHostProcess.js:116:9849
	at Array.map (<anonymous>)
	at r._deactivateAll (/opt/vscodium-bin/resources/app/out/vs/workbench/api/node/extensionHostProcess.js:116:9837)
	at r.terminate (/opt/vscodium-bin/resources/app/out/vs/workbench/api/node/extensionHostProcess.js:116:10220)
	at s.terminate (/opt/vscodium-bin/resources/app/out/vs/workbench/api/node/extensionHostProcess.js:120:1901)
	at I (/opt/vscodium-bin/resources/app/out/vs/workbench/api/node/extensionHostProcess.js:130:38659)
	at MessagePortMain.<anonymous> (/opt/vscodium-bin/resources/app/out/vs/workbench/api/node/extensionHostProcess.js:130:34734)
	at MessagePortMain.emit (node:events:513:28)
	at MessagePortMain.emit (node:domain:489:12)
	at MessagePortMain._internalPort.emit (node:electron/js2c/utility_init:2:367) setContext undefined
2023-09-04 16:18:03.658 [error] Canceled: Canceled
	at new d (/opt/vscodium-bin/resources/app/out/vs/workbench/api/node/extensionHostProcess.js:102:63475)
	at t._remoteCall (/opt/vscodium-bin/resources/app/out/vs/workbench/api/node/extensionHostProcess.js:114:10623)
	at N.<computed>.F.charCodeAt.N.<computed> (/opt/vscodium-bin/resources/app/out/vs/workbench/api/node/extensionHostProcess.js:114:7163)
	at a._doExecuteCommand (/opt/vscodium-bin/resources/app/out/vs/workbench/api/node/extensionHostProcess.js:102:88663)
	at a.executeCommand (/opt/vscodium-bin/resources/app/out/vs/workbench/api/node/extensionHostProcess.js:102:87988)
	at w.registerCommand.description (/opt/vscodium-bin/resources/app/out/vs/workbench/api/node/extensionHostProcess.js:102:87229)
	at a._executeContributedCommand (/opt/vscodium-bin/resources/app/out/vs/workbench/api/node/extensionHostProcess.js:102:89298)
	at a._doExecuteCommand (/opt/vscodium-bin/resources/app/out/vs/workbench/api/node/extensionHostProcess.js:102:88121)
	at a.executeCommand (/opt/vscodium-bin/resources/app/out/vs/workbench/api/node/extensionHostProcess.js:102:87988)
	at Object.executeCommand (/opt/vscodium-bin/resources/app/out/vs/workbench/api/node/extensionHostProcess.js:120:27031)
	at set b [as b] (/opt/vscodium-bin/resources/app/extensions/github/dist/extension.js:2:676132)
	at /opt/vscodium-bin/resources/app/extensions/github/dist/extension.js:2:676776
	at r.value (/opt/vscodium-bin/resources/app/extensions/git/dist/main.js:2:1349125)
	at f._deliver (/opt/vscodium-bin/resources/app/out/vs/workbench/api/node/extensionHostProcess.js:63:2465)
	at f._deliverQueue (/opt/vscodium-bin/resources/app/out/vs/workbench/api/node/extensionHostProcess.js:63:2556)
	at f.fire (/opt/vscodium-bin/resources/app/out/vs/workbench/api/node/extensionHostProcess.js:63:2891)
	at Object.m [as dispose] (/opt/vscodium-bin/resources/app/extensions/git/dist/main.js:2:1277242)
	at /opt/vscodium-bin/resources/app/extensions/git/dist/main.js:2:1281972
	at Array.forEach (<anonymous>)
	at g.dispose (/opt/vscodium-bin/resources/app/extensions/git/dist/main.js:2:1281958)
	at b.<anonymous> (/opt/vscodium-bin/resources/app/out/vs/workbench/api/node/extensionHostProcess.js:98:4943)
	at b.dispose (/opt/vscodium-bin/resources/app/out/vs/workbench/api/node/extensionHostProcess.js:98:5040)
	at b.<anonymous> (/opt/vscodium-bin/resources/app/extensions/git/dist/main.js:2:1263652)
	at b.dispose (/opt/vscodium-bin/resources/app/out/vs/workbench/api/node/extensionHostProcess.js:98:5040)
	at C (/opt/vscodium-bin/resources/app/out/vs/workbench/api/node/extensionHostProcess.js:13:12153)
	at r._deactivate (/opt/vscodium-bin/resources/app/out/vs/workbench/api/node/extensionHostProcess.js:116:12653)
	at /opt/vscodium-bin/resources/app/out/vs/workbench/api/node/extensionHostProcess.js:116:9849
	at Array.map (<anonymous>)
	at r._deactivateAll (/opt/vscodium-bin/resources/app/out/vs/workbench/api/node/extensionHostProcess.js:116:9837)
	at r.terminate (/opt/vscodium-bin/resources/app/out/vs/workbench/api/node/extensionHostProcess.js:116:10220)
	at s.terminate (/opt/vscodium-bin/resources/app/out/vs/workbench/api/node/extensionHostProcess.js:120:1901)
	at I (/opt/vscodium-bin/resources/app/out/vs/workbench/api/node/extensionHostProcess.js:130:38659)
	at MessagePortMain.<anonymous> (/opt/vscodium-bin/resources/app/out/vs/workbench/api/node/extensionHostProcess.js:130:34734)
	at MessagePortMain.emit (node:events:513:28)
	at MessagePortMain.emit (node:domain:489:12)
	at MessagePortMain._internalPort.emit (node:electron/js2c/utility_init:2:367) setContext undefined
2023-09-04 16:18:03.668 [info] Extension host with pid 19508 exiting with code 0
