2023-09-09 16:05:04.873 [info] Log level: Info
2023-09-09 16:05:04.873 [info] Validating found git in: "git"
2023-09-09 16:05:04.873 [info] Using git "2.42.0" from "git"
2023-09-09 16:05:04.873 [info] > git rev-parse --show-toplevel [14ms]
2023-09-09 16:05:04.873 [info] > git rev-parse --git-dir --git-common-dir [9ms]
2023-09-09 16:05:04.873 [info] Open repository: /home/vymvn/dev/nfc-pi
2023-09-09 16:05:04.873 [info] > git for-each-ref --format=%(refname)%00%(upstream:short)%00%(objectname)%00%(upstream:track)%00%(upstream:remotename)%00%(upstream:remoteref) refs/heads/main refs/remotes/main [24ms]
2023-09-09 16:05:04.873 [info] > git config --get commit.template [41ms]
2023-09-09 16:05:04.873 [info] > git rev-parse --show-toplevel [31ms]
2023-09-09 16:05:04.873 [info] > git status -z -uall [12ms]
2023-09-09 16:05:04.873 [info] > git config --get commit.template [23ms]
2023-09-09 16:05:04.875 [info] > git rev-parse --show-toplevel [9ms]
2023-09-09 16:05:04.913 [info] > git for-each-ref --format=%(refname)%00%(upstream:short)%00%(objectname)%00%(upstream:track)%00%(upstream:remotename)%00%(upstream:remoteref) refs/heads/main refs/remotes/main [25ms]
2023-09-09 16:05:04.942 [info] > git status -z -uall [5ms]
2023-09-09 16:05:04.964 [info] > git rev-parse --show-toplevel [3ms]
2023-09-09 16:05:04.993 [info] > git rev-parse --show-toplevel [9ms]
2023-09-09 16:05:05.013 [info] > git rev-parse --show-toplevel [3ms]
2023-09-09 16:05:05.038 [info] > git rev-parse --show-toplevel [9ms]
2023-09-09 16:05:05.059 [info] > git rev-parse --show-toplevel [7ms]
2023-09-09 16:05:05.349 [info] > git show --textconv :main.py [15ms]
2023-09-09 16:05:05.351 [info] > git ls-files --stage -- /home/vymvn/dev/nfc-pi/main.py [3ms]
2023-09-09 16:05:05.362 [info] > git cat-file -s 4b9d054e0134c4bd5d3d4c75e963f5cd25d6e374 [2ms]
2023-09-09 16:05:05.550 [info] > git check-ignore -v -z --stdin [2ms]
