2023-09-30 18:08:40.608 [info] Getting Manifest... catppuccin.catppuccin-vsc
2023-09-30 18:08:40.612 [info] Getting Manifest... catppuccin.catppuccin-vsc-icons
2023-09-30 18:08:40.613 [info] Getting Manifest... charliermarsh.ruff
2023-09-30 18:08:40.614 [info] Getting Manifest... jeanp413.open-remote-ssh
2023-09-30 18:08:40.614 [info] Getting Manifest... ms-pyright.pyright
2023-09-30 18:08:40.615 [info] Getting Manifest... ms-python.python
2023-09-30 18:08:40.616 [info] Getting Manifest... vadimcn.vscode-lldb
2023-09-30 18:08:40.617 [info] Getting Manifest... vscodevim.vim
2023-09-30 18:08:42.508 [info] Installing extension: jeanp413.open-remote-ssh
2023-09-30 18:08:42.511 [info] Installing extension: charliermarsh.ruff
2023-09-30 18:08:42.512 [info] Installing extension: catppuccin.catppuccin-vsc
2023-09-30 18:08:42.518 [info] Installing extension: catppuccin.catppuccin-vsc-icons
2023-09-30 18:08:42.692 [info] Installing extension: ms-pyright.pyright
2023-09-30 18:08:42.829 [info] Installing extension: ms-python.python
2023-09-30 18:08:43.039 [info] Getting Manifest... ms-python.python
2023-09-30 18:08:43.261 [info] Installing extension: vscodevim.vim
2023-09-30 18:08:43.584 [info] Waiting for already requested installing extension ms-python.python charliermarsh.ruff
2023-09-30 18:08:43.784 [info] Installing extension: vadimcn.vscode-lldb
2023-09-30 18:08:45.209 [info] Extension signature verification is not done: catppuccin.catppuccin-vsc
2023-09-30 18:08:45.240 [info] Extracted extension to file:///home/vymvn/.vscode-oss/extensions/catppuccin.catppuccin-vsc-3.3.0-universal: catppuccin.catppuccin-vsc
2023-09-30 18:08:45.251 [info] Renamed to /home/vymvn/.vscode-oss/extensions/catppuccin.catppuccin-vsc-3.3.0-universal
2023-09-30 18:08:45.253 [info] Extracting extension completed. catppuccin.catppuccin-vsc
2023-09-30 18:08:45.262 [info] Extension installed successfully: catppuccin.catppuccin-vsc
2023-09-30 18:08:45.264 [info] Marked extension as uninstalled catppuccin.catppuccin-vsc-3.2.3-universal
2023-09-30 18:08:45.350 [info] Extension signature verification is not done: vscodevim.vim
2023-09-30 18:08:45.400 [info] Extracted extension to file:///home/vymvn/.vscode-oss/extensions/vscodevim.vim-1.26.0-universal: vscodevim.vim
2023-09-30 18:08:45.404 [info] Renamed to /home/vymvn/.vscode-oss/extensions/vscodevim.vim-1.26.0-universal
2023-09-30 18:08:45.406 [info] Extracting extension completed. vscodevim.vim
2023-09-30 18:08:45.414 [info] Extension installed successfully: vscodevim.vim
2023-09-30 18:08:45.417 [info] Marked extension as uninstalled vscodevim.vim-1.25.2-universal
2023-09-30 18:08:45.418 [info] Extension signature verification is not done: vadimcn.vscode-lldb
2023-09-30 18:08:45.430 [info] Extracted extension to file:///home/vymvn/.vscode-oss/extensions/vadimcn.vscode-lldb-1.10.0-universal: vadimcn.vscode-lldb
2023-09-30 18:08:45.434 [info] Renamed to /home/vymvn/.vscode-oss/extensions/vadimcn.vscode-lldb-1.10.0-universal
2023-09-30 18:08:45.435 [info] Extracting extension completed. vadimcn.vscode-lldb
2023-09-30 18:08:45.443 [info] Extension installed successfully: vadimcn.vscode-lldb
2023-09-30 18:08:45.446 [info] Marked extension as uninstalled vadimcn.vscode-lldb-1.9.2
2023-09-30 18:08:45.594 [info] Extension signature verification is not done: jeanp413.open-remote-ssh
2023-09-30 18:08:45.605 [info] Extracted extension to file:///home/vymvn/.vscode-oss/extensions/jeanp413.open-remote-ssh-0.0.43-universal: jeanp413.open-remote-ssh
2023-09-30 18:08:45.609 [info] Renamed to /home/vymvn/.vscode-oss/extensions/jeanp413.open-remote-ssh-0.0.43-universal
2023-09-30 18:08:45.611 [info] Extracting extension completed. jeanp413.open-remote-ssh
2023-09-30 18:08:45.619 [info] Extension installed successfully: jeanp413.open-remote-ssh
2023-09-30 18:08:45.622 [info] Marked extension as uninstalled jeanp413.open-remote-ssh-0.0.42-universal
2023-09-30 18:08:47.151 [info] Extension signature verification is not done: ms-pyright.pyright
2023-09-30 18:08:48.210 [info] Extension signature verification is not done: catppuccin.catppuccin-vsc-icons
2023-09-30 18:08:49.286 [info] Extracted extension to file:///home/vymvn/.vscode-oss/extensions/catppuccin.catppuccin-vsc-icons-0.28.0-universal: catppuccin.catppuccin-vsc-icons
2023-09-30 18:08:49.296 [info] Renamed to /home/vymvn/.vscode-oss/extensions/catppuccin.catppuccin-vsc-icons-0.28.0-universal
2023-09-30 18:08:49.297 [info] Extracting extension completed. catppuccin.catppuccin-vsc-icons
2023-09-30 18:08:49.307 [info] Extension installed successfully: catppuccin.catppuccin-vsc-icons
2023-09-30 18:08:49.311 [info] Marked extension as uninstalled catppuccin.catppuccin-vsc-icons-0.27.0-universal
2023-09-30 18:08:49.855 [info] Extracted extension to file:///home/vymvn/.vscode-oss/extensions/ms-pyright.pyright-1.1.329-universal: ms-pyright.pyright
2023-09-30 18:08:49.870 [info] Renamed to /home/vymvn/.vscode-oss/extensions/ms-pyright.pyright-1.1.329-universal
2023-09-30 18:08:49.872 [info] Extracting extension completed. ms-pyright.pyright
2023-09-30 18:08:49.883 [info] Extension installed successfully: ms-pyright.pyright
2023-09-30 18:08:49.886 [info] Marked extension as uninstalled ms-pyright.pyright-1.1.319-universal
2023-09-30 18:08:58.899 [info] Extension signature verification is not done: charliermarsh.ruff
2023-09-30 18:08:59.139 [info] Extracted extension to file:///home/vymvn/.vscode-oss/extensions/charliermarsh.ruff-2023.38.0-linux-x64: charliermarsh.ruff
2023-09-30 18:08:59.145 [info] Renamed to /home/vymvn/.vscode-oss/extensions/charliermarsh.ruff-2023.38.0-linux-x64
2023-09-30 18:08:59.146 [info] Extracting extension completed. charliermarsh.ruff
2023-09-30 18:08:59.159 [info] Marked extension as uninstalled charliermarsh.ruff-2023.34.0-linux-x64
2023-09-30 18:09:16.509 [info] Extension signature verification is not done: ms-python.python
