2023-11-04 14:38:48.018 [info] Log level: Info
2023-11-04 14:38:48.018 [info] Validating found git in: "git"
2023-11-04 14:38:48.018 [info] Using git "2.42.1" from "git"
2023-11-04 14:38:48.018 [info] > git rev-parse --show-toplevel [12ms]
2023-11-04 14:38:48.018 [info] > git rev-parse --git-dir --git-common-dir [4ms]
2023-11-04 14:38:48.018 [info] Open repository: /home/vymvn/dev/nfc-pi
2023-11-04 14:38:48.020 [info] > git rev-parse --show-toplevel [143ms]
2023-11-04 14:38:48.020 [info] > git config --get commit.template [153ms]
2023-11-04 14:38:48.072 [info] > git rev-parse --show-toplevel [24ms]
2023-11-04 14:38:48.085 [info] > git for-each-ref --format=%(refname)%00%(upstream:short)%00%(objectname)%00%(upstream:track)%00%(upstream:remotename)%00%(upstream:remoteref) refs/heads/main refs/remotes/main [17ms]
2023-11-04 14:38:48.104 [info] > git rev-parse --show-toplevel [21ms]
2023-11-04 14:38:48.189 [info] > git status -z -uall [91ms]
2023-11-04 14:38:48.231 [info] > git rev-parse --show-toplevel [43ms]
2023-11-04 14:38:48.517 [info] > git config --get commit.template [288ms]
2023-11-04 14:38:48.634 [info] > git rev-parse --show-toplevel [128ms]
2023-11-04 14:38:48.724 [info] > git check-ignore -v -z --stdin [95ms]
2023-11-04 14:38:48.729 [info] > git rev-parse --show-toplevel [6ms]
2023-11-04 14:38:48.730 [info] > git for-each-ref --format=%(refname)%00%(upstream:short)%00%(objectname)%00%(upstream:track)%00%(upstream:remotename)%00%(upstream:remoteref) refs/heads/main refs/remotes/main [19ms]
2023-11-04 14:38:48.783 [info] > git status -z -uall [41ms]
2023-11-04 14:38:48.829 [info] > git rev-parse --show-toplevel [47ms]
2023-11-04 14:38:57.714 [info] > git show --textconv :main.py [12ms]
2023-11-04 14:38:57.716 [info] > git ls-files --stage -- /home/vymvn/dev/nfc-pi/main.py [3ms]
2023-11-04 14:38:57.727 [info] > git cat-file -s 4b9d054e0134c4bd5d3d4c75e963f5cd25d6e374 [3ms]
