2023-09-19 02:55:21.851 [info] Name: Ruff
2023-09-19 02:55:21.851 [info] Module: ruff
2023-09-19 02:55:21.851 [info] Python extension loading
2023-09-19 02:55:21.851 [info] Waiting for interpreter from python extension.
2023-09-19 02:55:21.851 [info] Python extension loaded
2023-09-19 02:55:21.851 [info] Server run command: /home/vymvn/dev/nfc-pi/venv/bin/python /home/vymvn/.vscode-oss/extensions/charliermarsh.ruff-2023.34.0-linux-x64/bundled/tool/server.py
2023-09-19 02:55:21.851 [info] Server: Start requested.
2023-09-19 02:55:23.507 [info] 2023-09-19 02:55:22,961 INFO Starting IO server

2023-09-19 02:55:23.549 [info] Workspace settings: [
    {
        "cwd": "/home/vymvn/dev/nfc-pi",
        "workspace": "file:///home/vymvn/dev/nfc-pi",
        "args": [],
        "path": [],
        "interpreter": [
            "/home/vymvn/dev/nfc-pi/venv/bin/python"
        ],
        "importStrategy": "fromEnvironment",
        "run": "onType",
        "codeAction": {
            "fixViolation": {
                "enable": true
            },
            "disableRuleComment": {
                "enable": true
            }
        },
        "enable": true,
        "organizeImports": true,
        "fixAll": true,
        "showNotifications": "off"
    }
]
2023-09-19 02:55:23.679 [info] Global settings: {
    "cwd": "/home/vymvn",
    "workspace": "/home/vymvn",
    "args": [],
    "path": [],
    "interpreter": [],
    "importStrategy": "fromEnvironment",
    "run": "onType",
    "codeAction": {
        "fixViolation": {
            "enable": true
        },
        "disableRuleComment": {
            "enable": true
        }
    },
    "enable": true,
    "organizeImports": true,
    "fixAll": true,
    "showNotifications": "off"
}
2023-09-19 02:55:23.779 [info] [Trace - 2:55:23 AM] Received notification 'window/logMessage'.
2023-09-19 02:55:23.779 [info] Interpreter executable (/home/vymvn/dev/nfc-pi/venv/bin/ruff) not found
2023-09-19 02:55:23.787 [info] [Trace - 2:55:23 AM] Received notification 'window/logMessage'.
2023-09-19 02:55:23.787 [info] Using environment executable: /sbin/ruff
2023-09-19 02:55:23.906 [info] [Trace - 2:55:23 AM] Received notification 'window/logMessage'.
2023-09-19 02:55:23.906 [info] Running Ruff with: /sbin/ruff ['--force-exclude', '--no-cache', '--no-fix', '--quiet', '--format', 'json', '-', '--stdin-filename', '/home/vymvn/dev/nfc-pi/main.py']
2023-09-19 02:55:23.946 [info] [Trace - 2:55:23 AM] Received notification 'textDocument/publishDiagnostics'.
2023-09-19 02:55:24.269 [info] [Trace - 2:55:24 AM] Sending request 'shutdown - (1)'.
2023-09-19 02:55:24.289 [info] [Trace - 2:55:24 AM] Received response 'shutdown - (1)' in 36ms.
2023-09-19 02:55:24.290 [info] [Trace - 2:55:24 AM] Sending notification 'exit'.
