2023-09-09 16:05:02.060 [info] Deleted uninstalled extension from disk catppuccin.catppuccin-vsc /home/vymvn/.vscode-oss/extensions/catppuccin.catppuccin-vsc-2.8.1-universal
2023-09-09 16:05:02.069 [info] Deleted uninstalled extension from disk jeanp413.open-remote-ssh /home/vymvn/.vscode-oss/extensions/jeanp413.open-remote-ssh-0.0.40-universal
2023-09-09 16:05:02.132 [error] [uncaught exception in sharedProcess]: Error: ENOENT: no such file or directory, stat '/home/vymvn/.vscode-oss/extensions/catppuccin.catppuccin-vsc-2.8.1-universal.24b83f53.vsctmp': EntryNotFound (FileSystemError): Error: ENOENT: no such file or directory, stat '/home/vymvn/.vscode-oss/extensions/catppuccin.catppuccin-vsc-2.8.1-universal.24b83f53.vsctmp'
    at s.create (/opt/vscodium-bin/resources/app/out/vs/code/node/sharedProcess/sharedProcessMain.js:34:35902)
    at i (/opt/vscodium-bin/resources/app/out/vs/code/node/sharedProcess/sharedProcessMain.js:34:36042)
    at t.toFileSystemProviderError (/opt/vscodium-bin/resources/app/out/vs/code/node/sharedProcess/sharedProcessMain.js:39:46720)
    at t.stat (/opt/vscodium-bin/resources/app/out/vs/code/node/sharedProcess/sharedProcessMain.js:39:37612)
    at async E.stat (/opt/vscodium-bin/resources/app/out/vs/code/node/sharedProcess/sharedProcessMain.js:39:20649)
    at async V.onDidFilesChange (/opt/vscodium-bin/resources/app/out/vs/code/node/sharedProcess/sharedProcessMain.js:92:12690)
2023-09-09 16:05:07.436 [info] Getting Manifest... catppuccin.catppuccin-vsc
2023-09-09 16:05:07.439 [info] Getting Manifest... catppuccin.catppuccin-vsc-icons
2023-09-09 16:05:09.558 [info] Installing extension: catppuccin.catppuccin-vsc
2023-09-09 16:05:09.560 [info] Installing extension: catppuccin.catppuccin-vsc-icons
2023-09-09 16:05:12.062 [info] Extension signature verification is not done: catppuccin.catppuccin-vsc
2023-09-09 16:05:12.088 [info] Extracted extension to file:///home/vymvn/.vscode-oss/extensions/catppuccin.catppuccin-vsc-3.2.3-universal: catppuccin.catppuccin-vsc
2023-09-09 16:05:12.092 [info] Renamed to /home/vymvn/.vscode-oss/extensions/catppuccin.catppuccin-vsc-3.2.3-universal
2023-09-09 16:05:12.093 [info] Extracting extension completed. catppuccin.catppuccin-vsc
2023-09-09 16:05:12.102 [info] Extension installed successfully: catppuccin.catppuccin-vsc
2023-09-09 16:05:12.105 [info] Marked extension as uninstalled catppuccin.catppuccin-vsc-3.1.0-universal
2023-09-09 16:05:12.266 [info] Extension signature verification is not done: catppuccin.catppuccin-vsc-icons
2023-09-09 16:05:13.132 [info] Extracted extension to file:///home/vymvn/.vscode-oss/extensions/catppuccin.catppuccin-vsc-icons-0.27.0-universal: catppuccin.catppuccin-vsc-icons
2023-09-09 16:05:13.143 [info] Renamed to /home/vymvn/.vscode-oss/extensions/catppuccin.catppuccin-vsc-icons-0.27.0-universal
2023-09-09 16:05:13.144 [info] Extracting extension completed. catppuccin.catppuccin-vsc-icons
2023-09-09 16:05:13.154 [info] Extension installed successfully: catppuccin.catppuccin-vsc-icons
2023-09-09 16:05:13.156 [info] Marked extension as uninstalled catppuccin.catppuccin-vsc-icons-0.26.0-universal
