2023-09-04 16:08:49.498 [info] Log level: Info
2023-09-04 16:08:49.498 [info] Validating found git in: "git"
2023-09-04 16:08:49.498 [info] Using git "2.42.0" from "git"
2023-09-04 16:08:49.498 [info] > git rev-parse --show-toplevel [7ms]
2023-09-04 16:08:49.498 [info] fatal: not a git repository (or any of the parent directories): .git
2023-09-04 16:08:49.498 [info] > git rev-parse --show-toplevel [6ms]
2023-09-04 16:08:49.498 [info] fatal: not a git repository (or any of the parent directories): .git
2023-09-04 16:08:49.580 [info] > git rev-parse --show-toplevel [83ms]
2023-09-04 16:08:49.580 [info] fatal: not a git repository (or any of the parent directories): .git
2023-09-04 16:08:49.598 [info] > git rev-parse --show-toplevel [3ms]
2023-09-04 16:08:49.598 [info] fatal: not a git repository (or any of the parent directories): .git
2023-09-04 16:09:29.012 [info] Log level: Info
2023-09-04 16:09:29.012 [info] Validating found git in: "git"
2023-09-04 16:09:29.012 [info] Using git "2.42.0" from "git"
2023-09-04 16:09:35.091 [info] Log level: Info
2023-09-04 16:09:35.091 [info] Validating found git in: "git"
2023-09-04 16:09:35.091 [info] Using git "2.42.0" from "git"
2023-09-04 16:09:46.643 [info] Log level: Info
2023-09-04 16:09:46.643 [info] Validating found git in: "git"
2023-09-04 16:09:46.643 [info] Using git "2.42.0" from "git"
2023-09-04 16:09:46.643 [info] > git rev-parse --show-toplevel [7ms]
2023-09-04 16:09:46.709 [info] > git rev-parse --git-dir --git-common-dir [9ms]
2023-09-04 16:09:46.718 [info] Open repository: /home/vymvn/dev/nfc-pi
2023-09-04 16:09:46.742 [info] > git config --get commit.template [10ms]
2023-09-04 16:09:46.744 [info] > git rev-parse --show-toplevel [3ms]
2023-09-04 16:09:46.759 [info] > git for-each-ref --format=%(refname)%00%(upstream:short)%00%(objectname)%00%(upstream:track)%00%(upstream:remotename)%00%(upstream:remoteref) refs/heads/main refs/remotes/main [8ms]
2023-09-04 16:09:46.767 [info] > git rev-parse --show-toplevel [9ms]
2023-09-04 16:09:46.775 [info] > git status -z -uall [9ms]
2023-09-04 16:09:46.794 [info] > git rev-parse --show-toplevel [20ms]
2023-09-04 16:09:46.796 [info] > git config --get commit.template [7ms]
2023-09-04 16:09:46.862 [info] > git for-each-ref --format=%(refname)%00%(upstream:short)%00%(objectname)%00%(upstream:track)%00%(upstream:remotename)%00%(upstream:remoteref) refs/heads/main refs/remotes/main [56ms]
2023-09-04 16:09:46.869 [info] > git rev-parse --show-toplevel [8ms]
2023-09-04 16:09:46.873 [info] > git status -z -uall [4ms]
2023-09-04 16:09:46.888 [info] > git rev-parse --show-toplevel [3ms]
2023-09-04 16:09:46.897 [info] > git rev-parse --show-toplevel [2ms]
2023-09-04 16:09:47.262 [info] > git check-ignore -v -z --stdin [4ms]
2023-09-04 16:09:52.116 [info] > git show --textconv :main.py [13ms]
2023-09-04 16:09:52.120 [info] > git ls-files --stage -- /home/vymvn/dev/nfc-pi/main.py [5ms]
2023-09-04 16:09:52.148 [info] > git cat-file -s 4dddffe703079d4328cb7e20bfb0beb9e0b314c1 [14ms]
2023-09-04 16:10:23.296 [info] > git show --textconv :main.py [22ms]
2023-09-04 16:10:23.300 [info] > git ls-files --stage -- /home/vymvn/dev/nfc-pi/main.py [8ms]
2023-09-04 16:10:23.312 [info] > git cat-file -s 4dddffe703079d4328cb7e20bfb0beb9e0b314c1 [2ms]
2023-09-04 16:10:48.888 [info] > git check-ignore -v -z --stdin [1ms]
2023-09-04 16:11:55.700 [info] > git show --textconv :main.py [9ms]
2023-09-04 16:11:55.701 [info] > git ls-files --stage -- /home/vymvn/dev/nfc-pi/main.py [2ms]
2023-09-04 16:11:55.711 [info] > git cat-file -s 4dddffe703079d4328cb7e20bfb0beb9e0b314c1 [2ms]
2023-09-04 16:12:28.052 [info] > git config --get commit.template [32ms]
2023-09-04 16:12:28.059 [info] > git for-each-ref --format=%(refname)%00%(upstream:short)%00%(objectname)%00%(upstream:track)%00%(upstream:remotename)%00%(upstream:remoteref) refs/heads/main refs/remotes/main [12ms]
2023-09-04 16:12:28.084 [info] > git status -z -uall [5ms]
2023-09-04 16:12:35.387 [info] > git show --textconv :main.py [24ms]
2023-09-04 16:12:35.393 [info] > git ls-files --stage -- /home/vymvn/dev/nfc-pi/main.py [6ms]
2023-09-04 16:12:35.413 [info] > git cat-file -s 4dddffe703079d4328cb7e20bfb0beb9e0b314c1 [3ms]
2023-09-04 16:14:43.239 [info] > git config --get commit.template [13ms]
2023-09-04 16:14:43.249 [info] > git for-each-ref --format=%(refname)%00%(upstream:short)%00%(objectname)%00%(upstream:track)%00%(upstream:remotename)%00%(upstream:remoteref) refs/heads/main refs/remotes/main [11ms]
2023-09-04 16:14:43.267 [info] > git status -z -uall [3ms]
2023-09-04 16:15:04.808 [info] > git config --get commit.template [3ms]
2023-09-04 16:15:04.833 [info] > git for-each-ref --format=%(refname)%00%(upstream:short)%00%(objectname)%00%(upstream:track)%00%(upstream:remotename)%00%(upstream:remoteref) refs/heads/main refs/remotes/main [5ms]
2023-09-04 16:15:04.854 [info] > git status -z -uall [4ms]
